[0.169s] Invoking command in '/home/jose/ws/ros2/src/ros2_babysteps/build/basics': CMAKE_PREFIX_PATH=${CMAKE_PREFIX_PATH}:/opt/ros/foxy /usr/bin/cmake --build /home/jose/ws/ros2/src/ros2_babysteps/build/basics -- -j8 -l8
[0.379s] [100%] Built target basic
[0.430s] Invoked command in '/home/jose/ws/ros2/src/ros2_babysteps/build/basics' returned '0': CMAKE_PREFIX_PATH=${CMAKE_PREFIX_PATH}:/opt/ros/foxy /usr/bin/cmake --build /home/jose/ws/ros2/src/ros2_babysteps/build/basics -- -j8 -l8
[0.527s] Invoking command in '/home/jose/ws/ros2/src/ros2_babysteps/build/basics': CMAKE_PREFIX_PATH=${CMAKE_PREFIX_PATH}:/opt/ros/foxy /usr/bin/cmake --install /home/jose/ws/ros2/src/ros2_babysteps/build/basics
[0.549s] -- Install configuration: ""
[0.551s] -- Up-to-date: /home/jose/ws/ros2/src/ros2_babysteps/install/basics/lib/basics/basic
[0.557s] -- Up-to-date: /home/jose/ws/ros2/src/ros2_babysteps/install/basics/share/ament_index/resource_index/package_run_dependencies/basics
[0.558s] -- Up-to-date: /home/jose/ws/ros2/src/ros2_babysteps/install/basics/share/ament_index/resource_index/parent_prefix_path/basics
[0.558s] -- Up-to-date: /home/jose/ws/ros2/src/ros2_babysteps/install/basics/share/basics/environment/ament_prefix_path.sh
[0.559s] -- Up-to-date: /home/jose/ws/ros2/src/ros2_babysteps/install/basics/share/basics/environment/ament_prefix_path.dsv
[0.559s] -- Up-to-date: /home/jose/ws/ros2/src/ros2_babysteps/install/basics/share/basics/environment/path.sh
[0.559s] -- Up-to-date: /home/jose/ws/ros2/src/ros2_babysteps/install/basics/share/basics/environment/path.dsv
[0.559s] -- Up-to-date: /home/jose/ws/ros2/src/ros2_babysteps/install/basics/share/basics/local_setup.bash
[0.560s] -- Up-to-date: /home/jose/ws/ros2/src/ros2_babysteps/install/basics/share/basics/local_setup.sh
[0.561s] -- Up-to-date: /home/jose/ws/ros2/src/ros2_babysteps/install/basics/share/basics/local_setup.zsh
[0.562s] -- Up-to-date: /home/jose/ws/ros2/src/ros2_babysteps/install/basics/share/basics/local_setup.dsv
[0.563s] -- Installing: /home/jose/ws/ros2/src/ros2_babysteps/install/basics/share/basics/package.dsv
[0.565s] -- Up-to-date: /home/jose/ws/ros2/src/ros2_babysteps/install/basics/share/ament_index/resource_index/packages/basics
[0.567s] -- Up-to-date: /home/jose/ws/ros2/src/ros2_babysteps/install/basics/share/basics/cmake/ament_cmake_export_dependencies-extras.cmake
[0.567s] -- Up-to-date: /home/jose/ws/ros2/src/ros2_babysteps/install/basics/share/basics/cmake/basicsConfig.cmake
[0.568s] -- Up-to-date: /home/jose/ws/ros2/src/ros2_babysteps/install/basics/share/basics/cmake/basicsConfig-version.cmake
[0.574s] -- Up-to-date: /home/jose/ws/ros2/src/ros2_babysteps/install/basics/share/basics/package.xml
[0.602s] Invoked command in '/home/jose/ws/ros2/src/ros2_babysteps/build/basics' returned '0': CMAKE_PREFIX_PATH=${CMAKE_PREFIX_PATH}:/opt/ros/foxy /usr/bin/cmake --install /home/jose/ws/ros2/src/ros2_babysteps/build/basics
