[0.092s] Invoking command in '/home/jose/ws/ros2/src/ros2_babysteps/build/cpp_pubsub': CMAKE_PREFIX_PATH=${CMAKE_PREFIX_PATH}:/opt/ros/foxy /usr/bin/cmake /home/jose/ws/ros2/src/ros2_babysteps/cpp_pubsub -DCMAKE_INSTALL_PREFIX=/home/jose/ws/ros2/src/ros2_babysteps/install/cpp_pubsub
[1.587s] -- The C compiler identification is GNU 9.4.0
[3.308s] -- The CXX compiler identification is GNU 9.4.0
[4.178s] -- Check for working C compiler: /usr/bin/cc
[4.938s] -- Check for working C compiler: /usr/bin/cc -- works
[4.941s] -- Detecting C compiler ABI info
[5.574s] -- Detecting C compiler ABI info - done
[5.604s] -- Detecting C compile features
[5.606s] -- Detecting C compile features - done
[5.613s] -- Check for working CXX compiler: /usr/bin/c++
[6.433s] -- Check for working CXX compiler: /usr/bin/c++ -- works
[6.435s] -- Detecting CXX compiler ABI info
[7.473s] -- Detecting CXX compiler ABI info - done
[7.502s] -- Detecting CXX compile features
[7.503s] -- Detecting CXX compile features - done
[7.509s] -- Found ament_cmake: 0.9.11 (/opt/ros/foxy/share/ament_cmake/cmake)
[7.599s] -- Found PythonInterp: /usr/bin/python3 (found suitable version "3.8.10", minimum required is "3") 
[7.600s] -- Using PYTHON_EXECUTABLE: /usr/bin/python3
[8.593s] -- Found rclcpp: 2.4.2 (/opt/ros/foxy/share/rclcpp/cmake)
[9.759s] -- Using all available rosidl_typesupport_c: rosidl_typesupport_fastrtps_c;rosidl_typesupport_introspection_c
[9.795s] -- Found rosidl_adapter: 1.3.0 (/opt/ros/foxy/share/rosidl_adapter/cmake)
[17.098s] -- Found OpenSSL: /usr/lib/x86_64-linux-gnu/libcrypto.so (found version "1.1.1f")  
[21.054s] -- Found FastRTPS: /opt/ros/foxy/include  
[27.761s] -- Using all available rosidl_typesupport_cpp: rosidl_typesupport_fastrtps_cpp;rosidl_typesupport_introspection_cpp
[27.954s] -- Found rmw_implementation_cmake: 1.0.3 (/opt/ros/foxy/share/rmw_implementation_cmake/cmake)
[27.962s] -- Using RMW implementation 'rmw_fastrtps_cpp' as default
[27.968s] -- Looking for pthread.h
[28.562s] -- Looking for pthread.h - found
[28.563s] -- Performing Test CMAKE_HAVE_LIBC_PTHREAD
[29.157s] -- Performing Test CMAKE_HAVE_LIBC_PTHREAD - Failed
[29.157s] -- Looking for pthread_create in pthreads
[29.743s] -- Looking for pthread_create in pthreads - not found
[29.744s] -- Looking for pthread_create in pthread
[30.342s] -- Looking for pthread_create in pthread - found
[30.345s] -- Found Threads: TRUE  
[30.766s] -- Found ament_lint_auto: 0.9.7 (/opt/ros/foxy/share/ament_lint_auto/cmake)
[30.969s] -- Added test 'copyright' to check source files copyright and LICENSE
[30.973s] -- Added test 'cppcheck' to perform static code analysis on C / C++ code
[30.973s] -- Configured cppcheck include dirs: 
[30.973s] -- Configured cppcheck exclude dirs and/or files: 
[30.977s] -- Added test 'cpplint' to check C / C++ code against the Google style
[30.977s] -- Configured cpplint exclude dirs and/or files: 
[30.979s] -- Added test 'lint_cmake' to check CMake code style
[30.983s] -- Added test 'uncrustify' to check C / C++ code style
[30.983s] -- Configured uncrustify additional arguments: 
[30.984s] -- Added test 'xmllint' to check XML markup files
[30.990s] -- Configuring done
[31.009s] -- Generating done
[31.013s] -- Build files have been written to: /home/jose/ws/ros2/src/ros2_babysteps/build/cpp_pubsub
[31.046s] Invoked command in '/home/jose/ws/ros2/src/ros2_babysteps/build/cpp_pubsub' returned '0': CMAKE_PREFIX_PATH=${CMAKE_PREFIX_PATH}:/opt/ros/foxy /usr/bin/cmake /home/jose/ws/ros2/src/ros2_babysteps/cpp_pubsub -DCMAKE_INSTALL_PREFIX=/home/jose/ws/ros2/src/ros2_babysteps/install/cpp_pubsub
[31.053s] Invoking command in '/home/jose/ws/ros2/src/ros2_babysteps/build/cpp_pubsub': CMAKE_PREFIX_PATH=${CMAKE_PREFIX_PATH}:/opt/ros/foxy /usr/bin/cmake --build /home/jose/ws/ros2/src/ros2_babysteps/build/cpp_pubsub -- -j8 -l8
[31.133s] [35m[1mScanning dependencies of target talker[0m
[31.436s] [ 50%] [32mBuilding CXX object CMakeFiles/talker.dir/src/publisher_member_function.cpp.o[0m
[40.835s] [100%] [32m[1mLinking CXX executable talker[0m
[41.687s] [100%] Built target talker
[41.708s] Invoked command in '/home/jose/ws/ros2/src/ros2_babysteps/build/cpp_pubsub' returned '0': CMAKE_PREFIX_PATH=${CMAKE_PREFIX_PATH}:/opt/ros/foxy /usr/bin/cmake --build /home/jose/ws/ros2/src/ros2_babysteps/build/cpp_pubsub -- -j8 -l8
[41.755s] Invoking command in '/home/jose/ws/ros2/src/ros2_babysteps/build/cpp_pubsub': CMAKE_PREFIX_PATH=${CMAKE_PREFIX_PATH}:/opt/ros/foxy /usr/bin/cmake --install /home/jose/ws/ros2/src/ros2_babysteps/build/cpp_pubsub
[41.767s] -- Install configuration: ""
[41.768s] -- Installing: /home/jose/ws/ros2/src/ros2_babysteps/install/cpp_pubsub/lib/cpp_pubsub/talker
[41.768s] -- Set runtime path of "/home/jose/ws/ros2/src/ros2_babysteps/install/cpp_pubsub/lib/cpp_pubsub/talker" to ""
[41.769s] -- Installing: /home/jose/ws/ros2/src/ros2_babysteps/install/cpp_pubsub/share/ament_index/resource_index/package_run_dependencies/cpp_pubsub
[41.770s] -- Installing: /home/jose/ws/ros2/src/ros2_babysteps/install/cpp_pubsub/share/ament_index/resource_index/parent_prefix_path/cpp_pubsub
[41.770s] -- Installing: /home/jose/ws/ros2/src/ros2_babysteps/install/cpp_pubsub/share/cpp_pubsub/environment/ament_prefix_path.sh
[41.771s] -- Installing: /home/jose/ws/ros2/src/ros2_babysteps/install/cpp_pubsub/share/cpp_pubsub/environment/ament_prefix_path.dsv
[41.771s] -- Installing: /home/jose/ws/ros2/src/ros2_babysteps/install/cpp_pubsub/share/cpp_pubsub/environment/path.sh
[41.772s] -- Installing: /home/jose/ws/ros2/src/ros2_babysteps/install/cpp_pubsub/share/cpp_pubsub/environment/path.dsv
[41.772s] -- Installing: /home/jose/ws/ros2/src/ros2_babysteps/install/cpp_pubsub/share/cpp_pubsub/local_setup.bash
[41.772s] -- Installing: /home/jose/ws/ros2/src/ros2_babysteps/install/cpp_pubsub/share/cpp_pubsub/local_setup.sh
[41.773s] -- Installing: /home/jose/ws/ros2/src/ros2_babysteps/install/cpp_pubsub/share/cpp_pubsub/local_setup.zsh
[41.773s] -- Installing: /home/jose/ws/ros2/src/ros2_babysteps/install/cpp_pubsub/share/cpp_pubsub/local_setup.dsv
[41.774s] -- Installing: /home/jose/ws/ros2/src/ros2_babysteps/install/cpp_pubsub/share/cpp_pubsub/package.dsv
[41.774s] -- Installing: /home/jose/ws/ros2/src/ros2_babysteps/install/cpp_pubsub/share/ament_index/resource_index/packages/cpp_pubsub
[41.775s] -- Installing: /home/jose/ws/ros2/src/ros2_babysteps/install/cpp_pubsub/share/cpp_pubsub/cmake/cpp_pubsubConfig.cmake
[41.776s] -- Installing: /home/jose/ws/ros2/src/ros2_babysteps/install/cpp_pubsub/share/cpp_pubsub/cmake/cpp_pubsubConfig-version.cmake
[41.776s] -- Installing: /home/jose/ws/ros2/src/ros2_babysteps/install/cpp_pubsub/share/cpp_pubsub/package.xml
[41.784s] Invoked command in '/home/jose/ws/ros2/src/ros2_babysteps/build/cpp_pubsub' returned '0': CMAKE_PREFIX_PATH=${CMAKE_PREFIX_PATH}:/opt/ros/foxy /usr/bin/cmake --install /home/jose/ws/ros2/src/ros2_babysteps/build/cpp_pubsub
