[0.142s] Invoking command in '/home/jose/ws/ros2/src/ros2_babysteps/build/basics': CMAKE_PREFIX_PATH=${CMAKE_PREFIX_PATH}:/opt/ros/foxy /usr/bin/cmake --build /home/jose/ws/ros2/src/ros2_babysteps/build/basics -- -j8 -l8
[0.287s] [100%] Built target basic
[0.318s] Invoked command in '/home/jose/ws/ros2/src/ros2_babysteps/build/basics' returned '0': CMAKE_PREFIX_PATH=${CMAKE_PREFIX_PATH}:/opt/ros/foxy /usr/bin/cmake --build /home/jose/ws/ros2/src/ros2_babysteps/build/basics -- -j8 -l8
[0.403s] Invoking command in '/home/jose/ws/ros2/src/ros2_babysteps/build/basics': CMAKE_PREFIX_PATH=${CMAKE_PREFIX_PATH}:/opt/ros/foxy /usr/bin/cmake --install /home/jose/ws/ros2/src/ros2_babysteps/build/basics
[0.433s] -- Install configuration: ""
[0.437s] -- Up-to-date: /home/jose/ws/ros2/src/ros2_babysteps/install/basics/lib/basics/basic
[0.444s] -- Up-to-date: /home/jose/ws/ros2/src/ros2_babysteps/install/basics/share/ament_index/resource_index/package_run_dependencies/basics
[0.445s] -- Up-to-date: /home/jose/ws/ros2/src/ros2_babysteps/install/basics/share/ament_index/resource_index/parent_prefix_path/basics
[0.451s] -- Up-to-date: /home/jose/ws/ros2/src/ros2_babysteps/install/basics/share/basics/environment/ament_prefix_path.sh
[0.452s] -- Up-to-date: /home/jose/ws/ros2/src/ros2_babysteps/install/basics/share/basics/environment/ament_prefix_path.dsv
[0.452s] -- Up-to-date: /home/jose/ws/ros2/src/ros2_babysteps/install/basics/share/basics/environment/path.sh
[0.453s] -- Up-to-date: /home/jose/ws/ros2/src/ros2_babysteps/install/basics/share/basics/environment/path.dsv
[0.453s] -- Up-to-date: /home/jose/ws/ros2/src/ros2_babysteps/install/basics/share/basics/local_setup.bash
[0.454s] -- Up-to-date: /home/jose/ws/ros2/src/ros2_babysteps/install/basics/share/basics/local_setup.sh
[0.454s] -- Up-to-date: /home/jose/ws/ros2/src/ros2_babysteps/install/basics/share/basics/local_setup.zsh
[0.454s] -- Up-to-date: /home/jose/ws/ros2/src/ros2_babysteps/install/basics/share/basics/local_setup.dsv
[0.455s] -- Installing: /home/jose/ws/ros2/src/ros2_babysteps/install/basics/share/basics/package.dsv
[0.455s] -- Up-to-date: /home/jose/ws/ros2/src/ros2_babysteps/install/basics/share/ament_index/resource_index/packages/basics
[0.456s] -- Up-to-date: /home/jose/ws/ros2/src/ros2_babysteps/install/basics/share/basics/cmake/ament_cmake_export_dependencies-extras.cmake
[0.458s] -- Up-to-date: /home/jose/ws/ros2/src/ros2_babysteps/install/basics/share/basics/cmake/basicsConfig.cmake
[0.459s] -- Up-to-date: /home/jose/ws/ros2/src/ros2_babysteps/install/basics/share/basics/cmake/basicsConfig-version.cmake
[0.460s] -- Up-to-date: /home/jose/ws/ros2/src/ros2_babysteps/install/basics/share/basics/package.xml
[0.464s] Invoked command in '/home/jose/ws/ros2/src/ros2_babysteps/build/basics' returned '0': CMAKE_PREFIX_PATH=${CMAKE_PREFIX_PATH}:/opt/ros/foxy /usr/bin/cmake --install /home/jose/ws/ros2/src/ros2_babysteps/build/basics
