[0.120s] Invoking command in '/home/jose/ws/ros2/src/ros2_babysteps/build/br2_basics': CMAKE_PREFIX_PATH=${CMAKE_PREFIX_PATH}:/opt/ros/foxy /usr/bin/cmake --build /home/jose/ws/ros2/src/ros2_babysteps/build/br2_basics -- -j8 -l8
[0.212s] [35m[1mScanning dependencies of target logger[0m
[0.274s] [ 50%] [32mBuilding CXX object CMakeFiles/logger.dir/src/logger.cpp.o[0m
[3.152s] [01m[K/home/jose/ws/ros2/src/ros2_babysteps/br2_basics/src/logger.cpp:[m[K In function ‘[01m[Kint main(int, char**)[m[K’:
[3.153s] [01m[K/home/jose/ws/ros2/src/ros2_babysteps/br2_basics/src/logger.cpp:4:14:[m[K [01;35m[Kwarning: [m[Kunused parameter ‘[01m[Kargc[m[K’ [[01;35m[K-Wunused-parameter[m[K]
[3.153s]     4 | int main([01;35m[Kint argc[m[K, char** argv){
[3.153s]       |          [01;35m[K~~~~^~~~[m[K
[3.153s] [01m[K/home/jose/ws/ros2/src/ros2_babysteps/br2_basics/src/logger.cpp:4:27:[m[K [01;35m[Kwarning: [m[Kunused parameter ‘[01m[Kargv[m[K’ [[01;35m[K-Wunused-parameter[m[K]
[3.153s]     4 | int main(int argc, [01;35m[Kchar** argv[m[K){
[3.153s]       |                    [01;35m[K~~~~~~~^~~~[m[K
[4.303s] [100%] [32m[1mLinking CXX executable logger[0m
[5.269s] [100%] Built target logger
[5.300s] Invoked command in '/home/jose/ws/ros2/src/ros2_babysteps/build/br2_basics' returned '0': CMAKE_PREFIX_PATH=${CMAKE_PREFIX_PATH}:/opt/ros/foxy /usr/bin/cmake --build /home/jose/ws/ros2/src/ros2_babysteps/build/br2_basics -- -j8 -l8
[5.357s] Invoking command in '/home/jose/ws/ros2/src/ros2_babysteps/build/br2_basics': CMAKE_PREFIX_PATH=${CMAKE_PREFIX_PATH}:/opt/ros/foxy /usr/bin/cmake --install /home/jose/ws/ros2/src/ros2_babysteps/build/br2_basics
[5.376s] -- Install configuration: ""
[5.377s] -- Installing: /home/jose/ws/ros2/src/ros2_babysteps/install/br2_basics/lib/br2_basics/logger
[5.377s] -- Set runtime path of "/home/jose/ws/ros2/src/ros2_babysteps/install/br2_basics/lib/br2_basics/logger" to ""
[5.379s] -- Installing: /home/jose/ws/ros2/src/ros2_babysteps/install/br2_basics/share/ament_index/resource_index/package_run_dependencies/br2_basics
[5.379s] -- Installing: /home/jose/ws/ros2/src/ros2_babysteps/install/br2_basics/share/ament_index/resource_index/parent_prefix_path/br2_basics
[5.380s] -- Installing: /home/jose/ws/ros2/src/ros2_babysteps/install/br2_basics/share/br2_basics/environment/ament_prefix_path.sh
[5.381s] -- Installing: /home/jose/ws/ros2/src/ros2_babysteps/install/br2_basics/share/br2_basics/environment/ament_prefix_path.dsv
[5.381s] -- Installing: /home/jose/ws/ros2/src/ros2_babysteps/install/br2_basics/share/br2_basics/environment/path.sh
[5.382s] -- Installing: /home/jose/ws/ros2/src/ros2_babysteps/install/br2_basics/share/br2_basics/environment/path.dsv
[5.382s] -- Installing: /home/jose/ws/ros2/src/ros2_babysteps/install/br2_basics/share/br2_basics/local_setup.bash
[5.383s] -- Installing: /home/jose/ws/ros2/src/ros2_babysteps/install/br2_basics/share/br2_basics/local_setup.sh
[5.384s] -- Installing: /home/jose/ws/ros2/src/ros2_babysteps/install/br2_basics/share/br2_basics/local_setup.zsh
[5.384s] -- Installing: /home/jose/ws/ros2/src/ros2_babysteps/install/br2_basics/share/br2_basics/local_setup.dsv
[5.385s] -- Installing: /home/jose/ws/ros2/src/ros2_babysteps/install/br2_basics/share/br2_basics/package.dsv
[5.386s] -- Installing: /home/jose/ws/ros2/src/ros2_babysteps/install/br2_basics/share/ament_index/resource_index/packages/br2_basics
[5.387s] -- Installing: /home/jose/ws/ros2/src/ros2_babysteps/install/br2_basics/share/br2_basics/cmake/br2_basicsConfig.cmake
[5.387s] -- Installing: /home/jose/ws/ros2/src/ros2_babysteps/install/br2_basics/share/br2_basics/cmake/br2_basicsConfig-version.cmake
[5.388s] -- Installing: /home/jose/ws/ros2/src/ros2_babysteps/install/br2_basics/share/br2_basics/package.xml
[5.398s] Invoked command in '/home/jose/ws/ros2/src/ros2_babysteps/build/br2_basics' returned '0': CMAKE_PREFIX_PATH=${CMAKE_PREFIX_PATH}:/opt/ros/foxy /usr/bin/cmake --install /home/jose/ws/ros2/src/ros2_babysteps/build/br2_basics
