[0.124s] Invoking command in '/home/jose/ws/ros2/src/ros2_babysteps/build/basics': CMAKE_PREFIX_PATH=${CMAKE_PREFIX_PATH}:/opt/ros/foxy /usr/bin/cmake /home/jose/ws/ros2/src/ros2_babysteps/basics -DCMAKE_INSTALL_PREFIX=/home/jose/ws/ros2/src/ros2_babysteps/install/basics
[1.666s] -- The C compiler identification is GNU 9.4.0
[3.466s] -- The CXX compiler identification is GNU 9.4.0
[4.577s] -- Check for working C compiler: /usr/bin/cc
[5.395s] -- Check for working C compiler: /usr/bin/cc -- works
[5.397s] -- Detecting C compiler ABI info
[6.352s] -- Detecting C compiler ABI info - done
[6.414s] -- Detecting C compile features
[6.415s] -- Detecting C compile features - done
[6.426s] -- Check for working CXX compiler: /usr/bin/c++
[7.477s] -- Check for working CXX compiler: /usr/bin/c++ -- works
[7.479s] -- Detecting CXX compiler ABI info
[8.416s] -- Detecting CXX compiler ABI info - done
[8.450s] -- Detecting CXX compile features
[8.451s] -- Detecting CXX compile features - done
[8.457s] -- Found ament_cmake: 0.9.11 (/opt/ros/foxy/share/ament_cmake/cmake)
[8.534s] -- Found PythonInterp: /usr/bin/python3 (found suitable version "3.8.10", minimum required is "3") 
[8.534s] -- Using PYTHON_EXECUTABLE: /usr/bin/python3
[9.402s] -- Found rclcpp: 2.4.2 (/opt/ros/foxy/share/rclcpp/cmake)
[10.553s] -- Using all available rosidl_typesupport_c: rosidl_typesupport_fastrtps_c;rosidl_typesupport_introspection_c
[10.573s] -- Found rosidl_adapter: 1.3.0 (/opt/ros/foxy/share/rosidl_adapter/cmake)
[17.174s] -- Found OpenSSL: /usr/lib/x86_64-linux-gnu/libcrypto.so (found version "1.1.1f")  
[21.129s] -- Found FastRTPS: /opt/ros/foxy/include  
[27.837s] -- Using all available rosidl_typesupport_cpp: rosidl_typesupport_fastrtps_cpp;rosidl_typesupport_introspection_cpp
[28.029s] -- Found rmw_implementation_cmake: 1.0.3 (/opt/ros/foxy/share/rmw_implementation_cmake/cmake)
[28.038s] -- Using RMW implementation 'rmw_fastrtps_cpp' as default
[28.044s] -- Looking for pthread.h
[28.639s] -- Looking for pthread.h - found
[28.639s] -- Performing Test CMAKE_HAVE_LIBC_PTHREAD
[29.236s] -- Performing Test CMAKE_HAVE_LIBC_PTHREAD - Failed
[29.236s] -- Looking for pthread_create in pthreads
[29.819s] -- Looking for pthread_create in pthreads - not found
[29.820s] -- Looking for pthread_create in pthread
[30.432s] -- Looking for pthread_create in pthread - found
[30.435s] -- Found Threads: TRUE  
[30.848s] -- Found ament_lint_auto: 0.9.7 (/opt/ros/foxy/share/ament_lint_auto/cmake)
[31.054s] -- Added test 'copyright' to check source files copyright and LICENSE
[31.057s] -- Added test 'cppcheck' to perform static code analysis on C / C++ code
[31.058s] -- Configured cppcheck include dirs: 
[31.058s] -- Configured cppcheck exclude dirs and/or files: 
[31.061s] -- Added test 'cpplint' to check C / C++ code against the Google style
[31.061s] -- Configured cpplint exclude dirs and/or files: 
[31.063s] -- Added test 'lint_cmake' to check CMake code style
[31.065s] -- Added test 'uncrustify' to check C / C++ code style
[31.066s] -- Configured uncrustify additional arguments: 
[31.068s] -- Added test 'xmllint' to check XML markup files
[31.082s] -- Configuring done
[31.104s] -- Generating done
[31.110s] -- Build files have been written to: /home/jose/ws/ros2/src/ros2_babysteps/build/basics
[31.143s] Invoked command in '/home/jose/ws/ros2/src/ros2_babysteps/build/basics' returned '0': CMAKE_PREFIX_PATH=${CMAKE_PREFIX_PATH}:/opt/ros/foxy /usr/bin/cmake /home/jose/ws/ros2/src/ros2_babysteps/basics -DCMAKE_INSTALL_PREFIX=/home/jose/ws/ros2/src/ros2_babysteps/install/basics
[31.151s] Invoking command in '/home/jose/ws/ros2/src/ros2_babysteps/build/basics': CMAKE_PREFIX_PATH=${CMAKE_PREFIX_PATH}:/opt/ros/foxy /usr/bin/cmake --build /home/jose/ws/ros2/src/ros2_babysteps/build/basics -- -j8 -l8
[31.231s] [35m[1mScanning dependencies of target basic[0m
[31.513s] [ 50%] [32mBuilding CXX object CMakeFiles/basic.dir/src/simple.cpp.o[0m
[36.395s] [100%] [32m[1mLinking CXX executable basic[0m
[37.476s] [100%] Built target basic
[37.504s] Invoked command in '/home/jose/ws/ros2/src/ros2_babysteps/build/basics' returned '0': CMAKE_PREFIX_PATH=${CMAKE_PREFIX_PATH}:/opt/ros/foxy /usr/bin/cmake --build /home/jose/ws/ros2/src/ros2_babysteps/build/basics -- -j8 -l8
[37.573s] Invoking command in '/home/jose/ws/ros2/src/ros2_babysteps/build/basics': CMAKE_PREFIX_PATH=${CMAKE_PREFIX_PATH}:/opt/ros/foxy /usr/bin/cmake --install /home/jose/ws/ros2/src/ros2_babysteps/build/basics
[37.595s] -- Install configuration: ""
[37.596s] -- Installing: /home/jose/ws/ros2/src/ros2_babysteps/install/basics/lib/basics/basic
[37.597s] -- Set runtime path of "/home/jose/ws/ros2/src/ros2_babysteps/install/basics/lib/basics/basic" to ""
[37.598s] -- Installing: /home/jose/ws/ros2/src/ros2_babysteps/install/basics/share/ament_index/resource_index/package_run_dependencies/basics
[37.602s] -- Installing: /home/jose/ws/ros2/src/ros2_babysteps/install/basics/share/ament_index/resource_index/parent_prefix_path/basics
[37.621s] -- Installing: /home/jose/ws/ros2/src/ros2_babysteps/install/basics/share/basics/environment/ament_prefix_path.sh
[37.623s] -- Installing: /home/jose/ws/ros2/src/ros2_babysteps/install/basics/share/basics/environment/ament_prefix_path.dsv
[37.624s] -- Installing: /home/jose/ws/ros2/src/ros2_babysteps/install/basics/share/basics/environment/path.sh
[37.624s] -- Installing: /home/jose/ws/ros2/src/ros2_babysteps/install/basics/share/basics/environment/path.dsv
[37.625s] -- Installing: /home/jose/ws/ros2/src/ros2_babysteps/install/basics/share/basics/local_setup.bash
[37.626s] -- Installing: /home/jose/ws/ros2/src/ros2_babysteps/install/basics/share/basics/local_setup.sh
[37.627s] -- Installing: /home/jose/ws/ros2/src/ros2_babysteps/install/basics/share/basics/local_setup.zsh
[37.628s] -- Installing: /home/jose/ws/ros2/src/ros2_babysteps/install/basics/share/basics/local_setup.dsv
[37.629s] -- Installing: /home/jose/ws/ros2/src/ros2_babysteps/install/basics/share/basics/package.dsv
[37.630s] -- Installing: /home/jose/ws/ros2/src/ros2_babysteps/install/basics/share/ament_index/resource_index/packages/basics
[37.630s] -- Installing: /home/jose/ws/ros2/src/ros2_babysteps/install/basics/share/basics/cmake/ament_cmake_export_dependencies-extras.cmake
[37.631s] -- Installing: /home/jose/ws/ros2/src/ros2_babysteps/install/basics/share/basics/cmake/basicsConfig.cmake
[37.631s] -- Installing: /home/jose/ws/ros2/src/ros2_babysteps/install/basics/share/basics/cmake/basicsConfig-version.cmake
[37.631s] -- Installing: /home/jose/ws/ros2/src/ros2_babysteps/install/basics/share/basics/package.xml
[37.632s] Invoked command in '/home/jose/ws/ros2/src/ros2_babysteps/build/basics' returned '0': CMAKE_PREFIX_PATH=${CMAKE_PREFIX_PATH}:/opt/ros/foxy /usr/bin/cmake --install /home/jose/ws/ros2/src/ros2_babysteps/build/basics
