[0.101s] Invoking command in '/home/jose/ws/ros2/src/ros2_babysteps/build/br2_basics': CMAKE_PREFIX_PATH=${CMAKE_PREFIX_PATH}:/opt/ros/foxy /usr/bin/cmake /home/jose/ws/ros2/src/ros2_babysteps/br2_basics -DCMAKE_INSTALL_PREFIX=/home/jose/ws/ros2/src/ros2_babysteps/install/br2_basics
[1.715s] -- The C compiler identification is GNU 9.4.0
[3.729s] -- The CXX compiler identification is GNU 9.4.0
[4.849s] -- Check for working C compiler: /usr/bin/cc
[5.640s] -- Check for working C compiler: /usr/bin/cc -- works
[5.642s] -- Detecting C compiler ABI info
[6.605s] -- Detecting C compiler ABI info - done
[6.634s] -- Detecting C compile features
[6.634s] -- Detecting C compile features - done
[6.646s] -- Check for working CXX compiler: /usr/bin/c++
[7.704s] -- Check for working CXX compiler: /usr/bin/c++ -- works
[7.708s] -- Detecting CXX compiler ABI info
[8.608s] -- Detecting CXX compiler ABI info - done
[8.635s] -- Detecting CXX compile features
[8.639s] -- Detecting CXX compile features - done
[8.644s] -- Found ament_cmake: 0.9.11 (/opt/ros/foxy/share/ament_cmake/cmake)
[8.703s] -- Found PythonInterp: /usr/bin/python3 (found suitable version "3.8.10", minimum required is "3") 
[8.703s] -- Using PYTHON_EXECUTABLE: /usr/bin/python3
[9.580s] -- Found rclcpp: 2.4.2 (/opt/ros/foxy/share/rclcpp/cmake)
[10.793s] -- Using all available rosidl_typesupport_c: rosidl_typesupport_fastrtps_c;rosidl_typesupport_introspection_c
[10.810s] -- Found rosidl_adapter: 1.3.0 (/opt/ros/foxy/share/rosidl_adapter/cmake)
[18.316s] -- Found OpenSSL: /usr/lib/x86_64-linux-gnu/libcrypto.so (found version "1.1.1f")  
[25.405s] -- Found FastRTPS: /opt/ros/foxy/include  
[38.274s] -- Using all available rosidl_typesupport_cpp: rosidl_typesupport_fastrtps_cpp;rosidl_typesupport_introspection_cpp
[38.402s] -- Found rmw_implementation_cmake: 1.0.3 (/opt/ros/foxy/share/rmw_implementation_cmake/cmake)
[38.405s] -- Using RMW implementation 'rmw_fastrtps_cpp' as default
[38.407s] -- Looking for pthread.h
[39.144s] -- Looking for pthread.h - found
[39.145s] -- Performing Test CMAKE_HAVE_LIBC_PTHREAD
[39.920s] -- Performing Test CMAKE_HAVE_LIBC_PTHREAD - Failed
[39.920s] -- Looking for pthread_create in pthreads
[40.644s] -- Looking for pthread_create in pthreads - not found
[40.644s] -- Looking for pthread_create in pthread
[41.337s] -- Looking for pthread_create in pthread - found
[41.340s] -- Found Threads: TRUE  
[41.662s] -- Found rclpy: 1.0.11 (/opt/ros/foxy/share/rclpy/cmake)
[41.665s] CMake Error at CMakeLists.txt:30 (install):
[41.665s]   install TARGETS given target "basic" which does not exist.
[41.665s] 
[41.665s] 
[41.668s] -- Found ament_lint_auto: 0.9.7 (/opt/ros/foxy/share/ament_lint_auto/cmake)
[41.822s] -- Added test 'copyright' to check source files copyright and LICENSE
[41.822s] -- Added test 'cppcheck' to perform static code analysis on C / C++ code
[41.823s] -- Configured cppcheck include dirs: 
[41.824s] -- Configured cppcheck exclude dirs and/or files: 
[41.824s] -- Added test 'cpplint' to check C / C++ code against the Google style
[41.825s] -- Configured cpplint exclude dirs and/or files: 
[41.826s] -- Added test 'flake8' to check Python code syntax and style conventions
[41.829s] -- Added test 'lint_cmake' to check CMake code style
[41.830s] -- Added test 'pep257' to check Python code against some of the style conventions in PEP 257
[41.834s] -- Added test 'uncrustify' to check C / C++ code style
[41.835s] -- Configured uncrustify additional arguments: 
[41.836s] -- Added test 'xmllint' to check XML markup files
[41.842s] -- Configuring incomplete, errors occurred!
[41.843s] See also "/home/jose/ws/ros2/src/ros2_babysteps/build/br2_basics/CMakeFiles/CMakeOutput.log".
[41.843s] See also "/home/jose/ws/ros2/src/ros2_babysteps/build/br2_basics/CMakeFiles/CMakeError.log".
[41.864s] Invoked command in '/home/jose/ws/ros2/src/ros2_babysteps/build/br2_basics' returned '1': CMAKE_PREFIX_PATH=${CMAKE_PREFIX_PATH}:/opt/ros/foxy /usr/bin/cmake /home/jose/ws/ros2/src/ros2_babysteps/br2_basics -DCMAKE_INSTALL_PREFIX=/home/jose/ws/ros2/src/ros2_babysteps/install/br2_basics
