[1.890s] DEBUG:colcon:Command line arguments: ['/usr/bin/colcon', 'build']
[1.890s] DEBUG:colcon:Parsed command line arguments: Namespace(allow_overriding=[], ament_cmake_args=None, base_paths=['.'], build_base='build', catkin_cmake_args=None, catkin_skip_building_tests=False, cmake_args=None, cmake_clean_cache=False, cmake_clean_first=False, cmake_force_configure=False, cmake_target=None, cmake_target_skip_unavailable=False, continue_on_error=False, event_handlers=None, executor='parallel', ignore_user_meta=False, install_base='install', log_base=None, log_level=None, main=<bound method BuildVerb.main of <colcon_core.verb.build.BuildVerb object at 0x7fd9d8f77580>>, merge_install=False, metas=['./colcon.meta'], packages_above=None, packages_above_and_dependencies=None, packages_above_depth=None, packages_end=None, packages_ignore=None, packages_ignore_regex=None, packages_select=None, packages_select_build_failed=False, packages_select_by_dep=None, packages_select_regex=None, packages_select_test_failures=False, packages_skip=None, packages_skip_build_finished=False, packages_skip_by_dep=None, packages_skip_regex=None, packages_skip_test_passed=False, packages_skip_up_to=None, packages_start=None, packages_up_to=None, packages_up_to_regex=None, parallel_workers=8, paths=None, symlink_install=False, test_result_base=None, verb_extension=<colcon_core.verb.build.BuildVerb object at 0x7fd9d8f77580>, verb_name='build', verb_parser=<colcon_defaults.argument_parser.defaults.DefaultArgumentsDecorator object at 0x7fd9d8ef2040>)
[2.011s] Level 1:colcon.colcon_core.package_discovery:discover_packages(colcon_meta) check parameters
[2.012s] Level 1:colcon.colcon_core.package_discovery:discover_packages(recursive) check parameters
[2.012s] Level 1:colcon.colcon_core.package_discovery:discover_packages(ignore) check parameters
[2.012s] Level 1:colcon.colcon_core.package_discovery:discover_packages(path) check parameters
[2.012s] Level 1:colcon.colcon_core.package_discovery:discover_packages(colcon_meta) discover
[2.012s] Level 1:colcon.colcon_core.package_discovery:discover_packages(recursive) discover
[2.012s] INFO:colcon.colcon_core.package_discovery:Crawling recursively for packages in '/home/jose/ws/ros2/src/ros2_babysteps'
[2.012s] Level 1:colcon.colcon_core.package_identification:_identify(.) by extensions ['ignore', 'ignore_ament_install']
[2.012s] Level 1:colcon.colcon_core.package_identification:_identify(.) by extension 'ignore'
[2.012s] Level 1:colcon.colcon_core.package_identification:_identify(.) by extension 'ignore_ament_install'
[2.013s] Level 1:colcon.colcon_core.package_identification:_identify(.) by extensions ['colcon_pkg']
[2.013s] Level 1:colcon.colcon_core.package_identification:_identify(.) by extension 'colcon_pkg'
[2.013s] Level 1:colcon.colcon_core.package_identification:_identify(.) by extensions ['colcon_meta']
[2.013s] Level 1:colcon.colcon_core.package_identification:_identify(.) by extension 'colcon_meta'
[2.013s] Level 1:colcon.colcon_core.package_identification:_identify(.) by extensions ['ros']
[2.013s] Level 1:colcon.colcon_core.package_identification:_identify(.) by extension 'ros'
[2.036s] Level 1:colcon.colcon_core.package_identification:_identify(.) by extensions ['cmake', 'python']
[2.037s] Level 1:colcon.colcon_core.package_identification:_identify(.) by extension 'cmake'
[2.037s] Level 1:colcon.colcon_core.package_identification:_identify(.) by extension 'python'
[2.037s] Level 1:colcon.colcon_core.package_identification:_identify(.) by extensions ['python_setup_py']
[2.037s] Level 1:colcon.colcon_core.package_identification:_identify(.) by extension 'python_setup_py'
[2.037s] Level 1:colcon.colcon_core.package_identification:_identify(basics) by extensions ['ignore', 'ignore_ament_install']
[2.037s] Level 1:colcon.colcon_core.package_identification:_identify(basics) by extension 'ignore'
[2.037s] Level 1:colcon.colcon_core.package_identification:_identify(basics) by extension 'ignore_ament_install'
[2.038s] Level 1:colcon.colcon_core.package_identification:_identify(basics) by extensions ['colcon_pkg']
[2.038s] Level 1:colcon.colcon_core.package_identification:_identify(basics) by extension 'colcon_pkg'
[2.038s] Level 1:colcon.colcon_core.package_identification:_identify(basics) by extensions ['colcon_meta']
[2.038s] Level 1:colcon.colcon_core.package_identification:_identify(basics) by extension 'colcon_meta'
[2.038s] Level 1:colcon.colcon_core.package_identification:_identify(basics) by extensions ['ros']
[2.038s] Level 1:colcon.colcon_core.package_identification:_identify(basics) by extension 'ros'
[2.047s] DEBUG:colcon.colcon_core.package_identification:Package 'basics' with type 'ros.ament_cmake' and name 'basics'
[2.047s] Level 1:colcon.colcon_core.package_identification:_identify(br2_basics) by extensions ['ignore', 'ignore_ament_install']
[2.047s] Level 1:colcon.colcon_core.package_identification:_identify(br2_basics) by extension 'ignore'
[2.047s] Level 1:colcon.colcon_core.package_identification:_identify(br2_basics) by extension 'ignore_ament_install'
[2.048s] Level 1:colcon.colcon_core.package_identification:_identify(br2_basics) by extensions ['colcon_pkg']
[2.048s] Level 1:colcon.colcon_core.package_identification:_identify(br2_basics) by extension 'colcon_pkg'
[2.048s] Level 1:colcon.colcon_core.package_identification:_identify(br2_basics) by extensions ['colcon_meta']
[2.048s] Level 1:colcon.colcon_core.package_identification:_identify(br2_basics) by extension 'colcon_meta'
[2.048s] Level 1:colcon.colcon_core.package_identification:_identify(br2_basics) by extensions ['ros']
[2.048s] Level 1:colcon.colcon_core.package_identification:_identify(br2_basics) by extension 'ros'
[2.049s] DEBUG:colcon.colcon_core.package_identification:Package 'br2_basics' with type 'ros.ament_cmake' and name 'br2_basics'
[2.050s] Level 1:colcon.colcon_core.package_identification:_identify(build) by extensions ['ignore', 'ignore_ament_install']
[2.050s] Level 1:colcon.colcon_core.package_identification:_identify(build) by extension 'ignore'
[2.050s] Level 1:colcon.colcon_core.package_identification:_identify(build) ignored
[2.050s] Level 1:colcon.colcon_core.package_identification:_identify(cpp_pubsub) by extensions ['ignore', 'ignore_ament_install']
[2.050s] Level 1:colcon.colcon_core.package_identification:_identify(cpp_pubsub) by extension 'ignore'
[2.051s] Level 1:colcon.colcon_core.package_identification:_identify(cpp_pubsub) by extension 'ignore_ament_install'
[2.051s] Level 1:colcon.colcon_core.package_identification:_identify(cpp_pubsub) by extensions ['colcon_pkg']
[2.051s] Level 1:colcon.colcon_core.package_identification:_identify(cpp_pubsub) by extension 'colcon_pkg'
[2.051s] Level 1:colcon.colcon_core.package_identification:_identify(cpp_pubsub) by extensions ['colcon_meta']
[2.051s] Level 1:colcon.colcon_core.package_identification:_identify(cpp_pubsub) by extension 'colcon_meta'
[2.051s] Level 1:colcon.colcon_core.package_identification:_identify(cpp_pubsub) by extensions ['ros']
[2.051s] Level 1:colcon.colcon_core.package_identification:_identify(cpp_pubsub) by extension 'ros'
[2.053s] DEBUG:colcon.colcon_core.package_identification:Package 'cpp_pubsub' with type 'ros.ament_cmake' and name 'cpp_pubsub'
[2.053s] Level 1:colcon.colcon_core.package_identification:_identify(install) by extensions ['ignore', 'ignore_ament_install']
[2.053s] Level 1:colcon.colcon_core.package_identification:_identify(install) by extension 'ignore'
[2.053s] Level 1:colcon.colcon_core.package_identification:_identify(install) ignored
[2.054s] Level 1:colcon.colcon_core.package_identification:_identify(log) by extensions ['ignore', 'ignore_ament_install']
[2.054s] Level 1:colcon.colcon_core.package_identification:_identify(log) by extension 'ignore'
[2.054s] Level 1:colcon.colcon_core.package_identification:_identify(log) ignored
[2.054s] Level 1:colcon.colcon_core.package_identification:_identify(my_package) by extensions ['ignore', 'ignore_ament_install']
[2.054s] Level 1:colcon.colcon_core.package_identification:_identify(my_package) by extension 'ignore'
[2.054s] Level 1:colcon.colcon_core.package_identification:_identify(my_package) by extension 'ignore_ament_install'
[2.054s] Level 1:colcon.colcon_core.package_identification:_identify(my_package) by extensions ['colcon_pkg']
[2.054s] Level 1:colcon.colcon_core.package_identification:_identify(my_package) by extension 'colcon_pkg'
[2.055s] Level 1:colcon.colcon_core.package_identification:_identify(my_package) by extensions ['colcon_meta']
[2.055s] Level 1:colcon.colcon_core.package_identification:_identify(my_package) by extension 'colcon_meta'
[2.055s] Level 1:colcon.colcon_core.package_identification:_identify(my_package) by extensions ['ros']
[2.055s] Level 1:colcon.colcon_core.package_identification:_identify(my_package) by extension 'ros'
[2.056s] DEBUG:colcon.colcon_core.package_identification:Package 'my_package' with type 'ros.ament_cmake' and name 'my_package'
[2.056s] Level 1:colcon.colcon_core.package_discovery:discover_packages(recursive) using defaults
[2.056s] Level 1:colcon.colcon_core.package_discovery:discover_packages(ignore) discover
[2.056s] Level 1:colcon.colcon_core.package_discovery:discover_packages(ignore) using defaults
[2.056s] Level 1:colcon.colcon_core.package_discovery:discover_packages(path) discover
[2.056s] Level 1:colcon.colcon_core.package_discovery:discover_packages(path) using defaults
[2.126s] Level 1:colcon.colcon_core.package_discovery:discover_packages(prefix_path) check parameters
[2.126s] Level 1:colcon.colcon_core.package_discovery:discover_packages(prefix_path) discover
[2.140s] DEBUG:colcon.colcon_installed_package_information.package_discovery:Found 3 installed packages in /home/jose/ws/ros2/install
[2.144s] DEBUG:colcon.colcon_installed_package_information.package_discovery:Found 256 installed packages in /opt/ros/foxy
[2.147s] Level 1:colcon.colcon_core.package_discovery:discover_packages(prefix_path) using defaults
[2.346s] Level 5:colcon.colcon_core.verb:set package 'basics' build argument 'cmake_args' from command line to 'None'
[2.346s] Level 5:colcon.colcon_core.verb:set package 'basics' build argument 'cmake_target' from command line to 'None'
[2.346s] Level 5:colcon.colcon_core.verb:set package 'basics' build argument 'cmake_target_skip_unavailable' from command line to 'False'
[2.346s] Level 5:colcon.colcon_core.verb:set package 'basics' build argument 'cmake_clean_cache' from command line to 'False'
[2.346s] Level 5:colcon.colcon_core.verb:set package 'basics' build argument 'cmake_clean_first' from command line to 'False'
[2.347s] Level 5:colcon.colcon_core.verb:set package 'basics' build argument 'cmake_force_configure' from command line to 'False'
[2.347s] Level 5:colcon.colcon_core.verb:set package 'basics' build argument 'ament_cmake_args' from command line to 'None'
[2.347s] Level 5:colcon.colcon_core.verb:set package 'basics' build argument 'catkin_cmake_args' from command line to 'None'
[2.347s] Level 5:colcon.colcon_core.verb:set package 'basics' build argument 'catkin_skip_building_tests' from command line to 'False'
[2.347s] DEBUG:colcon.colcon_core.verb:Building package 'basics' with the following arguments: {'ament_cmake_args': None, 'build_base': '/home/jose/ws/ros2/src/ros2_babysteps/build/basics', 'catkin_cmake_args': None, 'catkin_skip_building_tests': False, 'cmake_args': None, 'cmake_clean_cache': False, 'cmake_clean_first': False, 'cmake_force_configure': False, 'cmake_target': None, 'cmake_target_skip_unavailable': False, 'install_base': '/home/jose/ws/ros2/src/ros2_babysteps/install/basics', 'merge_install': False, 'path': '/home/jose/ws/ros2/src/ros2_babysteps/basics', 'symlink_install': False, 'test_result_base': None}
[2.350s] Level 5:colcon.colcon_core.verb:set package 'br2_basics' build argument 'cmake_args' from command line to 'None'
[2.350s] Level 5:colcon.colcon_core.verb:set package 'br2_basics' build argument 'cmake_target' from command line to 'None'
[2.350s] Level 5:colcon.colcon_core.verb:set package 'br2_basics' build argument 'cmake_target_skip_unavailable' from command line to 'False'
[2.350s] Level 5:colcon.colcon_core.verb:set package 'br2_basics' build argument 'cmake_clean_cache' from command line to 'False'
[2.350s] Level 5:colcon.colcon_core.verb:set package 'br2_basics' build argument 'cmake_clean_first' from command line to 'False'
[2.350s] Level 5:colcon.colcon_core.verb:set package 'br2_basics' build argument 'cmake_force_configure' from command line to 'False'
[2.350s] Level 5:colcon.colcon_core.verb:set package 'br2_basics' build argument 'ament_cmake_args' from command line to 'None'
[2.350s] Level 5:colcon.colcon_core.verb:set package 'br2_basics' build argument 'catkin_cmake_args' from command line to 'None'
[2.350s] Level 5:colcon.colcon_core.verb:set package 'br2_basics' build argument 'catkin_skip_building_tests' from command line to 'False'
[2.351s] DEBUG:colcon.colcon_core.verb:Building package 'br2_basics' with the following arguments: {'ament_cmake_args': None, 'build_base': '/home/jose/ws/ros2/src/ros2_babysteps/build/br2_basics', 'catkin_cmake_args': None, 'catkin_skip_building_tests': False, 'cmake_args': None, 'cmake_clean_cache': False, 'cmake_clean_first': False, 'cmake_force_configure': False, 'cmake_target': None, 'cmake_target_skip_unavailable': False, 'install_base': '/home/jose/ws/ros2/src/ros2_babysteps/install/br2_basics', 'merge_install': False, 'path': '/home/jose/ws/ros2/src/ros2_babysteps/br2_basics', 'symlink_install': False, 'test_result_base': None}
[2.353s] Level 5:colcon.colcon_core.verb:set package 'cpp_pubsub' build argument 'cmake_args' from command line to 'None'
[2.353s] Level 5:colcon.colcon_core.verb:set package 'cpp_pubsub' build argument 'cmake_target' from command line to 'None'
[2.353s] Level 5:colcon.colcon_core.verb:set package 'cpp_pubsub' build argument 'cmake_target_skip_unavailable' from command line to 'False'
[2.354s] Level 5:colcon.colcon_core.verb:set package 'cpp_pubsub' build argument 'cmake_clean_cache' from command line to 'False'
[2.354s] Level 5:colcon.colcon_core.verb:set package 'cpp_pubsub' build argument 'cmake_clean_first' from command line to 'False'
[2.354s] Level 5:colcon.colcon_core.verb:set package 'cpp_pubsub' build argument 'cmake_force_configure' from command line to 'False'
[2.354s] Level 5:colcon.colcon_core.verb:set package 'cpp_pubsub' build argument 'ament_cmake_args' from command line to 'None'
[2.354s] Level 5:colcon.colcon_core.verb:set package 'cpp_pubsub' build argument 'catkin_cmake_args' from command line to 'None'
[2.354s] Level 5:colcon.colcon_core.verb:set package 'cpp_pubsub' build argument 'catkin_skip_building_tests' from command line to 'False'
[2.354s] DEBUG:colcon.colcon_core.verb:Building package 'cpp_pubsub' with the following arguments: {'ament_cmake_args': None, 'build_base': '/home/jose/ws/ros2/src/ros2_babysteps/build/cpp_pubsub', 'catkin_cmake_args': None, 'catkin_skip_building_tests': False, 'cmake_args': None, 'cmake_clean_cache': False, 'cmake_clean_first': False, 'cmake_force_configure': False, 'cmake_target': None, 'cmake_target_skip_unavailable': False, 'install_base': '/home/jose/ws/ros2/src/ros2_babysteps/install/cpp_pubsub', 'merge_install': False, 'path': '/home/jose/ws/ros2/src/ros2_babysteps/cpp_pubsub', 'symlink_install': False, 'test_result_base': None}
[2.357s] Level 5:colcon.colcon_core.verb:set package 'my_package' build argument 'cmake_args' from command line to 'None'
[2.357s] Level 5:colcon.colcon_core.verb:set package 'my_package' build argument 'cmake_target' from command line to 'None'
[2.357s] Level 5:colcon.colcon_core.verb:set package 'my_package' build argument 'cmake_target_skip_unavailable' from command line to 'False'
[2.357s] Level 5:colcon.colcon_core.verb:set package 'my_package' build argument 'cmake_clean_cache' from command line to 'False'
[2.357s] Level 5:colcon.colcon_core.verb:set package 'my_package' build argument 'cmake_clean_first' from command line to 'False'
[2.357s] Level 5:colcon.colcon_core.verb:set package 'my_package' build argument 'cmake_force_configure' from command line to 'False'
[2.357s] Level 5:colcon.colcon_core.verb:set package 'my_package' build argument 'ament_cmake_args' from command line to 'None'
[2.357s] Level 5:colcon.colcon_core.verb:set package 'my_package' build argument 'catkin_cmake_args' from command line to 'None'
[2.357s] Level 5:colcon.colcon_core.verb:set package 'my_package' build argument 'catkin_skip_building_tests' from command line to 'False'
[2.357s] DEBUG:colcon.colcon_core.verb:Building package 'my_package' with the following arguments: {'ament_cmake_args': None, 'build_base': '/home/jose/ws/ros2/src/ros2_babysteps/build/my_package', 'catkin_cmake_args': None, 'catkin_skip_building_tests': False, 'cmake_args': None, 'cmake_clean_cache': False, 'cmake_clean_first': False, 'cmake_force_configure': False, 'cmake_target': None, 'cmake_target_skip_unavailable': False, 'install_base': '/home/jose/ws/ros2/src/ros2_babysteps/install/my_package', 'merge_install': False, 'path': '/home/jose/ws/ros2/src/ros2_babysteps/my_package', 'symlink_install': False, 'test_result_base': None}
[2.359s] INFO:colcon.colcon_core.executor:Executing jobs using 'parallel' executor
[2.369s] DEBUG:colcon.colcon_parallel_executor.executor.parallel:run_until_complete
[2.369s] INFO:colcon.colcon_ros.task.ament_cmake.build:Building ROS package in '/home/jose/ws/ros2/src/ros2_babysteps/basics' with build type 'ament_cmake'
[2.369s] INFO:colcon.colcon_cmake.task.cmake.build:Building CMake package in '/home/jose/ws/ros2/src/ros2_babysteps/basics'
[2.397s] INFO:colcon.colcon_core.plugin_system:Skipping extension 'colcon_core.shell.bat': Not used on non-Windows systems
[2.398s] INFO:colcon.colcon_core.shell:Skip shell extension 'powershell' for command environment: Not usable outside of PowerShell
[2.398s] DEBUG:colcon.colcon_core.shell:Skip shell extension 'dsv' for command environment
[2.417s] INFO:colcon.colcon_ros.task.ament_cmake.build:Building ROS package in '/home/jose/ws/ros2/src/ros2_babysteps/br2_basics' with build type 'ament_cmake'
[2.417s] INFO:colcon.colcon_cmake.task.cmake.build:Building CMake package in '/home/jose/ws/ros2/src/ros2_babysteps/br2_basics'
[2.420s] INFO:colcon.colcon_core.shell:Skip shell extension 'powershell' for command environment: Not usable outside of PowerShell
[2.421s] DEBUG:colcon.colcon_core.shell:Skip shell extension 'dsv' for command environment
[2.440s] INFO:colcon.colcon_ros.task.ament_cmake.build:Building ROS package in '/home/jose/ws/ros2/src/ros2_babysteps/cpp_pubsub' with build type 'ament_cmake'
[2.440s] INFO:colcon.colcon_cmake.task.cmake.build:Building CMake package in '/home/jose/ws/ros2/src/ros2_babysteps/cpp_pubsub'
[2.445s] INFO:colcon.colcon_core.shell:Skip shell extension 'powershell' for command environment: Not usable outside of PowerShell
[2.445s] DEBUG:colcon.colcon_core.shell:Skip shell extension 'dsv' for command environment
[2.464s] INFO:colcon.colcon_ros.task.ament_cmake.build:Building ROS package in '/home/jose/ws/ros2/src/ros2_babysteps/my_package' with build type 'ament_cmake'
[2.465s] INFO:colcon.colcon_cmake.task.cmake.build:Building CMake package in '/home/jose/ws/ros2/src/ros2_babysteps/my_package'
[2.469s] INFO:colcon.colcon_core.shell:Skip shell extension 'powershell' for command environment: Not usable outside of PowerShell
[2.469s] DEBUG:colcon.colcon_core.shell:Skip shell extension 'dsv' for command environment
[2.496s] DEBUG:colcon.colcon_core.event_handler.log_command:Invoking command in '/home/jose/ws/ros2/src/ros2_babysteps/build/basics': CMAKE_PREFIX_PATH=${CMAKE_PREFIX_PATH}:/opt/ros/foxy /usr/bin/cmake /home/jose/ws/ros2/src/ros2_babysteps/basics -DCMAKE_INSTALL_PREFIX=/home/jose/ws/ros2/src/ros2_babysteps/install/basics
[2.525s] DEBUG:colcon.colcon_core.event_handler.log_command:Invoking command in '/home/jose/ws/ros2/src/ros2_babysteps/build/br2_basics': CMAKE_PREFIX_PATH=${CMAKE_PREFIX_PATH}:/opt/ros/foxy /usr/bin/cmake /home/jose/ws/ros2/src/ros2_babysteps/br2_basics -DCMAKE_INSTALL_PREFIX=/home/jose/ws/ros2/src/ros2_babysteps/install/br2_basics
[2.540s] DEBUG:colcon.colcon_core.event_handler.log_command:Invoking command in '/home/jose/ws/ros2/src/ros2_babysteps/build/cpp_pubsub': CMAKE_PREFIX_PATH=${CMAKE_PREFIX_PATH}:/opt/ros/foxy /usr/bin/cmake /home/jose/ws/ros2/src/ros2_babysteps/cpp_pubsub -DCMAKE_INSTALL_PREFIX=/home/jose/ws/ros2/src/ros2_babysteps/install/cpp_pubsub
[2.571s] DEBUG:colcon.colcon_core.event_handler.log_command:Invoking command in '/home/jose/ws/ros2/src/ros2_babysteps/build/my_package': CMAKE_PREFIX_PATH=${CMAKE_PREFIX_PATH}:/opt/ros/foxy /usr/bin/cmake /home/jose/ws/ros2/src/ros2_babysteps/my_package -DCMAKE_INSTALL_PREFIX=/home/jose/ws/ros2/src/ros2_babysteps/install/my_package
[11.266s] DEBUG:colcon.colcon_core.event_handler.log_command:Invoked command in '/home/jose/ws/ros2/src/ros2_babysteps/build/my_package' returned '0': CMAKE_PREFIX_PATH=${CMAKE_PREFIX_PATH}:/opt/ros/foxy /usr/bin/cmake /home/jose/ws/ros2/src/ros2_babysteps/my_package -DCMAKE_INSTALL_PREFIX=/home/jose/ws/ros2/src/ros2_babysteps/install/my_package
[11.274s] DEBUG:colcon.colcon_core.event_handler.log_command:Invoking command in '/home/jose/ws/ros2/src/ros2_babysteps/build/my_package': CMAKE_PREFIX_PATH=${CMAKE_PREFIX_PATH}:/opt/ros/foxy /usr/bin/cmake --build /home/jose/ws/ros2/src/ros2_babysteps/build/my_package -- -j8 -l8
[12.429s] DEBUG:colcon.colcon_core.event_handler.log_command:Invoked command in '/home/jose/ws/ros2/src/ros2_babysteps/build/my_package' returned '0': CMAKE_PREFIX_PATH=${CMAKE_PREFIX_PATH}:/opt/ros/foxy /usr/bin/cmake --build /home/jose/ws/ros2/src/ros2_babysteps/build/my_package -- -j8 -l8
[12.565s] DEBUG:colcon.colcon_core.event_handler.log_command:Invoking command in '/home/jose/ws/ros2/src/ros2_babysteps/build/my_package': CMAKE_PREFIX_PATH=${CMAKE_PREFIX_PATH}:/opt/ros/foxy /usr/bin/cmake --install /home/jose/ws/ros2/src/ros2_babysteps/build/my_package
[12.609s] Level 1:colcon.colcon_core.environment:create_environment_scripts_only(my_package)
[12.615s] DEBUG:colcon.colcon_core.event_handler.log_command:Invoked command in '/home/jose/ws/ros2/src/ros2_babysteps/build/my_package' returned '0': CMAKE_PREFIX_PATH=${CMAKE_PREFIX_PATH}:/opt/ros/foxy /usr/bin/cmake --install /home/jose/ws/ros2/src/ros2_babysteps/build/my_package
[12.656s] Level 1:colcon.colcon_core.environment:checking '/home/jose/ws/ros2/src/ros2_babysteps/install/my_package' for CMake module files
[12.658s] Level 1:colcon.colcon_core.environment:checking '/home/jose/ws/ros2/src/ros2_babysteps/install/my_package' for CMake config files
[12.659s] Level 1:colcon.colcon_core.shell:create_environment_hook('my_package', 'cmake_prefix_path')
[12.664s] INFO:colcon.colcon_core.shell:Creating environment hook '/home/jose/ws/ros2/src/ros2_babysteps/install/my_package/share/my_package/hook/cmake_prefix_path.ps1'
[12.669s] INFO:colcon.colcon_core.shell:Creating environment descriptor '/home/jose/ws/ros2/src/ros2_babysteps/install/my_package/share/my_package/hook/cmake_prefix_path.dsv'
[12.672s] INFO:colcon.colcon_core.shell:Creating environment hook '/home/jose/ws/ros2/src/ros2_babysteps/install/my_package/share/my_package/hook/cmake_prefix_path.sh'
[12.680s] Level 1:colcon.colcon_core.environment:checking '/home/jose/ws/ros2/src/ros2_babysteps/install/my_package/lib'
[12.681s] Level 1:colcon.colcon_core.environment:checking '/home/jose/ws/ros2/src/ros2_babysteps/install/my_package/bin'
[12.681s] Level 1:colcon.colcon_core.environment:checking '/home/jose/ws/ros2/src/ros2_babysteps/install/my_package/lib/pkgconfig/my_package.pc'
[12.682s] Level 1:colcon.colcon_core.environment:checking '/home/jose/ws/ros2/src/ros2_babysteps/install/my_package/lib/python3.8/site-packages'
[12.682s] Level 1:colcon.colcon_core.environment:checking '/home/jose/ws/ros2/src/ros2_babysteps/install/my_package/bin'
[12.688s] INFO:colcon.colcon_core.shell:Creating package script '/home/jose/ws/ros2/src/ros2_babysteps/install/my_package/share/my_package/package.ps1'
[12.692s] INFO:colcon.colcon_core.shell:Creating package descriptor '/home/jose/ws/ros2/src/ros2_babysteps/install/my_package/share/my_package/package.dsv'
[12.697s] INFO:colcon.colcon_core.shell:Creating package script '/home/jose/ws/ros2/src/ros2_babysteps/install/my_package/share/my_package/package.sh'
[12.701s] INFO:colcon.colcon_core.shell:Creating package script '/home/jose/ws/ros2/src/ros2_babysteps/install/my_package/share/my_package/package.bash'
[12.706s] INFO:colcon.colcon_core.shell:Creating package script '/home/jose/ws/ros2/src/ros2_babysteps/install/my_package/share/my_package/package.zsh'
[12.712s] Level 1:colcon.colcon_core.environment:create_file_with_runtime_dependencies(/home/jose/ws/ros2/src/ros2_babysteps/install/my_package/share/colcon-core/packages/my_package)
[12.788s] Level 1:colcon.colcon_core.environment:create_environment_scripts_only(my_package)
[12.799s] Level 1:colcon.colcon_core.environment:checking '/home/jose/ws/ros2/src/ros2_babysteps/install/my_package' for CMake module files
[12.801s] Level 1:colcon.colcon_core.environment:checking '/home/jose/ws/ros2/src/ros2_babysteps/install/my_package' for CMake config files
[12.801s] Level 1:colcon.colcon_core.shell:create_environment_hook('my_package', 'cmake_prefix_path')
[12.805s] INFO:colcon.colcon_core.shell:Creating environment hook '/home/jose/ws/ros2/src/ros2_babysteps/install/my_package/share/my_package/hook/cmake_prefix_path.ps1'
[12.807s] INFO:colcon.colcon_core.shell:Creating environment descriptor '/home/jose/ws/ros2/src/ros2_babysteps/install/my_package/share/my_package/hook/cmake_prefix_path.dsv'
[12.811s] INFO:colcon.colcon_core.shell:Creating environment hook '/home/jose/ws/ros2/src/ros2_babysteps/install/my_package/share/my_package/hook/cmake_prefix_path.sh'
[12.813s] Level 1:colcon.colcon_core.environment:checking '/home/jose/ws/ros2/src/ros2_babysteps/install/my_package/lib'
[12.814s] Level 1:colcon.colcon_core.environment:checking '/home/jose/ws/ros2/src/ros2_babysteps/install/my_package/bin'
[12.814s] Level 1:colcon.colcon_core.environment:checking '/home/jose/ws/ros2/src/ros2_babysteps/install/my_package/lib/pkgconfig/my_package.pc'
[12.814s] Level 1:colcon.colcon_core.environment:checking '/home/jose/ws/ros2/src/ros2_babysteps/install/my_package/lib/python3.8/site-packages'
[12.815s] Level 1:colcon.colcon_core.environment:checking '/home/jose/ws/ros2/src/ros2_babysteps/install/my_package/bin'
[12.820s] INFO:colcon.colcon_core.shell:Creating package script '/home/jose/ws/ros2/src/ros2_babysteps/install/my_package/share/my_package/package.ps1'
[12.822s] INFO:colcon.colcon_core.shell:Creating package descriptor '/home/jose/ws/ros2/src/ros2_babysteps/install/my_package/share/my_package/package.dsv'
[12.824s] INFO:colcon.colcon_core.shell:Creating package script '/home/jose/ws/ros2/src/ros2_babysteps/install/my_package/share/my_package/package.sh'
[12.828s] INFO:colcon.colcon_core.shell:Creating package script '/home/jose/ws/ros2/src/ros2_babysteps/install/my_package/share/my_package/package.bash'
[12.830s] INFO:colcon.colcon_core.shell:Creating package script '/home/jose/ws/ros2/src/ros2_babysteps/install/my_package/share/my_package/package.zsh'
[12.832s] Level 1:colcon.colcon_core.environment:create_file_with_runtime_dependencies(/home/jose/ws/ros2/src/ros2_babysteps/install/my_package/share/colcon-core/packages/my_package)
[33.494s] DEBUG:colcon.colcon_core.event_handler.log_command:Invoked command in '/home/jose/ws/ros2/src/ros2_babysteps/build/cpp_pubsub' returned '0': CMAKE_PREFIX_PATH=${CMAKE_PREFIX_PATH}:/opt/ros/foxy /usr/bin/cmake /home/jose/ws/ros2/src/ros2_babysteps/cpp_pubsub -DCMAKE_INSTALL_PREFIX=/home/jose/ws/ros2/src/ros2_babysteps/install/cpp_pubsub
[33.502s] DEBUG:colcon.colcon_core.event_handler.log_command:Invoking command in '/home/jose/ws/ros2/src/ros2_babysteps/build/cpp_pubsub': CMAKE_PREFIX_PATH=${CMAKE_PREFIX_PATH}:/opt/ros/foxy /usr/bin/cmake --build /home/jose/ws/ros2/src/ros2_babysteps/build/cpp_pubsub -- -j8 -l8
[33.515s] DEBUG:colcon.colcon_core.event_handler.log_command:Invoked command in '/home/jose/ws/ros2/src/ros2_babysteps/build/basics' returned '0': CMAKE_PREFIX_PATH=${CMAKE_PREFIX_PATH}:/opt/ros/foxy /usr/bin/cmake /home/jose/ws/ros2/src/ros2_babysteps/basics -DCMAKE_INSTALL_PREFIX=/home/jose/ws/ros2/src/ros2_babysteps/install/basics
[33.523s] DEBUG:colcon.colcon_core.event_handler.log_command:Invoking command in '/home/jose/ws/ros2/src/ros2_babysteps/build/basics': CMAKE_PREFIX_PATH=${CMAKE_PREFIX_PATH}:/opt/ros/foxy /usr/bin/cmake --build /home/jose/ws/ros2/src/ros2_babysteps/build/basics -- -j8 -l8
[39.876s] DEBUG:colcon.colcon_core.event_handler.log_command:Invoked command in '/home/jose/ws/ros2/src/ros2_babysteps/build/basics' returned '0': CMAKE_PREFIX_PATH=${CMAKE_PREFIX_PATH}:/opt/ros/foxy /usr/bin/cmake --build /home/jose/ws/ros2/src/ros2_babysteps/build/basics -- -j8 -l8
[39.945s] DEBUG:colcon.colcon_core.event_handler.log_command:Invoking command in '/home/jose/ws/ros2/src/ros2_babysteps/build/basics': CMAKE_PREFIX_PATH=${CMAKE_PREFIX_PATH}:/opt/ros/foxy /usr/bin/cmake --install /home/jose/ws/ros2/src/ros2_babysteps/build/basics
[39.983s] Level 1:colcon.colcon_core.environment:create_environment_scripts_only(basics)
[39.992s] Level 1:colcon.colcon_core.environment:checking '/home/jose/ws/ros2/src/ros2_babysteps/install/basics' for CMake module files
[40.004s] DEBUG:colcon.colcon_core.event_handler.log_command:Invoked command in '/home/jose/ws/ros2/src/ros2_babysteps/build/basics' returned '0': CMAKE_PREFIX_PATH=${CMAKE_PREFIX_PATH}:/opt/ros/foxy /usr/bin/cmake --install /home/jose/ws/ros2/src/ros2_babysteps/build/basics
[40.005s] Level 1:colcon.colcon_core.environment:checking '/home/jose/ws/ros2/src/ros2_babysteps/install/basics' for CMake config files
[40.006s] Level 1:colcon.colcon_core.shell:create_environment_hook('basics', 'cmake_prefix_path')
[40.011s] INFO:colcon.colcon_core.shell:Creating environment hook '/home/jose/ws/ros2/src/ros2_babysteps/install/basics/share/basics/hook/cmake_prefix_path.ps1'
[40.013s] INFO:colcon.colcon_core.shell:Creating environment descriptor '/home/jose/ws/ros2/src/ros2_babysteps/install/basics/share/basics/hook/cmake_prefix_path.dsv'
[40.015s] INFO:colcon.colcon_core.shell:Creating environment hook '/home/jose/ws/ros2/src/ros2_babysteps/install/basics/share/basics/hook/cmake_prefix_path.sh'
[40.018s] Level 1:colcon.colcon_core.environment:checking '/home/jose/ws/ros2/src/ros2_babysteps/install/basics/lib'
[40.019s] Level 1:colcon.colcon_core.environment:checking '/home/jose/ws/ros2/src/ros2_babysteps/install/basics/bin'
[40.020s] Level 1:colcon.colcon_core.environment:checking '/home/jose/ws/ros2/src/ros2_babysteps/install/basics/lib/pkgconfig/basics.pc'
[40.021s] Level 1:colcon.colcon_core.environment:checking '/home/jose/ws/ros2/src/ros2_babysteps/install/basics/lib/python3.8/site-packages'
[40.022s] Level 1:colcon.colcon_core.environment:checking '/home/jose/ws/ros2/src/ros2_babysteps/install/basics/bin'
[40.027s] INFO:colcon.colcon_core.shell:Creating package script '/home/jose/ws/ros2/src/ros2_babysteps/install/basics/share/basics/package.ps1'
[40.029s] INFO:colcon.colcon_core.shell:Creating package descriptor '/home/jose/ws/ros2/src/ros2_babysteps/install/basics/share/basics/package.dsv'
[40.030s] INFO:colcon.colcon_core.shell:Creating package script '/home/jose/ws/ros2/src/ros2_babysteps/install/basics/share/basics/package.sh'
[40.032s] INFO:colcon.colcon_core.shell:Creating package script '/home/jose/ws/ros2/src/ros2_babysteps/install/basics/share/basics/package.bash'
[40.033s] INFO:colcon.colcon_core.shell:Creating package script '/home/jose/ws/ros2/src/ros2_babysteps/install/basics/share/basics/package.zsh'
[40.035s] Level 1:colcon.colcon_core.environment:create_file_with_runtime_dependencies(/home/jose/ws/ros2/src/ros2_babysteps/install/basics/share/colcon-core/packages/basics)
[40.110s] Level 1:colcon.colcon_core.environment:create_environment_scripts_only(basics)
[40.120s] Level 1:colcon.colcon_core.environment:checking '/home/jose/ws/ros2/src/ros2_babysteps/install/basics' for CMake module files
[40.126s] Level 1:colcon.colcon_core.environment:checking '/home/jose/ws/ros2/src/ros2_babysteps/install/basics' for CMake config files
[40.127s] Level 1:colcon.colcon_core.shell:create_environment_hook('basics', 'cmake_prefix_path')
[40.133s] INFO:colcon.colcon_core.shell:Creating environment hook '/home/jose/ws/ros2/src/ros2_babysteps/install/basics/share/basics/hook/cmake_prefix_path.ps1'
[40.136s] INFO:colcon.colcon_core.shell:Creating environment descriptor '/home/jose/ws/ros2/src/ros2_babysteps/install/basics/share/basics/hook/cmake_prefix_path.dsv'
[40.140s] INFO:colcon.colcon_core.shell:Creating environment hook '/home/jose/ws/ros2/src/ros2_babysteps/install/basics/share/basics/hook/cmake_prefix_path.sh'
[40.143s] Level 1:colcon.colcon_core.environment:checking '/home/jose/ws/ros2/src/ros2_babysteps/install/basics/lib'
[40.144s] Level 1:colcon.colcon_core.environment:checking '/home/jose/ws/ros2/src/ros2_babysteps/install/basics/bin'
[40.144s] Level 1:colcon.colcon_core.environment:checking '/home/jose/ws/ros2/src/ros2_babysteps/install/basics/lib/pkgconfig/basics.pc'
[40.145s] Level 1:colcon.colcon_core.environment:checking '/home/jose/ws/ros2/src/ros2_babysteps/install/basics/lib/python3.8/site-packages'
[40.146s] Level 1:colcon.colcon_core.environment:checking '/home/jose/ws/ros2/src/ros2_babysteps/install/basics/bin'
[40.152s] INFO:colcon.colcon_core.shell:Creating package script '/home/jose/ws/ros2/src/ros2_babysteps/install/basics/share/basics/package.ps1'
[40.155s] INFO:colcon.colcon_core.shell:Creating package descriptor '/home/jose/ws/ros2/src/ros2_babysteps/install/basics/share/basics/package.dsv'
[40.160s] INFO:colcon.colcon_core.shell:Creating package script '/home/jose/ws/ros2/src/ros2_babysteps/install/basics/share/basics/package.sh'
[40.162s] INFO:colcon.colcon_core.shell:Creating package script '/home/jose/ws/ros2/src/ros2_babysteps/install/basics/share/basics/package.bash'
[40.165s] INFO:colcon.colcon_core.shell:Creating package script '/home/jose/ws/ros2/src/ros2_babysteps/install/basics/share/basics/package.zsh'
[40.168s] Level 1:colcon.colcon_core.environment:create_file_with_runtime_dependencies(/home/jose/ws/ros2/src/ros2_babysteps/install/basics/share/colcon-core/packages/basics)
[44.156s] DEBUG:colcon.colcon_core.event_handler.log_command:Invoked command in '/home/jose/ws/ros2/src/ros2_babysteps/build/cpp_pubsub' returned '0': CMAKE_PREFIX_PATH=${CMAKE_PREFIX_PATH}:/opt/ros/foxy /usr/bin/cmake --build /home/jose/ws/ros2/src/ros2_babysteps/build/cpp_pubsub -- -j8 -l8
[44.203s] DEBUG:colcon.colcon_core.event_handler.log_command:Invoking command in '/home/jose/ws/ros2/src/ros2_babysteps/build/cpp_pubsub': CMAKE_PREFIX_PATH=${CMAKE_PREFIX_PATH}:/opt/ros/foxy /usr/bin/cmake --install /home/jose/ws/ros2/src/ros2_babysteps/build/cpp_pubsub
[44.226s] Level 1:colcon.colcon_core.environment:create_environment_scripts_only(cpp_pubsub)
[44.231s] Level 1:colcon.colcon_core.environment:checking '/home/jose/ws/ros2/src/ros2_babysteps/install/cpp_pubsub' for CMake module files
[44.232s] DEBUG:colcon.colcon_core.event_handler.log_command:Invoked command in '/home/jose/ws/ros2/src/ros2_babysteps/build/cpp_pubsub' returned '0': CMAKE_PREFIX_PATH=${CMAKE_PREFIX_PATH}:/opt/ros/foxy /usr/bin/cmake --install /home/jose/ws/ros2/src/ros2_babysteps/build/cpp_pubsub
[44.233s] Level 1:colcon.colcon_core.environment:checking '/home/jose/ws/ros2/src/ros2_babysteps/install/cpp_pubsub' for CMake config files
[44.233s] Level 1:colcon.colcon_core.shell:create_environment_hook('cpp_pubsub', 'cmake_prefix_path')
[44.236s] INFO:colcon.colcon_core.shell:Creating environment hook '/home/jose/ws/ros2/src/ros2_babysteps/install/cpp_pubsub/share/cpp_pubsub/hook/cmake_prefix_path.ps1'
[44.238s] INFO:colcon.colcon_core.shell:Creating environment descriptor '/home/jose/ws/ros2/src/ros2_babysteps/install/cpp_pubsub/share/cpp_pubsub/hook/cmake_prefix_path.dsv'
[44.239s] INFO:colcon.colcon_core.shell:Creating environment hook '/home/jose/ws/ros2/src/ros2_babysteps/install/cpp_pubsub/share/cpp_pubsub/hook/cmake_prefix_path.sh'
[44.240s] Level 1:colcon.colcon_core.environment:checking '/home/jose/ws/ros2/src/ros2_babysteps/install/cpp_pubsub/lib'
[44.240s] Level 1:colcon.colcon_core.environment:checking '/home/jose/ws/ros2/src/ros2_babysteps/install/cpp_pubsub/bin'
[44.240s] Level 1:colcon.colcon_core.environment:checking '/home/jose/ws/ros2/src/ros2_babysteps/install/cpp_pubsub/lib/pkgconfig/cpp_pubsub.pc'
[44.241s] Level 1:colcon.colcon_core.environment:checking '/home/jose/ws/ros2/src/ros2_babysteps/install/cpp_pubsub/lib/python3.8/site-packages'
[44.241s] Level 1:colcon.colcon_core.environment:checking '/home/jose/ws/ros2/src/ros2_babysteps/install/cpp_pubsub/bin'
[44.244s] INFO:colcon.colcon_core.shell:Creating package script '/home/jose/ws/ros2/src/ros2_babysteps/install/cpp_pubsub/share/cpp_pubsub/package.ps1'
[44.249s] INFO:colcon.colcon_core.shell:Creating package descriptor '/home/jose/ws/ros2/src/ros2_babysteps/install/cpp_pubsub/share/cpp_pubsub/package.dsv'
[44.251s] INFO:colcon.colcon_core.shell:Creating package script '/home/jose/ws/ros2/src/ros2_babysteps/install/cpp_pubsub/share/cpp_pubsub/package.sh'
[44.254s] INFO:colcon.colcon_core.shell:Creating package script '/home/jose/ws/ros2/src/ros2_babysteps/install/cpp_pubsub/share/cpp_pubsub/package.bash'
[44.255s] INFO:colcon.colcon_core.shell:Creating package script '/home/jose/ws/ros2/src/ros2_babysteps/install/cpp_pubsub/share/cpp_pubsub/package.zsh'
[44.257s] Level 1:colcon.colcon_core.environment:create_file_with_runtime_dependencies(/home/jose/ws/ros2/src/ros2_babysteps/install/cpp_pubsub/share/colcon-core/packages/cpp_pubsub)
[44.289s] DEBUG:colcon.colcon_core.event_handler.log_command:Invoked command in '/home/jose/ws/ros2/src/ros2_babysteps/build/br2_basics' returned '1': CMAKE_PREFIX_PATH=${CMAKE_PREFIX_PATH}:/opt/ros/foxy /usr/bin/cmake /home/jose/ws/ros2/src/ros2_babysteps/br2_basics -DCMAKE_INSTALL_PREFIX=/home/jose/ws/ros2/src/ros2_babysteps/install/br2_basics
[44.303s] Level 1:colcon.colcon_core.environment:create_environment_scripts_only(cpp_pubsub)
[44.308s] Level 1:colcon.colcon_core.environment:checking '/home/jose/ws/ros2/src/ros2_babysteps/install/cpp_pubsub' for CMake module files
[44.309s] Level 1:colcon.colcon_core.environment:checking '/home/jose/ws/ros2/src/ros2_babysteps/install/cpp_pubsub' for CMake config files
[44.310s] Level 1:colcon.colcon_core.shell:create_environment_hook('cpp_pubsub', 'cmake_prefix_path')
[44.313s] INFO:colcon.colcon_core.shell:Creating environment hook '/home/jose/ws/ros2/src/ros2_babysteps/install/cpp_pubsub/share/cpp_pubsub/hook/cmake_prefix_path.ps1'
[44.314s] INFO:colcon.colcon_core.shell:Creating environment descriptor '/home/jose/ws/ros2/src/ros2_babysteps/install/cpp_pubsub/share/cpp_pubsub/hook/cmake_prefix_path.dsv'
[44.315s] INFO:colcon.colcon_core.shell:Creating environment hook '/home/jose/ws/ros2/src/ros2_babysteps/install/cpp_pubsub/share/cpp_pubsub/hook/cmake_prefix_path.sh'
[44.316s] Level 1:colcon.colcon_core.environment:checking '/home/jose/ws/ros2/src/ros2_babysteps/install/cpp_pubsub/lib'
[44.316s] Level 1:colcon.colcon_core.environment:checking '/home/jose/ws/ros2/src/ros2_babysteps/install/cpp_pubsub/bin'
[44.316s] Level 1:colcon.colcon_core.environment:checking '/home/jose/ws/ros2/src/ros2_babysteps/install/cpp_pubsub/lib/pkgconfig/cpp_pubsub.pc'
[44.316s] Level 1:colcon.colcon_core.environment:checking '/home/jose/ws/ros2/src/ros2_babysteps/install/cpp_pubsub/lib/python3.8/site-packages'
[44.317s] Level 1:colcon.colcon_core.environment:checking '/home/jose/ws/ros2/src/ros2_babysteps/install/cpp_pubsub/bin'
[44.320s] INFO:colcon.colcon_core.shell:Creating package script '/home/jose/ws/ros2/src/ros2_babysteps/install/cpp_pubsub/share/cpp_pubsub/package.ps1'
[44.321s] INFO:colcon.colcon_core.shell:Creating package descriptor '/home/jose/ws/ros2/src/ros2_babysteps/install/cpp_pubsub/share/cpp_pubsub/package.dsv'
[44.322s] INFO:colcon.colcon_core.shell:Creating package script '/home/jose/ws/ros2/src/ros2_babysteps/install/cpp_pubsub/share/cpp_pubsub/package.sh'
[44.323s] INFO:colcon.colcon_core.shell:Creating package script '/home/jose/ws/ros2/src/ros2_babysteps/install/cpp_pubsub/share/cpp_pubsub/package.bash'
[44.324s] INFO:colcon.colcon_core.shell:Creating package script '/home/jose/ws/ros2/src/ros2_babysteps/install/cpp_pubsub/share/cpp_pubsub/package.zsh'
[44.325s] Level 1:colcon.colcon_core.environment:create_file_with_runtime_dependencies(/home/jose/ws/ros2/src/ros2_babysteps/install/cpp_pubsub/share/colcon-core/packages/cpp_pubsub)
[44.327s] Level 1:colcon.colcon_core.environment:create_environment_scripts_only(br2_basics)
[44.332s] Level 1:colcon.colcon_core.environment:checking '/home/jose/ws/ros2/src/ros2_babysteps/install/br2_basics' for CMake module files
[44.333s] Level 1:colcon.colcon_core.environment:checking '/home/jose/ws/ros2/src/ros2_babysteps/install/br2_basics' for CMake config files
[44.333s] Level 1:colcon.colcon_core.environment:checking '/home/jose/ws/ros2/src/ros2_babysteps/install/br2_basics/bin'
[44.334s] Level 1:colcon.colcon_core.environment:checking '/home/jose/ws/ros2/src/ros2_babysteps/install/br2_basics/lib/pkgconfig/br2_basics.pc'
[44.334s] Level 1:colcon.colcon_core.environment:checking '/home/jose/ws/ros2/src/ros2_babysteps/install/br2_basics/lib/python3.8/site-packages'
[44.334s] Level 1:colcon.colcon_core.environment:checking '/home/jose/ws/ros2/src/ros2_babysteps/install/br2_basics/bin'
[44.337s] INFO:colcon.colcon_core.shell:Creating package script '/home/jose/ws/ros2/src/ros2_babysteps/install/br2_basics/share/br2_basics/package.ps1'
[44.339s] INFO:colcon.colcon_core.shell:Creating package descriptor '/home/jose/ws/ros2/src/ros2_babysteps/install/br2_basics/share/br2_basics/package.dsv'
[44.340s] INFO:colcon.colcon_core.shell:Creating package script '/home/jose/ws/ros2/src/ros2_babysteps/install/br2_basics/share/br2_basics/package.sh'
[44.340s] INFO:colcon.colcon_core.shell:Creating package script '/home/jose/ws/ros2/src/ros2_babysteps/install/br2_basics/share/br2_basics/package.bash'
[44.341s] INFO:colcon.colcon_core.shell:Creating package script '/home/jose/ws/ros2/src/ros2_babysteps/install/br2_basics/share/br2_basics/package.zsh'
[44.341s] Level 1:colcon.colcon_core.environment:create_file_with_runtime_dependencies(/home/jose/ws/ros2/src/ros2_babysteps/install/br2_basics/share/colcon-core/packages/br2_basics)
[44.353s] DEBUG:colcon.colcon_parallel_executor.executor.parallel:closing loop
[44.354s] DEBUG:colcon.colcon_parallel_executor.executor.parallel:loop closed
[44.355s] DEBUG:colcon.colcon_parallel_executor.executor.parallel:run_until_complete finished with '1'
[44.355s] DEBUG:colcon.colcon_core.event_reactor:joining thread
[44.718s] INFO:colcon.colcon_core.plugin_system:Skipping extension 'colcon_notification.desktop_notification.notify_send': Could not find 'notify-send'
[44.718s] INFO:colcon.colcon_core.plugin_system:Skipping extension 'colcon_notification.desktop_notification.terminal_notifier': Not used on non-Darwin systems
[44.718s] INFO:colcon.colcon_core.plugin_system:Skipping extension 'colcon_notification.desktop_notification.win32': Not used on non-Windows systems
[44.719s] INFO:colcon.colcon_notification.desktop_notification:Sending desktop notification using 'notify2'
[44.799s] DEBUG:colcon.colcon_notification.desktop_notification.notify2:Failed to initialize notify2: org.freedesktop.DBus.Error.ServiceUnknown: The name org.freedesktop.Notifications was not provided by any .service files
[44.800s] DEBUG:colcon.colcon_core.event_reactor:joined thread
[44.805s] INFO:colcon.colcon_core.shell:Creating prefix script '/home/jose/ws/ros2/src/ros2_babysteps/install/local_setup.ps1'
[44.809s] INFO:colcon.colcon_core.shell:Creating prefix util module '/home/jose/ws/ros2/src/ros2_babysteps/install/_local_setup_util_ps1.py'
[44.813s] INFO:colcon.colcon_core.shell:Creating prefix chain script '/home/jose/ws/ros2/src/ros2_babysteps/install/setup.ps1'
[44.818s] INFO:colcon.colcon_core.shell:Creating prefix script '/home/jose/ws/ros2/src/ros2_babysteps/install/local_setup.sh'
[44.820s] INFO:colcon.colcon_core.shell:Creating prefix util module '/home/jose/ws/ros2/src/ros2_babysteps/install/_local_setup_util_sh.py'
[44.822s] INFO:colcon.colcon_core.shell:Creating prefix chain script '/home/jose/ws/ros2/src/ros2_babysteps/install/setup.sh'
[44.827s] INFO:colcon.colcon_core.shell:Creating prefix script '/home/jose/ws/ros2/src/ros2_babysteps/install/local_setup.bash'
[44.829s] INFO:colcon.colcon_core.shell:Creating prefix chain script '/home/jose/ws/ros2/src/ros2_babysteps/install/setup.bash'
[44.833s] INFO:colcon.colcon_core.shell:Creating prefix script '/home/jose/ws/ros2/src/ros2_babysteps/install/local_setup.zsh'
[44.835s] INFO:colcon.colcon_core.shell:Creating prefix chain script '/home/jose/ws/ros2/src/ros2_babysteps/install/setup.zsh'
