[1.426s] DEBUG:colcon:Command line arguments: ['/usr/bin/colcon', 'build']
[1.426s] DEBUG:colcon:Parsed command line arguments: Namespace(allow_overriding=[], ament_cmake_args=None, base_paths=['.'], build_base='build', catkin_cmake_args=None, catkin_skip_building_tests=False, cmake_args=None, cmake_clean_cache=False, cmake_clean_first=False, cmake_force_configure=False, cmake_target=None, cmake_target_skip_unavailable=False, continue_on_error=False, event_handlers=None, executor='parallel', ignore_user_meta=False, install_base='install', log_base=None, log_level=None, main=<bound method BuildVerb.main of <colcon_core.verb.build.BuildVerb object at 0x7fa0cda0fe50>>, merge_install=False, metas=['./colcon.meta'], packages_above=None, packages_above_and_dependencies=None, packages_above_depth=None, packages_end=None, packages_ignore=None, packages_ignore_regex=None, packages_select=None, packages_select_build_failed=False, packages_select_by_dep=None, packages_select_regex=None, packages_select_test_failures=False, packages_skip=None, packages_skip_build_finished=False, packages_skip_by_dep=None, packages_skip_regex=None, packages_skip_test_passed=False, packages_skip_up_to=None, packages_start=None, packages_up_to=None, packages_up_to_regex=None, parallel_workers=8, paths=None, symlink_install=False, test_result_base=None, verb_extension=<colcon_core.verb.build.BuildVerb object at 0x7fa0cda0fe50>, verb_name='build', verb_parser=<colcon_defaults.argument_parser.defaults.DefaultArgumentsDecorator object at 0x7fa0cd96d2e0>)
[1.535s] Level 1:colcon.colcon_core.package_discovery:discover_packages(colcon_meta) check parameters
[1.535s] Level 1:colcon.colcon_core.package_discovery:discover_packages(recursive) check parameters
[1.536s] Level 1:colcon.colcon_core.package_discovery:discover_packages(ignore) check parameters
[1.536s] Level 1:colcon.colcon_core.package_discovery:discover_packages(path) check parameters
[1.536s] Level 1:colcon.colcon_core.package_discovery:discover_packages(colcon_meta) discover
[1.536s] Level 1:colcon.colcon_core.package_discovery:discover_packages(recursive) discover
[1.536s] INFO:colcon.colcon_core.package_discovery:Crawling recursively for packages in '/home/jose/ws/ros2/src/ros2_babysteps'
[1.536s] Level 1:colcon.colcon_core.package_identification:_identify(.) by extensions ['ignore', 'ignore_ament_install']
[1.536s] Level 1:colcon.colcon_core.package_identification:_identify(.) by extension 'ignore'
[1.536s] Level 1:colcon.colcon_core.package_identification:_identify(.) by extension 'ignore_ament_install'
[1.536s] Level 1:colcon.colcon_core.package_identification:_identify(.) by extensions ['colcon_pkg']
[1.536s] Level 1:colcon.colcon_core.package_identification:_identify(.) by extension 'colcon_pkg'
[1.536s] Level 1:colcon.colcon_core.package_identification:_identify(.) by extensions ['colcon_meta']
[1.537s] Level 1:colcon.colcon_core.package_identification:_identify(.) by extension 'colcon_meta'
[1.537s] Level 1:colcon.colcon_core.package_identification:_identify(.) by extensions ['ros']
[1.537s] Level 1:colcon.colcon_core.package_identification:_identify(.) by extension 'ros'
[1.560s] Level 1:colcon.colcon_core.package_identification:_identify(.) by extensions ['cmake', 'python']
[1.561s] Level 1:colcon.colcon_core.package_identification:_identify(.) by extension 'cmake'
[1.561s] Level 1:colcon.colcon_core.package_identification:_identify(.) by extension 'python'
[1.561s] Level 1:colcon.colcon_core.package_identification:_identify(.) by extensions ['python_setup_py']
[1.561s] Level 1:colcon.colcon_core.package_identification:_identify(.) by extension 'python_setup_py'
[1.561s] Level 1:colcon.colcon_core.package_identification:_identify(basics) by extensions ['ignore', 'ignore_ament_install']
[1.561s] Level 1:colcon.colcon_core.package_identification:_identify(basics) by extension 'ignore'
[1.562s] Level 1:colcon.colcon_core.package_identification:_identify(basics) by extension 'ignore_ament_install'
[1.562s] Level 1:colcon.colcon_core.package_identification:_identify(basics) by extensions ['colcon_pkg']
[1.562s] Level 1:colcon.colcon_core.package_identification:_identify(basics) by extension 'colcon_pkg'
[1.562s] Level 1:colcon.colcon_core.package_identification:_identify(basics) by extensions ['colcon_meta']
[1.562s] Level 1:colcon.colcon_core.package_identification:_identify(basics) by extension 'colcon_meta'
[1.562s] Level 1:colcon.colcon_core.package_identification:_identify(basics) by extensions ['ros']
[1.562s] Level 1:colcon.colcon_core.package_identification:_identify(basics) by extension 'ros'
[1.566s] DEBUG:colcon.colcon_core.package_identification:Package 'basics' with type 'ros.ament_cmake' and name 'basics'
[1.566s] Level 1:colcon.colcon_core.package_identification:_identify(br2_basics) by extensions ['ignore', 'ignore_ament_install']
[1.567s] Level 1:colcon.colcon_core.package_identification:_identify(br2_basics) by extension 'ignore'
[1.567s] Level 1:colcon.colcon_core.package_identification:_identify(br2_basics) by extension 'ignore_ament_install'
[1.567s] Level 1:colcon.colcon_core.package_identification:_identify(br2_basics) by extensions ['colcon_pkg']
[1.567s] Level 1:colcon.colcon_core.package_identification:_identify(br2_basics) by extension 'colcon_pkg'
[1.567s] Level 1:colcon.colcon_core.package_identification:_identify(br2_basics) by extensions ['colcon_meta']
[1.567s] Level 1:colcon.colcon_core.package_identification:_identify(br2_basics) by extension 'colcon_meta'
[1.567s] Level 1:colcon.colcon_core.package_identification:_identify(br2_basics) by extensions ['ros']
[1.567s] Level 1:colcon.colcon_core.package_identification:_identify(br2_basics) by extension 'ros'
[1.568s] DEBUG:colcon.colcon_core.package_identification:Package 'br2_basics' with type 'ros.ament_cmake' and name 'br2_basics'
[1.568s] Level 1:colcon.colcon_core.package_identification:_identify(build) by extensions ['ignore', 'ignore_ament_install']
[1.569s] Level 1:colcon.colcon_core.package_identification:_identify(build) by extension 'ignore'
[1.569s] Level 1:colcon.colcon_core.package_identification:_identify(build) ignored
[1.569s] Level 1:colcon.colcon_core.package_identification:_identify(cpp_pubsub) by extensions ['ignore', 'ignore_ament_install']
[1.569s] Level 1:colcon.colcon_core.package_identification:_identify(cpp_pubsub) by extension 'ignore'
[1.569s] Level 1:colcon.colcon_core.package_identification:_identify(cpp_pubsub) by extension 'ignore_ament_install'
[1.569s] Level 1:colcon.colcon_core.package_identification:_identify(cpp_pubsub) by extensions ['colcon_pkg']
[1.569s] Level 1:colcon.colcon_core.package_identification:_identify(cpp_pubsub) by extension 'colcon_pkg'
[1.569s] Level 1:colcon.colcon_core.package_identification:_identify(cpp_pubsub) by extensions ['colcon_meta']
[1.569s] Level 1:colcon.colcon_core.package_identification:_identify(cpp_pubsub) by extension 'colcon_meta'
[1.569s] Level 1:colcon.colcon_core.package_identification:_identify(cpp_pubsub) by extensions ['ros']
[1.569s] Level 1:colcon.colcon_core.package_identification:_identify(cpp_pubsub) by extension 'ros'
[1.570s] DEBUG:colcon.colcon_core.package_identification:Package 'cpp_pubsub' with type 'ros.ament_cmake' and name 'cpp_pubsub'
[1.570s] Level 1:colcon.colcon_core.package_identification:_identify(install) by extensions ['ignore', 'ignore_ament_install']
[1.571s] Level 1:colcon.colcon_core.package_identification:_identify(install) by extension 'ignore'
[1.571s] Level 1:colcon.colcon_core.package_identification:_identify(install) ignored
[1.571s] Level 1:colcon.colcon_core.package_identification:_identify(log) by extensions ['ignore', 'ignore_ament_install']
[1.571s] Level 1:colcon.colcon_core.package_identification:_identify(log) by extension 'ignore'
[1.571s] Level 1:colcon.colcon_core.package_identification:_identify(log) ignored
[1.571s] Level 1:colcon.colcon_core.package_identification:_identify(my_package) by extensions ['ignore', 'ignore_ament_install']
[1.572s] Level 1:colcon.colcon_core.package_identification:_identify(my_package) by extension 'ignore'
[1.572s] Level 1:colcon.colcon_core.package_identification:_identify(my_package) by extension 'ignore_ament_install'
[1.572s] Level 1:colcon.colcon_core.package_identification:_identify(my_package) by extensions ['colcon_pkg']
[1.572s] Level 1:colcon.colcon_core.package_identification:_identify(my_package) by extension 'colcon_pkg'
[1.572s] Level 1:colcon.colcon_core.package_identification:_identify(my_package) by extensions ['colcon_meta']
[1.572s] Level 1:colcon.colcon_core.package_identification:_identify(my_package) by extension 'colcon_meta'
[1.572s] Level 1:colcon.colcon_core.package_identification:_identify(my_package) by extensions ['ros']
[1.572s] Level 1:colcon.colcon_core.package_identification:_identify(my_package) by extension 'ros'
[1.573s] DEBUG:colcon.colcon_core.package_identification:Package 'my_package' with type 'ros.ament_cmake' and name 'my_package'
[1.573s] Level 1:colcon.colcon_core.package_discovery:discover_packages(recursive) using defaults
[1.573s] Level 1:colcon.colcon_core.package_discovery:discover_packages(ignore) discover
[1.573s] Level 1:colcon.colcon_core.package_discovery:discover_packages(ignore) using defaults
[1.573s] Level 1:colcon.colcon_core.package_discovery:discover_packages(path) discover
[1.573s] Level 1:colcon.colcon_core.package_discovery:discover_packages(path) using defaults
[1.620s] Level 1:colcon.colcon_core.package_discovery:discover_packages(prefix_path) check parameters
[1.620s] Level 1:colcon.colcon_core.package_discovery:discover_packages(prefix_path) discover
[1.627s] DEBUG:colcon.colcon_installed_package_information.package_discovery:Found 3 installed packages in /home/jose/ws/ros2/install
[1.632s] DEBUG:colcon.colcon_installed_package_information.package_discovery:Found 256 installed packages in /opt/ros/foxy
[1.636s] Level 1:colcon.colcon_core.package_discovery:discover_packages(prefix_path) using defaults
[1.770s] Level 5:colcon.colcon_core.verb:set package 'basics' build argument 'cmake_args' from command line to 'None'
[1.770s] Level 5:colcon.colcon_core.verb:set package 'basics' build argument 'cmake_target' from command line to 'None'
[1.770s] Level 5:colcon.colcon_core.verb:set package 'basics' build argument 'cmake_target_skip_unavailable' from command line to 'False'
[1.770s] Level 5:colcon.colcon_core.verb:set package 'basics' build argument 'cmake_clean_cache' from command line to 'False'
[1.770s] Level 5:colcon.colcon_core.verb:set package 'basics' build argument 'cmake_clean_first' from command line to 'False'
[1.770s] Level 5:colcon.colcon_core.verb:set package 'basics' build argument 'cmake_force_configure' from command line to 'False'
[1.770s] Level 5:colcon.colcon_core.verb:set package 'basics' build argument 'ament_cmake_args' from command line to 'None'
[1.770s] Level 5:colcon.colcon_core.verb:set package 'basics' build argument 'catkin_cmake_args' from command line to 'None'
[1.770s] Level 5:colcon.colcon_core.verb:set package 'basics' build argument 'catkin_skip_building_tests' from command line to 'False'
[1.770s] DEBUG:colcon.colcon_core.verb:Building package 'basics' with the following arguments: {'ament_cmake_args': None, 'build_base': '/home/jose/ws/ros2/src/ros2_babysteps/build/basics', 'catkin_cmake_args': None, 'catkin_skip_building_tests': False, 'cmake_args': None, 'cmake_clean_cache': False, 'cmake_clean_first': False, 'cmake_force_configure': False, 'cmake_target': None, 'cmake_target_skip_unavailable': False, 'install_base': '/home/jose/ws/ros2/src/ros2_babysteps/install/basics', 'merge_install': False, 'path': '/home/jose/ws/ros2/src/ros2_babysteps/basics', 'symlink_install': False, 'test_result_base': None}
[1.773s] Level 5:colcon.colcon_core.verb:set package 'br2_basics' build argument 'cmake_args' from command line to 'None'
[1.773s] Level 5:colcon.colcon_core.verb:set package 'br2_basics' build argument 'cmake_target' from command line to 'None'
[1.773s] Level 5:colcon.colcon_core.verb:set package 'br2_basics' build argument 'cmake_target_skip_unavailable' from command line to 'False'
[1.773s] Level 5:colcon.colcon_core.verb:set package 'br2_basics' build argument 'cmake_clean_cache' from command line to 'False'
[1.773s] Level 5:colcon.colcon_core.verb:set package 'br2_basics' build argument 'cmake_clean_first' from command line to 'False'
[1.773s] Level 5:colcon.colcon_core.verb:set package 'br2_basics' build argument 'cmake_force_configure' from command line to 'False'
[1.773s] Level 5:colcon.colcon_core.verb:set package 'br2_basics' build argument 'ament_cmake_args' from command line to 'None'
[1.773s] Level 5:colcon.colcon_core.verb:set package 'br2_basics' build argument 'catkin_cmake_args' from command line to 'None'
[1.773s] Level 5:colcon.colcon_core.verb:set package 'br2_basics' build argument 'catkin_skip_building_tests' from command line to 'False'
[1.773s] DEBUG:colcon.colcon_core.verb:Building package 'br2_basics' with the following arguments: {'ament_cmake_args': None, 'build_base': '/home/jose/ws/ros2/src/ros2_babysteps/build/br2_basics', 'catkin_cmake_args': None, 'catkin_skip_building_tests': False, 'cmake_args': None, 'cmake_clean_cache': False, 'cmake_clean_first': False, 'cmake_force_configure': False, 'cmake_target': None, 'cmake_target_skip_unavailable': False, 'install_base': '/home/jose/ws/ros2/src/ros2_babysteps/install/br2_basics', 'merge_install': False, 'path': '/home/jose/ws/ros2/src/ros2_babysteps/br2_basics', 'symlink_install': False, 'test_result_base': None}
[1.776s] Level 5:colcon.colcon_core.verb:set package 'cpp_pubsub' build argument 'cmake_args' from command line to 'None'
[1.776s] Level 5:colcon.colcon_core.verb:set package 'cpp_pubsub' build argument 'cmake_target' from command line to 'None'
[1.776s] Level 5:colcon.colcon_core.verb:set package 'cpp_pubsub' build argument 'cmake_target_skip_unavailable' from command line to 'False'
[1.777s] Level 5:colcon.colcon_core.verb:set package 'cpp_pubsub' build argument 'cmake_clean_cache' from command line to 'False'
[1.777s] Level 5:colcon.colcon_core.verb:set package 'cpp_pubsub' build argument 'cmake_clean_first' from command line to 'False'
[1.777s] Level 5:colcon.colcon_core.verb:set package 'cpp_pubsub' build argument 'cmake_force_configure' from command line to 'False'
[1.777s] Level 5:colcon.colcon_core.verb:set package 'cpp_pubsub' build argument 'ament_cmake_args' from command line to 'None'
[1.777s] Level 5:colcon.colcon_core.verb:set package 'cpp_pubsub' build argument 'catkin_cmake_args' from command line to 'None'
[1.777s] Level 5:colcon.colcon_core.verb:set package 'cpp_pubsub' build argument 'catkin_skip_building_tests' from command line to 'False'
[1.777s] DEBUG:colcon.colcon_core.verb:Building package 'cpp_pubsub' with the following arguments: {'ament_cmake_args': None, 'build_base': '/home/jose/ws/ros2/src/ros2_babysteps/build/cpp_pubsub', 'catkin_cmake_args': None, 'catkin_skip_building_tests': False, 'cmake_args': None, 'cmake_clean_cache': False, 'cmake_clean_first': False, 'cmake_force_configure': False, 'cmake_target': None, 'cmake_target_skip_unavailable': False, 'install_base': '/home/jose/ws/ros2/src/ros2_babysteps/install/cpp_pubsub', 'merge_install': False, 'path': '/home/jose/ws/ros2/src/ros2_babysteps/cpp_pubsub', 'symlink_install': False, 'test_result_base': None}
[1.781s] Level 5:colcon.colcon_core.verb:set package 'my_package' build argument 'cmake_args' from command line to 'None'
[1.781s] Level 5:colcon.colcon_core.verb:set package 'my_package' build argument 'cmake_target' from command line to 'None'
[1.781s] Level 5:colcon.colcon_core.verb:set package 'my_package' build argument 'cmake_target_skip_unavailable' from command line to 'False'
[1.781s] Level 5:colcon.colcon_core.verb:set package 'my_package' build argument 'cmake_clean_cache' from command line to 'False'
[1.781s] Level 5:colcon.colcon_core.verb:set package 'my_package' build argument 'cmake_clean_first' from command line to 'False'
[1.782s] Level 5:colcon.colcon_core.verb:set package 'my_package' build argument 'cmake_force_configure' from command line to 'False'
[1.782s] Level 5:colcon.colcon_core.verb:set package 'my_package' build argument 'ament_cmake_args' from command line to 'None'
[1.782s] Level 5:colcon.colcon_core.verb:set package 'my_package' build argument 'catkin_cmake_args' from command line to 'None'
[1.782s] Level 5:colcon.colcon_core.verb:set package 'my_package' build argument 'catkin_skip_building_tests' from command line to 'False'
[1.782s] DEBUG:colcon.colcon_core.verb:Building package 'my_package' with the following arguments: {'ament_cmake_args': None, 'build_base': '/home/jose/ws/ros2/src/ros2_babysteps/build/my_package', 'catkin_cmake_args': None, 'catkin_skip_building_tests': False, 'cmake_args': None, 'cmake_clean_cache': False, 'cmake_clean_first': False, 'cmake_force_configure': False, 'cmake_target': None, 'cmake_target_skip_unavailable': False, 'install_base': '/home/jose/ws/ros2/src/ros2_babysteps/install/my_package', 'merge_install': False, 'path': '/home/jose/ws/ros2/src/ros2_babysteps/my_package', 'symlink_install': False, 'test_result_base': None}
[1.784s] INFO:colcon.colcon_core.executor:Executing jobs using 'parallel' executor
[1.795s] DEBUG:colcon.colcon_parallel_executor.executor.parallel:run_until_complete
[1.796s] INFO:colcon.colcon_ros.task.ament_cmake.build:Building ROS package in '/home/jose/ws/ros2/src/ros2_babysteps/basics' with build type 'ament_cmake'
[1.797s] INFO:colcon.colcon_cmake.task.cmake.build:Building CMake package in '/home/jose/ws/ros2/src/ros2_babysteps/basics'
[1.812s] INFO:colcon.colcon_core.plugin_system:Skipping extension 'colcon_core.shell.bat': Not used on non-Windows systems
[1.813s] INFO:colcon.colcon_core.shell:Skip shell extension 'powershell' for command environment: Not usable outside of PowerShell
[1.813s] DEBUG:colcon.colcon_core.shell:Skip shell extension 'dsv' for command environment
[1.834s] INFO:colcon.colcon_ros.task.ament_cmake.build:Building ROS package in '/home/jose/ws/ros2/src/ros2_babysteps/br2_basics' with build type 'ament_cmake'
[1.835s] INFO:colcon.colcon_cmake.task.cmake.build:Building CMake package in '/home/jose/ws/ros2/src/ros2_babysteps/br2_basics'
[1.839s] INFO:colcon.colcon_core.shell:Skip shell extension 'powershell' for command environment: Not usable outside of PowerShell
[1.840s] DEBUG:colcon.colcon_core.shell:Skip shell extension 'dsv' for command environment
[1.857s] INFO:colcon.colcon_ros.task.ament_cmake.build:Building ROS package in '/home/jose/ws/ros2/src/ros2_babysteps/cpp_pubsub' with build type 'ament_cmake'
[1.858s] INFO:colcon.colcon_cmake.task.cmake.build:Building CMake package in '/home/jose/ws/ros2/src/ros2_babysteps/cpp_pubsub'
[1.868s] INFO:colcon.colcon_core.shell:Skip shell extension 'powershell' for command environment: Not usable outside of PowerShell
[1.868s] DEBUG:colcon.colcon_core.shell:Skip shell extension 'dsv' for command environment
[1.883s] INFO:colcon.colcon_ros.task.ament_cmake.build:Building ROS package in '/home/jose/ws/ros2/src/ros2_babysteps/my_package' with build type 'ament_cmake'
[1.884s] INFO:colcon.colcon_cmake.task.cmake.build:Building CMake package in '/home/jose/ws/ros2/src/ros2_babysteps/my_package'
[1.888s] INFO:colcon.colcon_core.shell:Skip shell extension 'powershell' for command environment: Not usable outside of PowerShell
[1.889s] DEBUG:colcon.colcon_core.shell:Skip shell extension 'dsv' for command environment
[1.936s] DEBUG:colcon.colcon_core.event_handler.log_command:Invoking command in '/home/jose/ws/ros2/src/ros2_babysteps/build/basics': CMAKE_PREFIX_PATH=${CMAKE_PREFIX_PATH}:/opt/ros/foxy /usr/bin/cmake --build /home/jose/ws/ros2/src/ros2_babysteps/build/basics -- -j8 -l8
[1.951s] DEBUG:colcon.colcon_core.event_handler.log_command:Invoking command in '/home/jose/ws/ros2/src/ros2_babysteps/build/br2_basics': CMAKE_PREFIX_PATH=${CMAKE_PREFIX_PATH}:/opt/ros/foxy /usr/bin/cmake --build /home/jose/ws/ros2/src/ros2_babysteps/build/br2_basics -- -j8 -l8
[1.963s] DEBUG:colcon.colcon_core.event_handler.log_command:Invoking command in '/home/jose/ws/ros2/src/ros2_babysteps/build/cpp_pubsub': CMAKE_PREFIX_PATH=${CMAKE_PREFIX_PATH}:/opt/ros/foxy /usr/bin/cmake --build /home/jose/ws/ros2/src/ros2_babysteps/build/cpp_pubsub -- -j8 -l8
[1.983s] DEBUG:colcon.colcon_core.event_handler.log_command:Invoking command in '/home/jose/ws/ros2/src/ros2_babysteps/build/my_package': CMAKE_PREFIX_PATH=${CMAKE_PREFIX_PATH}:/opt/ros/foxy /usr/bin/cmake --build /home/jose/ws/ros2/src/ros2_babysteps/build/my_package -- -j8 -l8
[2.102s] DEBUG:colcon.colcon_core.event_handler.log_command:Invoked command in '/home/jose/ws/ros2/src/ros2_babysteps/build/basics' returned '0': CMAKE_PREFIX_PATH=${CMAKE_PREFIX_PATH}:/opt/ros/foxy /usr/bin/cmake --build /home/jose/ws/ros2/src/ros2_babysteps/build/basics -- -j8 -l8
[2.121s] DEBUG:colcon.colcon_core.event_handler.log_command:Invoked command in '/home/jose/ws/ros2/src/ros2_babysteps/build/my_package' returned '0': CMAKE_PREFIX_PATH=${CMAKE_PREFIX_PATH}:/opt/ros/foxy /usr/bin/cmake --build /home/jose/ws/ros2/src/ros2_babysteps/build/my_package -- -j8 -l8
[2.135s] DEBUG:colcon.colcon_core.event_handler.log_command:Invoked command in '/home/jose/ws/ros2/src/ros2_babysteps/build/cpp_pubsub' returned '0': CMAKE_PREFIX_PATH=${CMAKE_PREFIX_PATH}:/opt/ros/foxy /usr/bin/cmake --build /home/jose/ws/ros2/src/ros2_babysteps/build/cpp_pubsub -- -j8 -l8
[2.191s] DEBUG:colcon.colcon_core.event_handler.log_command:Invoking command in '/home/jose/ws/ros2/src/ros2_babysteps/build/basics': CMAKE_PREFIX_PATH=${CMAKE_PREFIX_PATH}:/opt/ros/foxy /usr/bin/cmake --install /home/jose/ws/ros2/src/ros2_babysteps/build/basics
[2.207s] DEBUG:colcon.colcon_core.event_handler.log_command:Invoking command in '/home/jose/ws/ros2/src/ros2_babysteps/build/cpp_pubsub': CMAKE_PREFIX_PATH=${CMAKE_PREFIX_PATH}:/opt/ros/foxy /usr/bin/cmake --install /home/jose/ws/ros2/src/ros2_babysteps/build/cpp_pubsub
[2.217s] DEBUG:colcon.colcon_core.event_handler.log_command:Invoking command in '/home/jose/ws/ros2/src/ros2_babysteps/build/my_package': CMAKE_PREFIX_PATH=${CMAKE_PREFIX_PATH}:/opt/ros/foxy /usr/bin/cmake --install /home/jose/ws/ros2/src/ros2_babysteps/build/my_package
[2.226s] Level 1:colcon.colcon_core.environment:create_environment_scripts_only(basics)
[2.248s] DEBUG:colcon.colcon_core.event_handler.log_command:Invoked command in '/home/jose/ws/ros2/src/ros2_babysteps/build/basics' returned '0': CMAKE_PREFIX_PATH=${CMAKE_PREFIX_PATH}:/opt/ros/foxy /usr/bin/cmake --install /home/jose/ws/ros2/src/ros2_babysteps/build/basics
[2.272s] Level 1:colcon.colcon_core.environment:checking '/home/jose/ws/ros2/src/ros2_babysteps/install/basics' for CMake module files
[2.273s] Level 1:colcon.colcon_core.environment:checking '/home/jose/ws/ros2/src/ros2_babysteps/install/basics' for CMake config files
[2.274s] Level 1:colcon.colcon_core.shell:create_environment_hook('basics', 'cmake_prefix_path')
[2.279s] INFO:colcon.colcon_core.shell:Creating environment hook '/home/jose/ws/ros2/src/ros2_babysteps/install/basics/share/basics/hook/cmake_prefix_path.ps1'
[2.281s] INFO:colcon.colcon_core.shell:Creating environment descriptor '/home/jose/ws/ros2/src/ros2_babysteps/install/basics/share/basics/hook/cmake_prefix_path.dsv'
[2.282s] INFO:colcon.colcon_core.shell:Creating environment hook '/home/jose/ws/ros2/src/ros2_babysteps/install/basics/share/basics/hook/cmake_prefix_path.sh'
[2.285s] Level 1:colcon.colcon_core.environment:checking '/home/jose/ws/ros2/src/ros2_babysteps/install/basics/lib'
[2.285s] Level 1:colcon.colcon_core.environment:checking '/home/jose/ws/ros2/src/ros2_babysteps/install/basics/bin'
[2.286s] Level 1:colcon.colcon_core.environment:checking '/home/jose/ws/ros2/src/ros2_babysteps/install/basics/lib/pkgconfig/basics.pc'
[2.286s] Level 1:colcon.colcon_core.environment:checking '/home/jose/ws/ros2/src/ros2_babysteps/install/basics/lib/python3.8/site-packages'
[2.287s] Level 1:colcon.colcon_core.environment:checking '/home/jose/ws/ros2/src/ros2_babysteps/install/basics/bin'
[2.290s] INFO:colcon.colcon_core.shell:Creating package script '/home/jose/ws/ros2/src/ros2_babysteps/install/basics/share/basics/package.ps1'
[2.292s] INFO:colcon.colcon_core.shell:Creating package descriptor '/home/jose/ws/ros2/src/ros2_babysteps/install/basics/share/basics/package.dsv'
[2.293s] INFO:colcon.colcon_core.shell:Creating package script '/home/jose/ws/ros2/src/ros2_babysteps/install/basics/share/basics/package.sh'
[2.296s] INFO:colcon.colcon_core.shell:Creating package script '/home/jose/ws/ros2/src/ros2_babysteps/install/basics/share/basics/package.bash'
[2.298s] INFO:colcon.colcon_core.shell:Creating package script '/home/jose/ws/ros2/src/ros2_babysteps/install/basics/share/basics/package.zsh'
[2.300s] Level 1:colcon.colcon_core.environment:create_file_with_runtime_dependencies(/home/jose/ws/ros2/src/ros2_babysteps/install/basics/share/colcon-core/packages/basics)
[2.309s] Level 1:colcon.colcon_core.environment:create_environment_scripts_only(cpp_pubsub)
[2.311s] DEBUG:colcon.colcon_core.event_handler.log_command:Invoked command in '/home/jose/ws/ros2/src/ros2_babysteps/build/cpp_pubsub' returned '0': CMAKE_PREFIX_PATH=${CMAKE_PREFIX_PATH}:/opt/ros/foxy /usr/bin/cmake --install /home/jose/ws/ros2/src/ros2_babysteps/build/cpp_pubsub
[2.318s] Level 1:colcon.colcon_core.environment:checking '/home/jose/ws/ros2/src/ros2_babysteps/install/cpp_pubsub' for CMake module files
[2.319s] Level 1:colcon.colcon_core.environment:checking '/home/jose/ws/ros2/src/ros2_babysteps/install/cpp_pubsub' for CMake config files
[2.319s] Level 1:colcon.colcon_core.shell:create_environment_hook('cpp_pubsub', 'cmake_prefix_path')
[2.323s] INFO:colcon.colcon_core.shell:Creating environment hook '/home/jose/ws/ros2/src/ros2_babysteps/install/cpp_pubsub/share/cpp_pubsub/hook/cmake_prefix_path.ps1'
[2.324s] INFO:colcon.colcon_core.shell:Creating environment descriptor '/home/jose/ws/ros2/src/ros2_babysteps/install/cpp_pubsub/share/cpp_pubsub/hook/cmake_prefix_path.dsv'
[2.325s] INFO:colcon.colcon_core.shell:Creating environment hook '/home/jose/ws/ros2/src/ros2_babysteps/install/cpp_pubsub/share/cpp_pubsub/hook/cmake_prefix_path.sh'
[2.328s] Level 1:colcon.colcon_core.environment:checking '/home/jose/ws/ros2/src/ros2_babysteps/install/cpp_pubsub/lib'
[2.329s] Level 1:colcon.colcon_core.environment:checking '/home/jose/ws/ros2/src/ros2_babysteps/install/cpp_pubsub/bin'
[2.329s] Level 1:colcon.colcon_core.environment:checking '/home/jose/ws/ros2/src/ros2_babysteps/install/cpp_pubsub/lib/pkgconfig/cpp_pubsub.pc'
[2.330s] Level 1:colcon.colcon_core.environment:checking '/home/jose/ws/ros2/src/ros2_babysteps/install/cpp_pubsub/lib/python3.8/site-packages'
[2.331s] Level 1:colcon.colcon_core.environment:checking '/home/jose/ws/ros2/src/ros2_babysteps/install/cpp_pubsub/bin'
[2.335s] INFO:colcon.colcon_core.shell:Creating package script '/home/jose/ws/ros2/src/ros2_babysteps/install/cpp_pubsub/share/cpp_pubsub/package.ps1'
[2.336s] INFO:colcon.colcon_core.shell:Creating package descriptor '/home/jose/ws/ros2/src/ros2_babysteps/install/cpp_pubsub/share/cpp_pubsub/package.dsv'
[2.338s] INFO:colcon.colcon_core.shell:Creating package script '/home/jose/ws/ros2/src/ros2_babysteps/install/cpp_pubsub/share/cpp_pubsub/package.sh'
[2.339s] INFO:colcon.colcon_core.shell:Creating package script '/home/jose/ws/ros2/src/ros2_babysteps/install/cpp_pubsub/share/cpp_pubsub/package.bash'
[2.340s] INFO:colcon.colcon_core.shell:Creating package script '/home/jose/ws/ros2/src/ros2_babysteps/install/cpp_pubsub/share/cpp_pubsub/package.zsh'
[2.341s] Level 1:colcon.colcon_core.environment:create_file_with_runtime_dependencies(/home/jose/ws/ros2/src/ros2_babysteps/install/cpp_pubsub/share/colcon-core/packages/cpp_pubsub)
[2.348s] Level 1:colcon.colcon_core.environment:create_environment_scripts_only(my_package)
[2.355s] Level 1:colcon.colcon_core.environment:checking '/home/jose/ws/ros2/src/ros2_babysteps/install/my_package' for CMake module files
[2.356s] DEBUG:colcon.colcon_core.event_handler.log_command:Invoked command in '/home/jose/ws/ros2/src/ros2_babysteps/build/my_package' returned '0': CMAKE_PREFIX_PATH=${CMAKE_PREFIX_PATH}:/opt/ros/foxy /usr/bin/cmake --install /home/jose/ws/ros2/src/ros2_babysteps/build/my_package
[2.357s] Level 1:colcon.colcon_core.environment:checking '/home/jose/ws/ros2/src/ros2_babysteps/install/my_package' for CMake config files
[2.358s] Level 1:colcon.colcon_core.shell:create_environment_hook('my_package', 'cmake_prefix_path')
[2.363s] INFO:colcon.colcon_core.shell:Creating environment hook '/home/jose/ws/ros2/src/ros2_babysteps/install/my_package/share/my_package/hook/cmake_prefix_path.ps1'
[2.364s] INFO:colcon.colcon_core.shell:Creating environment descriptor '/home/jose/ws/ros2/src/ros2_babysteps/install/my_package/share/my_package/hook/cmake_prefix_path.dsv'
[2.365s] INFO:colcon.colcon_core.shell:Creating environment hook '/home/jose/ws/ros2/src/ros2_babysteps/install/my_package/share/my_package/hook/cmake_prefix_path.sh'
[2.367s] Level 1:colcon.colcon_core.environment:checking '/home/jose/ws/ros2/src/ros2_babysteps/install/my_package/lib'
[2.367s] Level 1:colcon.colcon_core.environment:checking '/home/jose/ws/ros2/src/ros2_babysteps/install/my_package/bin'
[2.367s] Level 1:colcon.colcon_core.environment:checking '/home/jose/ws/ros2/src/ros2_babysteps/install/my_package/lib/pkgconfig/my_package.pc'
[2.368s] Level 1:colcon.colcon_core.environment:checking '/home/jose/ws/ros2/src/ros2_babysteps/install/my_package/lib/python3.8/site-packages'
[2.368s] Level 1:colcon.colcon_core.environment:checking '/home/jose/ws/ros2/src/ros2_babysteps/install/my_package/bin'
[2.372s] INFO:colcon.colcon_core.shell:Creating package script '/home/jose/ws/ros2/src/ros2_babysteps/install/my_package/share/my_package/package.ps1'
[2.373s] INFO:colcon.colcon_core.shell:Creating package descriptor '/home/jose/ws/ros2/src/ros2_babysteps/install/my_package/share/my_package/package.dsv'
[2.374s] INFO:colcon.colcon_core.shell:Creating package script '/home/jose/ws/ros2/src/ros2_babysteps/install/my_package/share/my_package/package.sh'
[2.376s] INFO:colcon.colcon_core.shell:Creating package script '/home/jose/ws/ros2/src/ros2_babysteps/install/my_package/share/my_package/package.bash'
[2.378s] INFO:colcon.colcon_core.shell:Creating package script '/home/jose/ws/ros2/src/ros2_babysteps/install/my_package/share/my_package/package.zsh'
[2.379s] Level 1:colcon.colcon_core.environment:create_file_with_runtime_dependencies(/home/jose/ws/ros2/src/ros2_babysteps/install/my_package/share/colcon-core/packages/my_package)
[2.390s] Level 1:colcon.colcon_core.environment:create_environment_scripts_only(basics)
[2.396s] Level 1:colcon.colcon_core.environment:checking '/home/jose/ws/ros2/src/ros2_babysteps/install/basics' for CMake module files
[2.397s] Level 1:colcon.colcon_core.environment:checking '/home/jose/ws/ros2/src/ros2_babysteps/install/basics' for CMake config files
[2.397s] Level 1:colcon.colcon_core.shell:create_environment_hook('basics', 'cmake_prefix_path')
[2.401s] INFO:colcon.colcon_core.shell:Creating environment hook '/home/jose/ws/ros2/src/ros2_babysteps/install/basics/share/basics/hook/cmake_prefix_path.ps1'
[2.403s] INFO:colcon.colcon_core.shell:Creating environment descriptor '/home/jose/ws/ros2/src/ros2_babysteps/install/basics/share/basics/hook/cmake_prefix_path.dsv'
[2.404s] INFO:colcon.colcon_core.shell:Creating environment hook '/home/jose/ws/ros2/src/ros2_babysteps/install/basics/share/basics/hook/cmake_prefix_path.sh'
[2.407s] Level 1:colcon.colcon_core.environment:checking '/home/jose/ws/ros2/src/ros2_babysteps/install/basics/lib'
[2.407s] Level 1:colcon.colcon_core.environment:checking '/home/jose/ws/ros2/src/ros2_babysteps/install/basics/bin'
[2.408s] Level 1:colcon.colcon_core.environment:checking '/home/jose/ws/ros2/src/ros2_babysteps/install/basics/lib/pkgconfig/basics.pc'
[2.408s] Level 1:colcon.colcon_core.environment:checking '/home/jose/ws/ros2/src/ros2_babysteps/install/basics/lib/python3.8/site-packages'
[2.409s] Level 1:colcon.colcon_core.environment:checking '/home/jose/ws/ros2/src/ros2_babysteps/install/basics/bin'
[2.414s] INFO:colcon.colcon_core.shell:Creating package script '/home/jose/ws/ros2/src/ros2_babysteps/install/basics/share/basics/package.ps1'
[2.416s] INFO:colcon.colcon_core.shell:Creating package descriptor '/home/jose/ws/ros2/src/ros2_babysteps/install/basics/share/basics/package.dsv'
[2.418s] INFO:colcon.colcon_core.shell:Creating package script '/home/jose/ws/ros2/src/ros2_babysteps/install/basics/share/basics/package.sh'
[2.421s] INFO:colcon.colcon_core.shell:Creating package script '/home/jose/ws/ros2/src/ros2_babysteps/install/basics/share/basics/package.bash'
[2.424s] INFO:colcon.colcon_core.shell:Creating package script '/home/jose/ws/ros2/src/ros2_babysteps/install/basics/share/basics/package.zsh'
[2.426s] Level 1:colcon.colcon_core.environment:create_file_with_runtime_dependencies(/home/jose/ws/ros2/src/ros2_babysteps/install/basics/share/colcon-core/packages/basics)
[2.435s] Level 1:colcon.colcon_core.environment:create_environment_scripts_only(cpp_pubsub)
[2.440s] Level 1:colcon.colcon_core.environment:checking '/home/jose/ws/ros2/src/ros2_babysteps/install/cpp_pubsub' for CMake module files
[2.442s] Level 1:colcon.colcon_core.environment:checking '/home/jose/ws/ros2/src/ros2_babysteps/install/cpp_pubsub' for CMake config files
[2.443s] Level 1:colcon.colcon_core.shell:create_environment_hook('cpp_pubsub', 'cmake_prefix_path')
[2.447s] INFO:colcon.colcon_core.shell:Creating environment hook '/home/jose/ws/ros2/src/ros2_babysteps/install/cpp_pubsub/share/cpp_pubsub/hook/cmake_prefix_path.ps1'
[2.448s] INFO:colcon.colcon_core.shell:Creating environment descriptor '/home/jose/ws/ros2/src/ros2_babysteps/install/cpp_pubsub/share/cpp_pubsub/hook/cmake_prefix_path.dsv'
[2.450s] INFO:colcon.colcon_core.shell:Creating environment hook '/home/jose/ws/ros2/src/ros2_babysteps/install/cpp_pubsub/share/cpp_pubsub/hook/cmake_prefix_path.sh'
[2.451s] Level 1:colcon.colcon_core.environment:checking '/home/jose/ws/ros2/src/ros2_babysteps/install/cpp_pubsub/lib'
[2.452s] Level 1:colcon.colcon_core.environment:checking '/home/jose/ws/ros2/src/ros2_babysteps/install/cpp_pubsub/bin'
[2.452s] Level 1:colcon.colcon_core.environment:checking '/home/jose/ws/ros2/src/ros2_babysteps/install/cpp_pubsub/lib/pkgconfig/cpp_pubsub.pc'
[2.452s] Level 1:colcon.colcon_core.environment:checking '/home/jose/ws/ros2/src/ros2_babysteps/install/cpp_pubsub/lib/python3.8/site-packages'
[2.453s] Level 1:colcon.colcon_core.environment:checking '/home/jose/ws/ros2/src/ros2_babysteps/install/cpp_pubsub/bin'
[2.456s] INFO:colcon.colcon_core.shell:Creating package script '/home/jose/ws/ros2/src/ros2_babysteps/install/cpp_pubsub/share/cpp_pubsub/package.ps1'
[2.458s] INFO:colcon.colcon_core.shell:Creating package descriptor '/home/jose/ws/ros2/src/ros2_babysteps/install/cpp_pubsub/share/cpp_pubsub/package.dsv'
[2.460s] INFO:colcon.colcon_core.shell:Creating package script '/home/jose/ws/ros2/src/ros2_babysteps/install/cpp_pubsub/share/cpp_pubsub/package.sh'
[2.462s] INFO:colcon.colcon_core.shell:Creating package script '/home/jose/ws/ros2/src/ros2_babysteps/install/cpp_pubsub/share/cpp_pubsub/package.bash'
[2.463s] INFO:colcon.colcon_core.shell:Creating package script '/home/jose/ws/ros2/src/ros2_babysteps/install/cpp_pubsub/share/cpp_pubsub/package.zsh'
[2.464s] Level 1:colcon.colcon_core.environment:create_file_with_runtime_dependencies(/home/jose/ws/ros2/src/ros2_babysteps/install/cpp_pubsub/share/colcon-core/packages/cpp_pubsub)
[2.469s] Level 1:colcon.colcon_core.environment:create_environment_scripts_only(my_package)
[2.474s] Level 1:colcon.colcon_core.environment:checking '/home/jose/ws/ros2/src/ros2_babysteps/install/my_package' for CMake module files
[2.479s] Level 1:colcon.colcon_core.environment:checking '/home/jose/ws/ros2/src/ros2_babysteps/install/my_package' for CMake config files
[2.479s] Level 1:colcon.colcon_core.shell:create_environment_hook('my_package', 'cmake_prefix_path')
[2.483s] INFO:colcon.colcon_core.shell:Creating environment hook '/home/jose/ws/ros2/src/ros2_babysteps/install/my_package/share/my_package/hook/cmake_prefix_path.ps1'
[2.484s] INFO:colcon.colcon_core.shell:Creating environment descriptor '/home/jose/ws/ros2/src/ros2_babysteps/install/my_package/share/my_package/hook/cmake_prefix_path.dsv'
[2.485s] INFO:colcon.colcon_core.shell:Creating environment hook '/home/jose/ws/ros2/src/ros2_babysteps/install/my_package/share/my_package/hook/cmake_prefix_path.sh'
[2.487s] Level 1:colcon.colcon_core.environment:checking '/home/jose/ws/ros2/src/ros2_babysteps/install/my_package/lib'
[2.487s] Level 1:colcon.colcon_core.environment:checking '/home/jose/ws/ros2/src/ros2_babysteps/install/my_package/bin'
[2.487s] Level 1:colcon.colcon_core.environment:checking '/home/jose/ws/ros2/src/ros2_babysteps/install/my_package/lib/pkgconfig/my_package.pc'
[2.488s] Level 1:colcon.colcon_core.environment:checking '/home/jose/ws/ros2/src/ros2_babysteps/install/my_package/lib/python3.8/site-packages'
[2.488s] Level 1:colcon.colcon_core.environment:checking '/home/jose/ws/ros2/src/ros2_babysteps/install/my_package/bin'
[2.492s] INFO:colcon.colcon_core.shell:Creating package script '/home/jose/ws/ros2/src/ros2_babysteps/install/my_package/share/my_package/package.ps1'
[2.495s] INFO:colcon.colcon_core.shell:Creating package descriptor '/home/jose/ws/ros2/src/ros2_babysteps/install/my_package/share/my_package/package.dsv'
[2.497s] INFO:colcon.colcon_core.shell:Creating package script '/home/jose/ws/ros2/src/ros2_babysteps/install/my_package/share/my_package/package.sh'
[2.498s] INFO:colcon.colcon_core.shell:Creating package script '/home/jose/ws/ros2/src/ros2_babysteps/install/my_package/share/my_package/package.bash'
[2.500s] INFO:colcon.colcon_core.shell:Creating package script '/home/jose/ws/ros2/src/ros2_babysteps/install/my_package/share/my_package/package.zsh'
[2.501s] Level 1:colcon.colcon_core.environment:create_file_with_runtime_dependencies(/home/jose/ws/ros2/src/ros2_babysteps/install/my_package/share/colcon-core/packages/my_package)
[5.834s] DEBUG:colcon.colcon_core.event_handler.log_command:Invoked command in '/home/jose/ws/ros2/src/ros2_babysteps/build/br2_basics' returned '2': CMAKE_PREFIX_PATH=${CMAKE_PREFIX_PATH}:/opt/ros/foxy /usr/bin/cmake --build /home/jose/ws/ros2/src/ros2_babysteps/build/br2_basics -- -j8 -l8
[5.881s] Level 1:colcon.colcon_core.environment:create_environment_scripts_only(br2_basics)
[5.887s] Level 1:colcon.colcon_core.environment:checking '/home/jose/ws/ros2/src/ros2_babysteps/install/br2_basics' for CMake module files
[5.888s] Level 1:colcon.colcon_core.environment:checking '/home/jose/ws/ros2/src/ros2_babysteps/install/br2_basics' for CMake config files
[5.889s] Level 1:colcon.colcon_core.environment:checking '/home/jose/ws/ros2/src/ros2_babysteps/install/br2_basics/bin'
[5.889s] Level 1:colcon.colcon_core.environment:checking '/home/jose/ws/ros2/src/ros2_babysteps/install/br2_basics/lib/pkgconfig/br2_basics.pc'
[5.890s] Level 1:colcon.colcon_core.environment:checking '/home/jose/ws/ros2/src/ros2_babysteps/install/br2_basics/lib/python3.8/site-packages'
[5.890s] Level 1:colcon.colcon_core.environment:checking '/home/jose/ws/ros2/src/ros2_babysteps/install/br2_basics/bin'
[5.895s] INFO:colcon.colcon_core.shell:Creating package script '/home/jose/ws/ros2/src/ros2_babysteps/install/br2_basics/share/br2_basics/package.ps1'
[5.896s] INFO:colcon.colcon_core.shell:Creating package descriptor '/home/jose/ws/ros2/src/ros2_babysteps/install/br2_basics/share/br2_basics/package.dsv'
[5.897s] INFO:colcon.colcon_core.shell:Creating package script '/home/jose/ws/ros2/src/ros2_babysteps/install/br2_basics/share/br2_basics/package.sh'
[5.898s] INFO:colcon.colcon_core.shell:Creating package script '/home/jose/ws/ros2/src/ros2_babysteps/install/br2_basics/share/br2_basics/package.bash'
[5.899s] INFO:colcon.colcon_core.shell:Creating package script '/home/jose/ws/ros2/src/ros2_babysteps/install/br2_basics/share/br2_basics/package.zsh'
[5.900s] Level 1:colcon.colcon_core.environment:create_file_with_runtime_dependencies(/home/jose/ws/ros2/src/ros2_babysteps/install/br2_basics/share/colcon-core/packages/br2_basics)
[5.912s] DEBUG:colcon.colcon_parallel_executor.executor.parallel:closing loop
[5.913s] DEBUG:colcon.colcon_parallel_executor.executor.parallel:loop closed
[5.913s] DEBUG:colcon.colcon_parallel_executor.executor.parallel:run_until_complete finished with '2'
[5.914s] DEBUG:colcon.colcon_core.event_reactor:joining thread
[6.275s] INFO:colcon.colcon_core.plugin_system:Skipping extension 'colcon_notification.desktop_notification.notify_send': Could not find 'notify-send'
[6.276s] INFO:colcon.colcon_core.plugin_system:Skipping extension 'colcon_notification.desktop_notification.terminal_notifier': Not used on non-Darwin systems
[6.276s] INFO:colcon.colcon_core.plugin_system:Skipping extension 'colcon_notification.desktop_notification.win32': Not used on non-Windows systems
[6.276s] INFO:colcon.colcon_notification.desktop_notification:Sending desktop notification using 'notify2'
[6.289s] DEBUG:colcon.colcon_notification.desktop_notification.notify2:Failed to initialize notify2: org.freedesktop.DBus.Error.ServiceUnknown: The name org.freedesktop.Notifications was not provided by any .service files
[6.290s] DEBUG:colcon.colcon_core.event_reactor:joined thread
[6.296s] INFO:colcon.colcon_core.shell:Creating prefix script '/home/jose/ws/ros2/src/ros2_babysteps/install/local_setup.ps1'
[6.299s] INFO:colcon.colcon_core.shell:Creating prefix util module '/home/jose/ws/ros2/src/ros2_babysteps/install/_local_setup_util_ps1.py'
[6.302s] INFO:colcon.colcon_core.shell:Creating prefix chain script '/home/jose/ws/ros2/src/ros2_babysteps/install/setup.ps1'
[6.306s] INFO:colcon.colcon_core.shell:Creating prefix script '/home/jose/ws/ros2/src/ros2_babysteps/install/local_setup.sh'
[6.308s] INFO:colcon.colcon_core.shell:Creating prefix util module '/home/jose/ws/ros2/src/ros2_babysteps/install/_local_setup_util_sh.py'
[6.310s] INFO:colcon.colcon_core.shell:Creating prefix chain script '/home/jose/ws/ros2/src/ros2_babysteps/install/setup.sh'
[6.314s] INFO:colcon.colcon_core.shell:Creating prefix script '/home/jose/ws/ros2/src/ros2_babysteps/install/local_setup.bash'
[6.316s] INFO:colcon.colcon_core.shell:Creating prefix chain script '/home/jose/ws/ros2/src/ros2_babysteps/install/setup.bash'
[6.320s] INFO:colcon.colcon_core.shell:Creating prefix script '/home/jose/ws/ros2/src/ros2_babysteps/install/local_setup.zsh'
[6.321s] INFO:colcon.colcon_core.shell:Creating prefix chain script '/home/jose/ws/ros2/src/ros2_babysteps/install/setup.zsh'
