[0.146s] Invoking command in '/home/jose/ws/ros2/src/ros2_babysteps/build/basics': CMAKE_PREFIX_PATH=${CMAKE_PREFIX_PATH}:/opt/ros/foxy /usr/bin/cmake --build /home/jose/ws/ros2/src/ros2_babysteps/build/basics -- -j8 -l8
[0.270s] [100%] Built target basic
[0.299s] Invoked command in '/home/jose/ws/ros2/src/ros2_babysteps/build/basics' returned '0': CMAKE_PREFIX_PATH=${CMAKE_PREFIX_PATH}:/opt/ros/foxy /usr/bin/cmake --build /home/jose/ws/ros2/src/ros2_babysteps/build/basics -- -j8 -l8
[0.391s] Invoking command in '/home/jose/ws/ros2/src/ros2_babysteps/build/basics': CMAKE_PREFIX_PATH=${CMAKE_PREFIX_PATH}:/opt/ros/foxy /usr/bin/cmake --install /home/jose/ws/ros2/src/ros2_babysteps/build/basics
[0.415s] -- Install configuration: ""
[0.424s] -- Up-to-date: /home/jose/ws/ros2/src/ros2_babysteps/install/basics/lib/basics/basic
[0.429s] -- Up-to-date: /home/jose/ws/ros2/src/ros2_babysteps/install/basics/share/ament_index/resource_index/package_run_dependencies/basics
[0.433s] -- Up-to-date: /home/jose/ws/ros2/src/ros2_babysteps/install/basics/share/ament_index/resource_index/parent_prefix_path/basics
[0.434s] -- Up-to-date: /home/jose/ws/ros2/src/ros2_babysteps/install/basics/share/basics/environment/ament_prefix_path.sh
[0.435s] -- Up-to-date: /home/jose/ws/ros2/src/ros2_babysteps/install/basics/share/basics/environment/ament_prefix_path.dsv
[0.438s] -- Up-to-date: /home/jose/ws/ros2/src/ros2_babysteps/install/basics/share/basics/environment/path.sh
[0.440s] -- Up-to-date: /home/jose/ws/ros2/src/ros2_babysteps/install/basics/share/basics/environment/path.dsv
[0.441s] -- Up-to-date: /home/jose/ws/ros2/src/ros2_babysteps/install/basics/share/basics/local_setup.bash
[0.444s] -- Up-to-date: /home/jose/ws/ros2/src/ros2_babysteps/install/basics/share/basics/local_setup.sh
[0.445s] -- Up-to-date: /home/jose/ws/ros2/src/ros2_babysteps/install/basics/share/basics/local_setup.zsh
[0.447s] -- Up-to-date: /home/jose/ws/ros2/src/ros2_babysteps/install/basics/share/basics/local_setup.dsv
[0.452s] -- Installing: /home/jose/ws/ros2/src/ros2_babysteps/install/basics/share/basics/package.dsv
[0.456s] -- Up-to-date: /home/jose/ws/ros2/src/ros2_babysteps/install/basics/share/ament_index/resource_index/packages/basics
[0.457s] -- Up-to-date: /home/jose/ws/ros2/src/ros2_babysteps/install/basics/share/basics/cmake/ament_cmake_export_dependencies-extras.cmake
[0.464s] -- Up-to-date: /home/jose/ws/ros2/src/ros2_babysteps/install/basics/share/basics/cmake/basicsConfig.cmake
[0.465s] -- Up-to-date: /home/jose/ws/ros2/src/ros2_babysteps/install/basics/share/basics/cmake/basicsConfig-version.cmake
[0.465s] -- Up-to-date: /home/jose/ws/ros2/src/ros2_babysteps/install/basics/share/basics/package.xml
[0.474s] Invoked command in '/home/jose/ws/ros2/src/ros2_babysteps/build/basics' returned '0': CMAKE_PREFIX_PATH=${CMAKE_PREFIX_PATH}:/opt/ros/foxy /usr/bin/cmake --install /home/jose/ws/ros2/src/ros2_babysteps/build/basics
