[0.136s] Invoking command in '/home/jose/ws/ros2/src/ros2_babysteps/build/basics': CMAKE_PREFIX_PATH=${CMAKE_PREFIX_PATH}:/opt/ros/foxy /usr/bin/cmake --build /home/jose/ws/ros2/src/ros2_babysteps/build/basics -- -j8 -l8
[0.276s] [100%] Built target basic
[0.302s] Invoked command in '/home/jose/ws/ros2/src/ros2_babysteps/build/basics' returned '0': CMAKE_PREFIX_PATH=${CMAKE_PREFIX_PATH}:/opt/ros/foxy /usr/bin/cmake --build /home/jose/ws/ros2/src/ros2_babysteps/build/basics -- -j8 -l8
[0.392s] Invoking command in '/home/jose/ws/ros2/src/ros2_babysteps/build/basics': CMAKE_PREFIX_PATH=${CMAKE_PREFIX_PATH}:/opt/ros/foxy /usr/bin/cmake --install /home/jose/ws/ros2/src/ros2_babysteps/build/basics
[0.420s] -- Install configuration: ""
[0.420s] -- Up-to-date: /home/jose/ws/ros2/src/ros2_babysteps/install/basics/lib/basics/basic
[0.422s] -- Up-to-date: /home/jose/ws/ros2/src/ros2_babysteps/install/basics/share/ament_index/resource_index/package_run_dependencies/basics
[0.422s] -- Up-to-date: /home/jose/ws/ros2/src/ros2_babysteps/install/basics/share/ament_index/resource_index/parent_prefix_path/basics
[0.433s] -- Up-to-date: /home/jose/ws/ros2/src/ros2_babysteps/install/basics/share/basics/environment/ament_prefix_path.sh
[0.434s] -- Up-to-date: /home/jose/ws/ros2/src/ros2_babysteps/install/basics/share/basics/environment/ament_prefix_path.dsv
[0.435s] -- Up-to-date: /home/jose/ws/ros2/src/ros2_babysteps/install/basics/share/basics/environment/path.sh
[0.435s] -- Up-to-date: /home/jose/ws/ros2/src/ros2_babysteps/install/basics/share/basics/environment/path.dsv
[0.436s] -- Up-to-date: /home/jose/ws/ros2/src/ros2_babysteps/install/basics/share/basics/local_setup.bash
[0.436s] -- Up-to-date: /home/jose/ws/ros2/src/ros2_babysteps/install/basics/share/basics/local_setup.sh
[0.437s] -- Up-to-date: /home/jose/ws/ros2/src/ros2_babysteps/install/basics/share/basics/local_setup.zsh
[0.439s] -- Up-to-date: /home/jose/ws/ros2/src/ros2_babysteps/install/basics/share/basics/local_setup.dsv
[0.440s] -- Installing: /home/jose/ws/ros2/src/ros2_babysteps/install/basics/share/basics/package.dsv
[0.441s] -- Up-to-date: /home/jose/ws/ros2/src/ros2_babysteps/install/basics/share/ament_index/resource_index/packages/basics
[0.441s] -- Up-to-date: /home/jose/ws/ros2/src/ros2_babysteps/install/basics/share/basics/cmake/ament_cmake_export_dependencies-extras.cmake
[0.444s] -- Up-to-date: /home/jose/ws/ros2/src/ros2_babysteps/install/basics/share/basics/cmake/basicsConfig.cmake
[0.448s] -- Up-to-date: /home/jose/ws/ros2/src/ros2_babysteps/install/basics/share/basics/cmake/basicsConfig-version.cmake
[0.449s] -- Up-to-date: /home/jose/ws/ros2/src/ros2_babysteps/install/basics/share/basics/package.xml
[0.449s] Invoked command in '/home/jose/ws/ros2/src/ros2_babysteps/build/basics' returned '0': CMAKE_PREFIX_PATH=${CMAKE_PREFIX_PATH}:/opt/ros/foxy /usr/bin/cmake --install /home/jose/ws/ros2/src/ros2_babysteps/build/basics
