[0.105s] Invoking command in '/home/jose/ws/ros2/src/ros2_babysteps/build/cpp_pubsub': CMAKE_PREFIX_PATH=${CMAKE_PREFIX_PATH}:/opt/ros/foxy /usr/bin/cmake --build /home/jose/ws/ros2/src/ros2_babysteps/build/cpp_pubsub -- -j8 -l8
[0.244s] [100%] Built target talker
[0.274s] Invoked command in '/home/jose/ws/ros2/src/ros2_babysteps/build/cpp_pubsub' returned '0': CMAKE_PREFIX_PATH=${CMAKE_PREFIX_PATH}:/opt/ros/foxy /usr/bin/cmake --build /home/jose/ws/ros2/src/ros2_babysteps/build/cpp_pubsub -- -j8 -l8
[0.389s] Invoking command in '/home/jose/ws/ros2/src/ros2_babysteps/build/cpp_pubsub': CMAKE_PREFIX_PATH=${CMAKE_PREFIX_PATH}:/opt/ros/foxy /usr/bin/cmake --install /home/jose/ws/ros2/src/ros2_babysteps/build/cpp_pubsub
[0.405s] -- Install configuration: ""
[0.406s] -- Up-to-date: /home/jose/ws/ros2/src/ros2_babysteps/install/cpp_pubsub/lib/cpp_pubsub/talker
[0.407s] -- Up-to-date: /home/jose/ws/ros2/src/ros2_babysteps/install/cpp_pubsub/share/ament_index/resource_index/package_run_dependencies/cpp_pubsub
[0.408s] -- Up-to-date: /home/jose/ws/ros2/src/ros2_babysteps/install/cpp_pubsub/share/ament_index/resource_index/parent_prefix_path/cpp_pubsub
[0.408s] -- Up-to-date: /home/jose/ws/ros2/src/ros2_babysteps/install/cpp_pubsub/share/cpp_pubsub/environment/ament_prefix_path.sh
[0.409s] -- Up-to-date: /home/jose/ws/ros2/src/ros2_babysteps/install/cpp_pubsub/share/cpp_pubsub/environment/ament_prefix_path.dsv
[0.409s] -- Up-to-date: /home/jose/ws/ros2/src/ros2_babysteps/install/cpp_pubsub/share/cpp_pubsub/environment/path.sh
[0.409s] -- Up-to-date: /home/jose/ws/ros2/src/ros2_babysteps/install/cpp_pubsub/share/cpp_pubsub/environment/path.dsv
[0.410s] -- Up-to-date: /home/jose/ws/ros2/src/ros2_babysteps/install/cpp_pubsub/share/cpp_pubsub/local_setup.bash
[0.410s] -- Up-to-date: /home/jose/ws/ros2/src/ros2_babysteps/install/cpp_pubsub/share/cpp_pubsub/local_setup.sh
[0.410s] -- Up-to-date: /home/jose/ws/ros2/src/ros2_babysteps/install/cpp_pubsub/share/cpp_pubsub/local_setup.zsh
[0.414s] -- Up-to-date: /home/jose/ws/ros2/src/ros2_babysteps/install/cpp_pubsub/share/cpp_pubsub/local_setup.dsv
[0.414s] -- Installing: /home/jose/ws/ros2/src/ros2_babysteps/install/cpp_pubsub/share/cpp_pubsub/package.dsv
[0.415s] -- Up-to-date: /home/jose/ws/ros2/src/ros2_babysteps/install/cpp_pubsub/share/ament_index/resource_index/packages/cpp_pubsub
[0.415s] -- Up-to-date: /home/jose/ws/ros2/src/ros2_babysteps/install/cpp_pubsub/share/cpp_pubsub/cmake/cpp_pubsubConfig.cmake
[0.415s] -- Up-to-date: /home/jose/ws/ros2/src/ros2_babysteps/install/cpp_pubsub/share/cpp_pubsub/cmake/cpp_pubsubConfig-version.cmake
[0.416s] -- Up-to-date: /home/jose/ws/ros2/src/ros2_babysteps/install/cpp_pubsub/share/cpp_pubsub/package.xml
[0.493s] Invoked command in '/home/jose/ws/ros2/src/ros2_babysteps/build/cpp_pubsub' returned '0': CMAKE_PREFIX_PATH=${CMAKE_PREFIX_PATH}:/opt/ros/foxy /usr/bin/cmake --install /home/jose/ws/ros2/src/ros2_babysteps/build/cpp_pubsub
