[1.466s] DEBUG:colcon:Command line arguments: ['/usr/bin/colcon', 'build']
[1.467s] DEBUG:colcon:Parsed command line arguments: Namespace(allow_overriding=[], ament_cmake_args=None, base_paths=['.'], build_base='build', catkin_cmake_args=None, catkin_skip_building_tests=False, cmake_args=None, cmake_clean_cache=False, cmake_clean_first=False, cmake_force_configure=False, cmake_target=None, cmake_target_skip_unavailable=False, continue_on_error=False, event_handlers=None, executor='parallel', ignore_user_meta=False, install_base='install', log_base=None, log_level=None, main=<bound method BuildVerb.main of <colcon_core.verb.build.BuildVerb object at 0x7fa6b9e1feb0>>, merge_install=False, metas=['./colcon.meta'], packages_above=None, packages_above_and_dependencies=None, packages_above_depth=None, packages_end=None, packages_ignore=None, packages_ignore_regex=None, packages_select=None, packages_select_build_failed=False, packages_select_by_dep=None, packages_select_regex=None, packages_select_test_failures=False, packages_skip=None, packages_skip_build_finished=False, packages_skip_by_dep=None, packages_skip_regex=None, packages_skip_test_passed=False, packages_skip_up_to=None, packages_start=None, packages_up_to=None, packages_up_to_regex=None, parallel_workers=8, paths=None, symlink_install=False, test_result_base=None, verb_extension=<colcon_core.verb.build.BuildVerb object at 0x7fa6b9e1feb0>, verb_name='build', verb_parser=<colcon_defaults.argument_parser.defaults.DefaultArgumentsDecorator object at 0x7fa6b9d7d310>)
[1.566s] Level 1:colcon.colcon_core.package_discovery:discover_packages(colcon_meta) check parameters
[1.566s] Level 1:colcon.colcon_core.package_discovery:discover_packages(recursive) check parameters
[1.566s] Level 1:colcon.colcon_core.package_discovery:discover_packages(ignore) check parameters
[1.566s] Level 1:colcon.colcon_core.package_discovery:discover_packages(path) check parameters
[1.566s] Level 1:colcon.colcon_core.package_discovery:discover_packages(colcon_meta) discover
[1.566s] Level 1:colcon.colcon_core.package_discovery:discover_packages(recursive) discover
[1.566s] INFO:colcon.colcon_core.package_discovery:Crawling recursively for packages in '/home/jose/ws/ros2/src/ros2_babysteps'
[1.567s] Level 1:colcon.colcon_core.package_identification:_identify(.) by extensions ['ignore', 'ignore_ament_install']
[1.567s] Level 1:colcon.colcon_core.package_identification:_identify(.) by extension 'ignore'
[1.567s] Level 1:colcon.colcon_core.package_identification:_identify(.) by extension 'ignore_ament_install'
[1.567s] Level 1:colcon.colcon_core.package_identification:_identify(.) by extensions ['colcon_pkg']
[1.567s] Level 1:colcon.colcon_core.package_identification:_identify(.) by extension 'colcon_pkg'
[1.567s] Level 1:colcon.colcon_core.package_identification:_identify(.) by extensions ['colcon_meta']
[1.567s] Level 1:colcon.colcon_core.package_identification:_identify(.) by extension 'colcon_meta'
[1.567s] Level 1:colcon.colcon_core.package_identification:_identify(.) by extensions ['ros']
[1.567s] Level 1:colcon.colcon_core.package_identification:_identify(.) by extension 'ros'
[1.591s] Level 1:colcon.colcon_core.package_identification:_identify(.) by extensions ['cmake', 'python']
[1.592s] Level 1:colcon.colcon_core.package_identification:_identify(.) by extension 'cmake'
[1.592s] Level 1:colcon.colcon_core.package_identification:_identify(.) by extension 'python'
[1.592s] Level 1:colcon.colcon_core.package_identification:_identify(.) by extensions ['python_setup_py']
[1.592s] Level 1:colcon.colcon_core.package_identification:_identify(.) by extension 'python_setup_py'
[1.592s] Level 1:colcon.colcon_core.package_identification:_identify(basics) by extensions ['ignore', 'ignore_ament_install']
[1.592s] Level 1:colcon.colcon_core.package_identification:_identify(basics) by extension 'ignore'
[1.592s] Level 1:colcon.colcon_core.package_identification:_identify(basics) by extension 'ignore_ament_install'
[1.592s] Level 1:colcon.colcon_core.package_identification:_identify(basics) by extensions ['colcon_pkg']
[1.593s] Level 1:colcon.colcon_core.package_identification:_identify(basics) by extension 'colcon_pkg'
[1.593s] Level 1:colcon.colcon_core.package_identification:_identify(basics) by extensions ['colcon_meta']
[1.593s] Level 1:colcon.colcon_core.package_identification:_identify(basics) by extension 'colcon_meta'
[1.593s] Level 1:colcon.colcon_core.package_identification:_identify(basics) by extensions ['ros']
[1.593s] Level 1:colcon.colcon_core.package_identification:_identify(basics) by extension 'ros'
[1.597s] DEBUG:colcon.colcon_core.package_identification:Package 'basics' with type 'ros.ament_cmake' and name 'basics'
[1.597s] Level 1:colcon.colcon_core.package_identification:_identify(br2_basics) by extensions ['ignore', 'ignore_ament_install']
[1.597s] Level 1:colcon.colcon_core.package_identification:_identify(br2_basics) by extension 'ignore'
[1.598s] Level 1:colcon.colcon_core.package_identification:_identify(br2_basics) by extension 'ignore_ament_install'
[1.598s] Level 1:colcon.colcon_core.package_identification:_identify(br2_basics) by extensions ['colcon_pkg']
[1.598s] Level 1:colcon.colcon_core.package_identification:_identify(br2_basics) by extension 'colcon_pkg'
[1.598s] Level 1:colcon.colcon_core.package_identification:_identify(br2_basics) by extensions ['colcon_meta']
[1.598s] Level 1:colcon.colcon_core.package_identification:_identify(br2_basics) by extension 'colcon_meta'
[1.598s] Level 1:colcon.colcon_core.package_identification:_identify(br2_basics) by extensions ['ros']
[1.598s] Level 1:colcon.colcon_core.package_identification:_identify(br2_basics) by extension 'ros'
[1.599s] DEBUG:colcon.colcon_core.package_identification:Package 'br2_basics' with type 'ros.ament_cmake' and name 'br2_basics'
[1.599s] Level 1:colcon.colcon_core.package_identification:_identify(build) by extensions ['ignore', 'ignore_ament_install']
[1.599s] Level 1:colcon.colcon_core.package_identification:_identify(build) by extension 'ignore'
[1.600s] Level 1:colcon.colcon_core.package_identification:_identify(build) ignored
[1.600s] Level 1:colcon.colcon_core.package_identification:_identify(cpp_pubsub) by extensions ['ignore', 'ignore_ament_install']
[1.600s] Level 1:colcon.colcon_core.package_identification:_identify(cpp_pubsub) by extension 'ignore'
[1.600s] Level 1:colcon.colcon_core.package_identification:_identify(cpp_pubsub) by extension 'ignore_ament_install'
[1.600s] Level 1:colcon.colcon_core.package_identification:_identify(cpp_pubsub) by extensions ['colcon_pkg']
[1.600s] Level 1:colcon.colcon_core.package_identification:_identify(cpp_pubsub) by extension 'colcon_pkg'
[1.600s] Level 1:colcon.colcon_core.package_identification:_identify(cpp_pubsub) by extensions ['colcon_meta']
[1.600s] Level 1:colcon.colcon_core.package_identification:_identify(cpp_pubsub) by extension 'colcon_meta'
[1.600s] Level 1:colcon.colcon_core.package_identification:_identify(cpp_pubsub) by extensions ['ros']
[1.600s] Level 1:colcon.colcon_core.package_identification:_identify(cpp_pubsub) by extension 'ros'
[1.601s] DEBUG:colcon.colcon_core.package_identification:Package 'cpp_pubsub' with type 'ros.ament_cmake' and name 'cpp_pubsub'
[1.602s] Level 1:colcon.colcon_core.package_identification:_identify(install) by extensions ['ignore', 'ignore_ament_install']
[1.602s] Level 1:colcon.colcon_core.package_identification:_identify(install) by extension 'ignore'
[1.602s] Level 1:colcon.colcon_core.package_identification:_identify(install) ignored
[1.602s] Level 1:colcon.colcon_core.package_identification:_identify(log) by extensions ['ignore', 'ignore_ament_install']
[1.603s] Level 1:colcon.colcon_core.package_identification:_identify(log) by extension 'ignore'
[1.603s] Level 1:colcon.colcon_core.package_identification:_identify(log) ignored
[1.603s] Level 1:colcon.colcon_core.package_identification:_identify(my_package) by extensions ['ignore', 'ignore_ament_install']
[1.603s] Level 1:colcon.colcon_core.package_identification:_identify(my_package) by extension 'ignore'
[1.603s] Level 1:colcon.colcon_core.package_identification:_identify(my_package) by extension 'ignore_ament_install'
[1.603s] Level 1:colcon.colcon_core.package_identification:_identify(my_package) by extensions ['colcon_pkg']
[1.603s] Level 1:colcon.colcon_core.package_identification:_identify(my_package) by extension 'colcon_pkg'
[1.603s] Level 1:colcon.colcon_core.package_identification:_identify(my_package) by extensions ['colcon_meta']
[1.604s] Level 1:colcon.colcon_core.package_identification:_identify(my_package) by extension 'colcon_meta'
[1.604s] Level 1:colcon.colcon_core.package_identification:_identify(my_package) by extensions ['ros']
[1.604s] Level 1:colcon.colcon_core.package_identification:_identify(my_package) by extension 'ros'
[1.605s] DEBUG:colcon.colcon_core.package_identification:Package 'my_package' with type 'ros.ament_cmake' and name 'my_package'
[1.605s] Level 1:colcon.colcon_core.package_discovery:discover_packages(recursive) using defaults
[1.605s] Level 1:colcon.colcon_core.package_discovery:discover_packages(ignore) discover
[1.605s] Level 1:colcon.colcon_core.package_discovery:discover_packages(ignore) using defaults
[1.605s] Level 1:colcon.colcon_core.package_discovery:discover_packages(path) discover
[1.605s] Level 1:colcon.colcon_core.package_discovery:discover_packages(path) using defaults
[1.644s] Level 1:colcon.colcon_core.package_discovery:discover_packages(prefix_path) check parameters
[1.645s] Level 1:colcon.colcon_core.package_discovery:discover_packages(prefix_path) discover
[1.650s] DEBUG:colcon.colcon_installed_package_information.package_discovery:Found 3 installed packages in /home/jose/ws/ros2/install
[1.654s] DEBUG:colcon.colcon_installed_package_information.package_discovery:Found 256 installed packages in /opt/ros/foxy
[1.656s] Level 1:colcon.colcon_core.package_discovery:discover_packages(prefix_path) using defaults
[1.779s] Level 5:colcon.colcon_core.verb:set package 'basics' build argument 'cmake_args' from command line to 'None'
[1.780s] Level 5:colcon.colcon_core.verb:set package 'basics' build argument 'cmake_target' from command line to 'None'
[1.780s] Level 5:colcon.colcon_core.verb:set package 'basics' build argument 'cmake_target_skip_unavailable' from command line to 'False'
[1.780s] Level 5:colcon.colcon_core.verb:set package 'basics' build argument 'cmake_clean_cache' from command line to 'False'
[1.780s] Level 5:colcon.colcon_core.verb:set package 'basics' build argument 'cmake_clean_first' from command line to 'False'
[1.780s] Level 5:colcon.colcon_core.verb:set package 'basics' build argument 'cmake_force_configure' from command line to 'False'
[1.780s] Level 5:colcon.colcon_core.verb:set package 'basics' build argument 'ament_cmake_args' from command line to 'None'
[1.780s] Level 5:colcon.colcon_core.verb:set package 'basics' build argument 'catkin_cmake_args' from command line to 'None'
[1.780s] Level 5:colcon.colcon_core.verb:set package 'basics' build argument 'catkin_skip_building_tests' from command line to 'False'
[1.780s] DEBUG:colcon.colcon_core.verb:Building package 'basics' with the following arguments: {'ament_cmake_args': None, 'build_base': '/home/jose/ws/ros2/src/ros2_babysteps/build/basics', 'catkin_cmake_args': None, 'catkin_skip_building_tests': False, 'cmake_args': None, 'cmake_clean_cache': False, 'cmake_clean_first': False, 'cmake_force_configure': False, 'cmake_target': None, 'cmake_target_skip_unavailable': False, 'install_base': '/home/jose/ws/ros2/src/ros2_babysteps/install/basics', 'merge_install': False, 'path': '/home/jose/ws/ros2/src/ros2_babysteps/basics', 'symlink_install': False, 'test_result_base': None}
[1.783s] Level 5:colcon.colcon_core.verb:set package 'br2_basics' build argument 'cmake_args' from command line to 'None'
[1.784s] Level 5:colcon.colcon_core.verb:set package 'br2_basics' build argument 'cmake_target' from command line to 'None'
[1.784s] Level 5:colcon.colcon_core.verb:set package 'br2_basics' build argument 'cmake_target_skip_unavailable' from command line to 'False'
[1.784s] Level 5:colcon.colcon_core.verb:set package 'br2_basics' build argument 'cmake_clean_cache' from command line to 'False'
[1.784s] Level 5:colcon.colcon_core.verb:set package 'br2_basics' build argument 'cmake_clean_first' from command line to 'False'
[1.784s] Level 5:colcon.colcon_core.verb:set package 'br2_basics' build argument 'cmake_force_configure' from command line to 'False'
[1.784s] Level 5:colcon.colcon_core.verb:set package 'br2_basics' build argument 'ament_cmake_args' from command line to 'None'
[1.784s] Level 5:colcon.colcon_core.verb:set package 'br2_basics' build argument 'catkin_cmake_args' from command line to 'None'
[1.784s] Level 5:colcon.colcon_core.verb:set package 'br2_basics' build argument 'catkin_skip_building_tests' from command line to 'False'
[1.784s] DEBUG:colcon.colcon_core.verb:Building package 'br2_basics' with the following arguments: {'ament_cmake_args': None, 'build_base': '/home/jose/ws/ros2/src/ros2_babysteps/build/br2_basics', 'catkin_cmake_args': None, 'catkin_skip_building_tests': False, 'cmake_args': None, 'cmake_clean_cache': False, 'cmake_clean_first': False, 'cmake_force_configure': False, 'cmake_target': None, 'cmake_target_skip_unavailable': False, 'install_base': '/home/jose/ws/ros2/src/ros2_babysteps/install/br2_basics', 'merge_install': False, 'path': '/home/jose/ws/ros2/src/ros2_babysteps/br2_basics', 'symlink_install': False, 'test_result_base': None}
[1.788s] Level 5:colcon.colcon_core.verb:set package 'cpp_pubsub' build argument 'cmake_args' from command line to 'None'
[1.789s] Level 5:colcon.colcon_core.verb:set package 'cpp_pubsub' build argument 'cmake_target' from command line to 'None'
[1.789s] Level 5:colcon.colcon_core.verb:set package 'cpp_pubsub' build argument 'cmake_target_skip_unavailable' from command line to 'False'
[1.789s] Level 5:colcon.colcon_core.verb:set package 'cpp_pubsub' build argument 'cmake_clean_cache' from command line to 'False'
[1.789s] Level 5:colcon.colcon_core.verb:set package 'cpp_pubsub' build argument 'cmake_clean_first' from command line to 'False'
[1.789s] Level 5:colcon.colcon_core.verb:set package 'cpp_pubsub' build argument 'cmake_force_configure' from command line to 'False'
[1.789s] Level 5:colcon.colcon_core.verb:set package 'cpp_pubsub' build argument 'ament_cmake_args' from command line to 'None'
[1.789s] Level 5:colcon.colcon_core.verb:set package 'cpp_pubsub' build argument 'catkin_cmake_args' from command line to 'None'
[1.789s] Level 5:colcon.colcon_core.verb:set package 'cpp_pubsub' build argument 'catkin_skip_building_tests' from command line to 'False'
[1.789s] DEBUG:colcon.colcon_core.verb:Building package 'cpp_pubsub' with the following arguments: {'ament_cmake_args': None, 'build_base': '/home/jose/ws/ros2/src/ros2_babysteps/build/cpp_pubsub', 'catkin_cmake_args': None, 'catkin_skip_building_tests': False, 'cmake_args': None, 'cmake_clean_cache': False, 'cmake_clean_first': False, 'cmake_force_configure': False, 'cmake_target': None, 'cmake_target_skip_unavailable': False, 'install_base': '/home/jose/ws/ros2/src/ros2_babysteps/install/cpp_pubsub', 'merge_install': False, 'path': '/home/jose/ws/ros2/src/ros2_babysteps/cpp_pubsub', 'symlink_install': False, 'test_result_base': None}
[1.792s] Level 5:colcon.colcon_core.verb:set package 'my_package' build argument 'cmake_args' from command line to 'None'
[1.792s] Level 5:colcon.colcon_core.verb:set package 'my_package' build argument 'cmake_target' from command line to 'None'
[1.792s] Level 5:colcon.colcon_core.verb:set package 'my_package' build argument 'cmake_target_skip_unavailable' from command line to 'False'
[1.793s] Level 5:colcon.colcon_core.verb:set package 'my_package' build argument 'cmake_clean_cache' from command line to 'False'
[1.793s] Level 5:colcon.colcon_core.verb:set package 'my_package' build argument 'cmake_clean_first' from command line to 'False'
[1.793s] Level 5:colcon.colcon_core.verb:set package 'my_package' build argument 'cmake_force_configure' from command line to 'False'
[1.793s] Level 5:colcon.colcon_core.verb:set package 'my_package' build argument 'ament_cmake_args' from command line to 'None'
[1.793s] Level 5:colcon.colcon_core.verb:set package 'my_package' build argument 'catkin_cmake_args' from command line to 'None'
[1.793s] Level 5:colcon.colcon_core.verb:set package 'my_package' build argument 'catkin_skip_building_tests' from command line to 'False'
[1.793s] DEBUG:colcon.colcon_core.verb:Building package 'my_package' with the following arguments: {'ament_cmake_args': None, 'build_base': '/home/jose/ws/ros2/src/ros2_babysteps/build/my_package', 'catkin_cmake_args': None, 'catkin_skip_building_tests': False, 'cmake_args': None, 'cmake_clean_cache': False, 'cmake_clean_first': False, 'cmake_force_configure': False, 'cmake_target': None, 'cmake_target_skip_unavailable': False, 'install_base': '/home/jose/ws/ros2/src/ros2_babysteps/install/my_package', 'merge_install': False, 'path': '/home/jose/ws/ros2/src/ros2_babysteps/my_package', 'symlink_install': False, 'test_result_base': None}
[1.795s] INFO:colcon.colcon_core.executor:Executing jobs using 'parallel' executor
[1.806s] DEBUG:colcon.colcon_parallel_executor.executor.parallel:run_until_complete
[1.807s] INFO:colcon.colcon_ros.task.ament_cmake.build:Building ROS package in '/home/jose/ws/ros2/src/ros2_babysteps/basics' with build type 'ament_cmake'
[1.807s] INFO:colcon.colcon_cmake.task.cmake.build:Building CMake package in '/home/jose/ws/ros2/src/ros2_babysteps/basics'
[1.823s] INFO:colcon.colcon_core.plugin_system:Skipping extension 'colcon_core.shell.bat': Not used on non-Windows systems
[1.824s] INFO:colcon.colcon_core.shell:Skip shell extension 'powershell' for command environment: Not usable outside of PowerShell
[1.824s] DEBUG:colcon.colcon_core.shell:Skip shell extension 'dsv' for command environment
[1.842s] INFO:colcon.colcon_ros.task.ament_cmake.build:Building ROS package in '/home/jose/ws/ros2/src/ros2_babysteps/br2_basics' with build type 'ament_cmake'
[1.843s] INFO:colcon.colcon_cmake.task.cmake.build:Building CMake package in '/home/jose/ws/ros2/src/ros2_babysteps/br2_basics'
[1.847s] INFO:colcon.colcon_core.shell:Skip shell extension 'powershell' for command environment: Not usable outside of PowerShell
[1.848s] DEBUG:colcon.colcon_core.shell:Skip shell extension 'dsv' for command environment
[1.867s] INFO:colcon.colcon_ros.task.ament_cmake.build:Building ROS package in '/home/jose/ws/ros2/src/ros2_babysteps/cpp_pubsub' with build type 'ament_cmake'
[1.869s] INFO:colcon.colcon_cmake.task.cmake.build:Building CMake package in '/home/jose/ws/ros2/src/ros2_babysteps/cpp_pubsub'
[1.877s] INFO:colcon.colcon_core.shell:Skip shell extension 'powershell' for command environment: Not usable outside of PowerShell
[1.877s] DEBUG:colcon.colcon_core.shell:Skip shell extension 'dsv' for command environment
[1.897s] INFO:colcon.colcon_ros.task.ament_cmake.build:Building ROS package in '/home/jose/ws/ros2/src/ros2_babysteps/my_package' with build type 'ament_cmake'
[1.899s] INFO:colcon.colcon_cmake.task.cmake.build:Building CMake package in '/home/jose/ws/ros2/src/ros2_babysteps/my_package'
[1.907s] INFO:colcon.colcon_core.shell:Skip shell extension 'powershell' for command environment: Not usable outside of PowerShell
[1.908s] DEBUG:colcon.colcon_core.shell:Skip shell extension 'dsv' for command environment
[1.956s] DEBUG:colcon.colcon_core.event_handler.log_command:Invoking command in '/home/jose/ws/ros2/src/ros2_babysteps/build/basics': CMAKE_PREFIX_PATH=${CMAKE_PREFIX_PATH}:/opt/ros/foxy /usr/bin/cmake --build /home/jose/ws/ros2/src/ros2_babysteps/build/basics -- -j8 -l8
[1.971s] DEBUG:colcon.colcon_core.event_handler.log_command:Invoking command in '/home/jose/ws/ros2/src/ros2_babysteps/build/br2_basics': CMAKE_PREFIX_PATH=${CMAKE_PREFIX_PATH}:/opt/ros/foxy /usr/bin/cmake /home/jose/ws/ros2/src/ros2_babysteps/br2_basics -DCMAKE_INSTALL_PREFIX=/home/jose/ws/ros2/src/ros2_babysteps/install/br2_basics
[1.994s] DEBUG:colcon.colcon_core.event_handler.log_command:Invoking command in '/home/jose/ws/ros2/src/ros2_babysteps/build/cpp_pubsub': CMAKE_PREFIX_PATH=${CMAKE_PREFIX_PATH}:/opt/ros/foxy /usr/bin/cmake --build /home/jose/ws/ros2/src/ros2_babysteps/build/cpp_pubsub -- -j8 -l8
[2.015s] DEBUG:colcon.colcon_core.event_handler.log_command:Invoking command in '/home/jose/ws/ros2/src/ros2_babysteps/build/my_package': CMAKE_PREFIX_PATH=${CMAKE_PREFIX_PATH}:/opt/ros/foxy /usr/bin/cmake --build /home/jose/ws/ros2/src/ros2_babysteps/build/my_package -- -j8 -l8
[2.134s] DEBUG:colcon.colcon_core.event_handler.log_command:Invoked command in '/home/jose/ws/ros2/src/ros2_babysteps/build/basics' returned '0': CMAKE_PREFIX_PATH=${CMAKE_PREFIX_PATH}:/opt/ros/foxy /usr/bin/cmake --build /home/jose/ws/ros2/src/ros2_babysteps/build/basics -- -j8 -l8
[2.150s] DEBUG:colcon.colcon_core.event_handler.log_command:Invoked command in '/home/jose/ws/ros2/src/ros2_babysteps/build/my_package' returned '0': CMAKE_PREFIX_PATH=${CMAKE_PREFIX_PATH}:/opt/ros/foxy /usr/bin/cmake --build /home/jose/ws/ros2/src/ros2_babysteps/build/my_package -- -j8 -l8
[2.158s] DEBUG:colcon.colcon_core.event_handler.log_command:Invoked command in '/home/jose/ws/ros2/src/ros2_babysteps/build/cpp_pubsub' returned '0': CMAKE_PREFIX_PATH=${CMAKE_PREFIX_PATH}:/opt/ros/foxy /usr/bin/cmake --build /home/jose/ws/ros2/src/ros2_babysteps/build/cpp_pubsub -- -j8 -l8
[2.215s] DEBUG:colcon.colcon_core.event_handler.log_command:Invoking command in '/home/jose/ws/ros2/src/ros2_babysteps/build/basics': CMAKE_PREFIX_PATH=${CMAKE_PREFIX_PATH}:/opt/ros/foxy /usr/bin/cmake --install /home/jose/ws/ros2/src/ros2_babysteps/build/basics
[2.231s] DEBUG:colcon.colcon_core.event_handler.log_command:Invoking command in '/home/jose/ws/ros2/src/ros2_babysteps/build/cpp_pubsub': CMAKE_PREFIX_PATH=${CMAKE_PREFIX_PATH}:/opt/ros/foxy /usr/bin/cmake --install /home/jose/ws/ros2/src/ros2_babysteps/build/cpp_pubsub
[2.242s] DEBUG:colcon.colcon_core.event_handler.log_command:Invoking command in '/home/jose/ws/ros2/src/ros2_babysteps/build/my_package': CMAKE_PREFIX_PATH=${CMAKE_PREFIX_PATH}:/opt/ros/foxy /usr/bin/cmake --install /home/jose/ws/ros2/src/ros2_babysteps/build/my_package
[2.250s] Level 1:colcon.colcon_core.environment:create_environment_scripts_only(basics)
[2.277s] DEBUG:colcon.colcon_core.event_handler.log_command:Invoked command in '/home/jose/ws/ros2/src/ros2_babysteps/build/basics' returned '0': CMAKE_PREFIX_PATH=${CMAKE_PREFIX_PATH}:/opt/ros/foxy /usr/bin/cmake --install /home/jose/ws/ros2/src/ros2_babysteps/build/basics
[2.289s] Level 1:colcon.colcon_core.environment:checking '/home/jose/ws/ros2/src/ros2_babysteps/install/basics' for CMake module files
[2.295s] Level 1:colcon.colcon_core.environment:checking '/home/jose/ws/ros2/src/ros2_babysteps/install/basics' for CMake config files
[2.308s] Level 1:colcon.colcon_core.shell:create_environment_hook('basics', 'cmake_prefix_path')
[2.313s] INFO:colcon.colcon_core.shell:Creating environment hook '/home/jose/ws/ros2/src/ros2_babysteps/install/basics/share/basics/hook/cmake_prefix_path.ps1'
[2.315s] INFO:colcon.colcon_core.shell:Creating environment descriptor '/home/jose/ws/ros2/src/ros2_babysteps/install/basics/share/basics/hook/cmake_prefix_path.dsv'
[2.316s] INFO:colcon.colcon_core.shell:Creating environment hook '/home/jose/ws/ros2/src/ros2_babysteps/install/basics/share/basics/hook/cmake_prefix_path.sh'
[2.320s] Level 1:colcon.colcon_core.environment:checking '/home/jose/ws/ros2/src/ros2_babysteps/install/basics/lib'
[2.321s] Level 1:colcon.colcon_core.environment:checking '/home/jose/ws/ros2/src/ros2_babysteps/install/basics/bin'
[2.321s] Level 1:colcon.colcon_core.environment:checking '/home/jose/ws/ros2/src/ros2_babysteps/install/basics/lib/pkgconfig/basics.pc'
[2.322s] Level 1:colcon.colcon_core.environment:checking '/home/jose/ws/ros2/src/ros2_babysteps/install/basics/lib/python3.8/site-packages'
[2.322s] Level 1:colcon.colcon_core.environment:checking '/home/jose/ws/ros2/src/ros2_babysteps/install/basics/bin'
[2.328s] INFO:colcon.colcon_core.shell:Creating package script '/home/jose/ws/ros2/src/ros2_babysteps/install/basics/share/basics/package.ps1'
[2.330s] INFO:colcon.colcon_core.shell:Creating package descriptor '/home/jose/ws/ros2/src/ros2_babysteps/install/basics/share/basics/package.dsv'
[2.331s] INFO:colcon.colcon_core.shell:Creating package script '/home/jose/ws/ros2/src/ros2_babysteps/install/basics/share/basics/package.sh'
[2.332s] INFO:colcon.colcon_core.shell:Creating package script '/home/jose/ws/ros2/src/ros2_babysteps/install/basics/share/basics/package.bash'
[2.334s] INFO:colcon.colcon_core.shell:Creating package script '/home/jose/ws/ros2/src/ros2_babysteps/install/basics/share/basics/package.zsh'
[2.337s] Level 1:colcon.colcon_core.environment:create_file_with_runtime_dependencies(/home/jose/ws/ros2/src/ros2_babysteps/install/basics/share/colcon-core/packages/basics)
[2.346s] Level 1:colcon.colcon_core.environment:create_environment_scripts_only(cpp_pubsub)
[2.354s] Level 1:colcon.colcon_core.environment:checking '/home/jose/ws/ros2/src/ros2_babysteps/install/cpp_pubsub' for CMake module files
[2.356s] DEBUG:colcon.colcon_core.event_handler.log_command:Invoked command in '/home/jose/ws/ros2/src/ros2_babysteps/build/cpp_pubsub' returned '0': CMAKE_PREFIX_PATH=${CMAKE_PREFIX_PATH}:/opt/ros/foxy /usr/bin/cmake --install /home/jose/ws/ros2/src/ros2_babysteps/build/cpp_pubsub
[2.357s] Level 1:colcon.colcon_core.environment:checking '/home/jose/ws/ros2/src/ros2_babysteps/install/cpp_pubsub' for CMake config files
[2.358s] Level 1:colcon.colcon_core.shell:create_environment_hook('cpp_pubsub', 'cmake_prefix_path')
[2.361s] INFO:colcon.colcon_core.shell:Creating environment hook '/home/jose/ws/ros2/src/ros2_babysteps/install/cpp_pubsub/share/cpp_pubsub/hook/cmake_prefix_path.ps1'
[2.362s] INFO:colcon.colcon_core.shell:Creating environment descriptor '/home/jose/ws/ros2/src/ros2_babysteps/install/cpp_pubsub/share/cpp_pubsub/hook/cmake_prefix_path.dsv'
[2.363s] INFO:colcon.colcon_core.shell:Creating environment hook '/home/jose/ws/ros2/src/ros2_babysteps/install/cpp_pubsub/share/cpp_pubsub/hook/cmake_prefix_path.sh'
[2.365s] Level 1:colcon.colcon_core.environment:checking '/home/jose/ws/ros2/src/ros2_babysteps/install/cpp_pubsub/lib'
[2.365s] Level 1:colcon.colcon_core.environment:checking '/home/jose/ws/ros2/src/ros2_babysteps/install/cpp_pubsub/bin'
[2.365s] Level 1:colcon.colcon_core.environment:checking '/home/jose/ws/ros2/src/ros2_babysteps/install/cpp_pubsub/lib/pkgconfig/cpp_pubsub.pc'
[2.365s] Level 1:colcon.colcon_core.environment:checking '/home/jose/ws/ros2/src/ros2_babysteps/install/cpp_pubsub/lib/python3.8/site-packages'
[2.366s] Level 1:colcon.colcon_core.environment:checking '/home/jose/ws/ros2/src/ros2_babysteps/install/cpp_pubsub/bin'
[2.370s] INFO:colcon.colcon_core.shell:Creating package script '/home/jose/ws/ros2/src/ros2_babysteps/install/cpp_pubsub/share/cpp_pubsub/package.ps1'
[2.371s] INFO:colcon.colcon_core.shell:Creating package descriptor '/home/jose/ws/ros2/src/ros2_babysteps/install/cpp_pubsub/share/cpp_pubsub/package.dsv'
[2.372s] INFO:colcon.colcon_core.shell:Creating package script '/home/jose/ws/ros2/src/ros2_babysteps/install/cpp_pubsub/share/cpp_pubsub/package.sh'
[2.373s] INFO:colcon.colcon_core.shell:Creating package script '/home/jose/ws/ros2/src/ros2_babysteps/install/cpp_pubsub/share/cpp_pubsub/package.bash'
[2.374s] INFO:colcon.colcon_core.shell:Creating package script '/home/jose/ws/ros2/src/ros2_babysteps/install/cpp_pubsub/share/cpp_pubsub/package.zsh'
[2.375s] Level 1:colcon.colcon_core.environment:create_file_with_runtime_dependencies(/home/jose/ws/ros2/src/ros2_babysteps/install/cpp_pubsub/share/colcon-core/packages/cpp_pubsub)
[2.381s] Level 1:colcon.colcon_core.environment:create_environment_scripts_only(my_package)
[2.389s] Level 1:colcon.colcon_core.environment:checking '/home/jose/ws/ros2/src/ros2_babysteps/install/my_package' for CMake module files
[2.389s] DEBUG:colcon.colcon_core.event_handler.log_command:Invoked command in '/home/jose/ws/ros2/src/ros2_babysteps/build/my_package' returned '0': CMAKE_PREFIX_PATH=${CMAKE_PREFIX_PATH}:/opt/ros/foxy /usr/bin/cmake --install /home/jose/ws/ros2/src/ros2_babysteps/build/my_package
[2.391s] Level 1:colcon.colcon_core.environment:checking '/home/jose/ws/ros2/src/ros2_babysteps/install/my_package' for CMake config files
[2.391s] Level 1:colcon.colcon_core.shell:create_environment_hook('my_package', 'cmake_prefix_path')
[2.394s] INFO:colcon.colcon_core.shell:Creating environment hook '/home/jose/ws/ros2/src/ros2_babysteps/install/my_package/share/my_package/hook/cmake_prefix_path.ps1'
[2.395s] INFO:colcon.colcon_core.shell:Creating environment descriptor '/home/jose/ws/ros2/src/ros2_babysteps/install/my_package/share/my_package/hook/cmake_prefix_path.dsv'
[2.396s] INFO:colcon.colcon_core.shell:Creating environment hook '/home/jose/ws/ros2/src/ros2_babysteps/install/my_package/share/my_package/hook/cmake_prefix_path.sh'
[2.398s] Level 1:colcon.colcon_core.environment:checking '/home/jose/ws/ros2/src/ros2_babysteps/install/my_package/lib'
[2.398s] Level 1:colcon.colcon_core.environment:checking '/home/jose/ws/ros2/src/ros2_babysteps/install/my_package/bin'
[2.398s] Level 1:colcon.colcon_core.environment:checking '/home/jose/ws/ros2/src/ros2_babysteps/install/my_package/lib/pkgconfig/my_package.pc'
[2.399s] Level 1:colcon.colcon_core.environment:checking '/home/jose/ws/ros2/src/ros2_babysteps/install/my_package/lib/python3.8/site-packages'
[2.399s] Level 1:colcon.colcon_core.environment:checking '/home/jose/ws/ros2/src/ros2_babysteps/install/my_package/bin'
[2.404s] INFO:colcon.colcon_core.shell:Creating package script '/home/jose/ws/ros2/src/ros2_babysteps/install/my_package/share/my_package/package.ps1'
[2.405s] INFO:colcon.colcon_core.shell:Creating package descriptor '/home/jose/ws/ros2/src/ros2_babysteps/install/my_package/share/my_package/package.dsv'
[2.406s] INFO:colcon.colcon_core.shell:Creating package script '/home/jose/ws/ros2/src/ros2_babysteps/install/my_package/share/my_package/package.sh'
[2.407s] INFO:colcon.colcon_core.shell:Creating package script '/home/jose/ws/ros2/src/ros2_babysteps/install/my_package/share/my_package/package.bash'
[2.408s] INFO:colcon.colcon_core.shell:Creating package script '/home/jose/ws/ros2/src/ros2_babysteps/install/my_package/share/my_package/package.zsh'
[2.409s] Level 1:colcon.colcon_core.environment:create_file_with_runtime_dependencies(/home/jose/ws/ros2/src/ros2_babysteps/install/my_package/share/colcon-core/packages/my_package)
[2.421s] Level 1:colcon.colcon_core.environment:create_environment_scripts_only(basics)
[2.425s] Level 1:colcon.colcon_core.environment:checking '/home/jose/ws/ros2/src/ros2_babysteps/install/basics' for CMake module files
[2.427s] Level 1:colcon.colcon_core.environment:checking '/home/jose/ws/ros2/src/ros2_babysteps/install/basics' for CMake config files
[2.428s] Level 1:colcon.colcon_core.shell:create_environment_hook('basics', 'cmake_prefix_path')
[2.432s] INFO:colcon.colcon_core.shell:Creating environment hook '/home/jose/ws/ros2/src/ros2_babysteps/install/basics/share/basics/hook/cmake_prefix_path.ps1'
[2.433s] INFO:colcon.colcon_core.shell:Creating environment descriptor '/home/jose/ws/ros2/src/ros2_babysteps/install/basics/share/basics/hook/cmake_prefix_path.dsv'
[2.434s] INFO:colcon.colcon_core.shell:Creating environment hook '/home/jose/ws/ros2/src/ros2_babysteps/install/basics/share/basics/hook/cmake_prefix_path.sh'
[2.437s] Level 1:colcon.colcon_core.environment:checking '/home/jose/ws/ros2/src/ros2_babysteps/install/basics/lib'
[2.437s] Level 1:colcon.colcon_core.environment:checking '/home/jose/ws/ros2/src/ros2_babysteps/install/basics/bin'
[2.437s] Level 1:colcon.colcon_core.environment:checking '/home/jose/ws/ros2/src/ros2_babysteps/install/basics/lib/pkgconfig/basics.pc'
[2.437s] Level 1:colcon.colcon_core.environment:checking '/home/jose/ws/ros2/src/ros2_babysteps/install/basics/lib/python3.8/site-packages'
[2.438s] Level 1:colcon.colcon_core.environment:checking '/home/jose/ws/ros2/src/ros2_babysteps/install/basics/bin'
[2.441s] INFO:colcon.colcon_core.shell:Creating package script '/home/jose/ws/ros2/src/ros2_babysteps/install/basics/share/basics/package.ps1'
[2.443s] INFO:colcon.colcon_core.shell:Creating package descriptor '/home/jose/ws/ros2/src/ros2_babysteps/install/basics/share/basics/package.dsv'
[2.445s] INFO:colcon.colcon_core.shell:Creating package script '/home/jose/ws/ros2/src/ros2_babysteps/install/basics/share/basics/package.sh'
[2.448s] INFO:colcon.colcon_core.shell:Creating package script '/home/jose/ws/ros2/src/ros2_babysteps/install/basics/share/basics/package.bash'
[2.449s] INFO:colcon.colcon_core.shell:Creating package script '/home/jose/ws/ros2/src/ros2_babysteps/install/basics/share/basics/package.zsh'
[2.450s] Level 1:colcon.colcon_core.environment:create_file_with_runtime_dependencies(/home/jose/ws/ros2/src/ros2_babysteps/install/basics/share/colcon-core/packages/basics)
[2.457s] Level 1:colcon.colcon_core.environment:create_environment_scripts_only(cpp_pubsub)
[2.463s] Level 1:colcon.colcon_core.environment:checking '/home/jose/ws/ros2/src/ros2_babysteps/install/cpp_pubsub' for CMake module files
[2.465s] Level 1:colcon.colcon_core.environment:checking '/home/jose/ws/ros2/src/ros2_babysteps/install/cpp_pubsub' for CMake config files
[2.466s] Level 1:colcon.colcon_core.shell:create_environment_hook('cpp_pubsub', 'cmake_prefix_path')
[2.471s] INFO:colcon.colcon_core.shell:Creating environment hook '/home/jose/ws/ros2/src/ros2_babysteps/install/cpp_pubsub/share/cpp_pubsub/hook/cmake_prefix_path.ps1'
[2.472s] INFO:colcon.colcon_core.shell:Creating environment descriptor '/home/jose/ws/ros2/src/ros2_babysteps/install/cpp_pubsub/share/cpp_pubsub/hook/cmake_prefix_path.dsv'
[2.473s] INFO:colcon.colcon_core.shell:Creating environment hook '/home/jose/ws/ros2/src/ros2_babysteps/install/cpp_pubsub/share/cpp_pubsub/hook/cmake_prefix_path.sh'
[2.475s] Level 1:colcon.colcon_core.environment:checking '/home/jose/ws/ros2/src/ros2_babysteps/install/cpp_pubsub/lib'
[2.475s] Level 1:colcon.colcon_core.environment:checking '/home/jose/ws/ros2/src/ros2_babysteps/install/cpp_pubsub/bin'
[2.476s] Level 1:colcon.colcon_core.environment:checking '/home/jose/ws/ros2/src/ros2_babysteps/install/cpp_pubsub/lib/pkgconfig/cpp_pubsub.pc'
[2.476s] Level 1:colcon.colcon_core.environment:checking '/home/jose/ws/ros2/src/ros2_babysteps/install/cpp_pubsub/lib/python3.8/site-packages'
[2.477s] Level 1:colcon.colcon_core.environment:checking '/home/jose/ws/ros2/src/ros2_babysteps/install/cpp_pubsub/bin'
[2.482s] INFO:colcon.colcon_core.shell:Creating package script '/home/jose/ws/ros2/src/ros2_babysteps/install/cpp_pubsub/share/cpp_pubsub/package.ps1'
[2.484s] INFO:colcon.colcon_core.shell:Creating package descriptor '/home/jose/ws/ros2/src/ros2_babysteps/install/cpp_pubsub/share/cpp_pubsub/package.dsv'
[2.487s] INFO:colcon.colcon_core.shell:Creating package script '/home/jose/ws/ros2/src/ros2_babysteps/install/cpp_pubsub/share/cpp_pubsub/package.sh'
[2.488s] INFO:colcon.colcon_core.shell:Creating package script '/home/jose/ws/ros2/src/ros2_babysteps/install/cpp_pubsub/share/cpp_pubsub/package.bash'
[2.489s] INFO:colcon.colcon_core.shell:Creating package script '/home/jose/ws/ros2/src/ros2_babysteps/install/cpp_pubsub/share/cpp_pubsub/package.zsh'
[2.491s] Level 1:colcon.colcon_core.environment:create_file_with_runtime_dependencies(/home/jose/ws/ros2/src/ros2_babysteps/install/cpp_pubsub/share/colcon-core/packages/cpp_pubsub)
[2.497s] Level 1:colcon.colcon_core.environment:create_environment_scripts_only(my_package)
[2.504s] Level 1:colcon.colcon_core.environment:checking '/home/jose/ws/ros2/src/ros2_babysteps/install/my_package' for CMake module files
[2.506s] Level 1:colcon.colcon_core.environment:checking '/home/jose/ws/ros2/src/ros2_babysteps/install/my_package' for CMake config files
[2.507s] Level 1:colcon.colcon_core.shell:create_environment_hook('my_package', 'cmake_prefix_path')
[2.511s] INFO:colcon.colcon_core.shell:Creating environment hook '/home/jose/ws/ros2/src/ros2_babysteps/install/my_package/share/my_package/hook/cmake_prefix_path.ps1'
[2.512s] INFO:colcon.colcon_core.shell:Creating environment descriptor '/home/jose/ws/ros2/src/ros2_babysteps/install/my_package/share/my_package/hook/cmake_prefix_path.dsv'
[2.512s] INFO:colcon.colcon_core.shell:Creating environment hook '/home/jose/ws/ros2/src/ros2_babysteps/install/my_package/share/my_package/hook/cmake_prefix_path.sh'
[2.514s] Level 1:colcon.colcon_core.environment:checking '/home/jose/ws/ros2/src/ros2_babysteps/install/my_package/lib'
[2.514s] Level 1:colcon.colcon_core.environment:checking '/home/jose/ws/ros2/src/ros2_babysteps/install/my_package/bin'
[2.514s] Level 1:colcon.colcon_core.environment:checking '/home/jose/ws/ros2/src/ros2_babysteps/install/my_package/lib/pkgconfig/my_package.pc'
[2.515s] Level 1:colcon.colcon_core.environment:checking '/home/jose/ws/ros2/src/ros2_babysteps/install/my_package/lib/python3.8/site-packages'
[2.515s] Level 1:colcon.colcon_core.environment:checking '/home/jose/ws/ros2/src/ros2_babysteps/install/my_package/bin'
[2.520s] INFO:colcon.colcon_core.shell:Creating package script '/home/jose/ws/ros2/src/ros2_babysteps/install/my_package/share/my_package/package.ps1'
[2.522s] INFO:colcon.colcon_core.shell:Creating package descriptor '/home/jose/ws/ros2/src/ros2_babysteps/install/my_package/share/my_package/package.dsv'
[2.523s] INFO:colcon.colcon_core.shell:Creating package script '/home/jose/ws/ros2/src/ros2_babysteps/install/my_package/share/my_package/package.sh'
[2.524s] INFO:colcon.colcon_core.shell:Creating package script '/home/jose/ws/ros2/src/ros2_babysteps/install/my_package/share/my_package/package.bash'
[2.525s] INFO:colcon.colcon_core.shell:Creating package script '/home/jose/ws/ros2/src/ros2_babysteps/install/my_package/share/my_package/package.zsh'
[2.526s] Level 1:colcon.colcon_core.environment:create_file_with_runtime_dependencies(/home/jose/ws/ros2/src/ros2_babysteps/install/my_package/share/colcon-core/packages/my_package)
[32.160s] DEBUG:colcon.colcon_core.event_handler.log_command:Invoked command in '/home/jose/ws/ros2/src/ros2_babysteps/build/br2_basics' returned '0': CMAKE_PREFIX_PATH=${CMAKE_PREFIX_PATH}:/opt/ros/foxy /usr/bin/cmake /home/jose/ws/ros2/src/ros2_babysteps/br2_basics -DCMAKE_INSTALL_PREFIX=/home/jose/ws/ros2/src/ros2_babysteps/install/br2_basics
[32.168s] DEBUG:colcon.colcon_core.event_handler.log_command:Invoking command in '/home/jose/ws/ros2/src/ros2_babysteps/build/br2_basics': CMAKE_PREFIX_PATH=${CMAKE_PREFIX_PATH}:/opt/ros/foxy /usr/bin/cmake --build /home/jose/ws/ros2/src/ros2_babysteps/build/br2_basics -- -j8 -l8
[32.300s] DEBUG:colcon.colcon_core.event_handler.log_command:Invoked command in '/home/jose/ws/ros2/src/ros2_babysteps/build/br2_basics' returned '2': CMAKE_PREFIX_PATH=${CMAKE_PREFIX_PATH}:/opt/ros/foxy /usr/bin/cmake --build /home/jose/ws/ros2/src/ros2_babysteps/build/br2_basics -- -j8 -l8
[32.352s] Level 1:colcon.colcon_core.environment:create_environment_scripts_only(br2_basics)
[32.358s] Level 1:colcon.colcon_core.environment:checking '/home/jose/ws/ros2/src/ros2_babysteps/install/br2_basics' for CMake module files
[32.359s] Level 1:colcon.colcon_core.environment:checking '/home/jose/ws/ros2/src/ros2_babysteps/install/br2_basics' for CMake config files
[32.360s] Level 1:colcon.colcon_core.environment:checking '/home/jose/ws/ros2/src/ros2_babysteps/install/br2_basics/bin'
[32.360s] Level 1:colcon.colcon_core.environment:checking '/home/jose/ws/ros2/src/ros2_babysteps/install/br2_basics/lib/pkgconfig/br2_basics.pc'
[32.361s] Level 1:colcon.colcon_core.environment:checking '/home/jose/ws/ros2/src/ros2_babysteps/install/br2_basics/lib/python3.8/site-packages'
[32.361s] Level 1:colcon.colcon_core.environment:checking '/home/jose/ws/ros2/src/ros2_babysteps/install/br2_basics/bin'
[32.366s] INFO:colcon.colcon_core.shell:Creating package script '/home/jose/ws/ros2/src/ros2_babysteps/install/br2_basics/share/br2_basics/package.ps1'
[32.367s] INFO:colcon.colcon_core.shell:Creating package descriptor '/home/jose/ws/ros2/src/ros2_babysteps/install/br2_basics/share/br2_basics/package.dsv'
[32.368s] INFO:colcon.colcon_core.shell:Creating package script '/home/jose/ws/ros2/src/ros2_babysteps/install/br2_basics/share/br2_basics/package.sh'
[32.369s] INFO:colcon.colcon_core.shell:Creating package script '/home/jose/ws/ros2/src/ros2_babysteps/install/br2_basics/share/br2_basics/package.bash'
[32.370s] INFO:colcon.colcon_core.shell:Creating package script '/home/jose/ws/ros2/src/ros2_babysteps/install/br2_basics/share/br2_basics/package.zsh'
[32.371s] Level 1:colcon.colcon_core.environment:create_file_with_runtime_dependencies(/home/jose/ws/ros2/src/ros2_babysteps/install/br2_basics/share/colcon-core/packages/br2_basics)
[32.383s] DEBUG:colcon.colcon_parallel_executor.executor.parallel:closing loop
[32.384s] DEBUG:colcon.colcon_parallel_executor.executor.parallel:loop closed
[32.384s] DEBUG:colcon.colcon_parallel_executor.executor.parallel:run_until_complete finished with '2'
[32.385s] DEBUG:colcon.colcon_core.event_reactor:joining thread
[32.735s] INFO:colcon.colcon_core.plugin_system:Skipping extension 'colcon_notification.desktop_notification.notify_send': Could not find 'notify-send'
[32.736s] INFO:colcon.colcon_core.plugin_system:Skipping extension 'colcon_notification.desktop_notification.terminal_notifier': Not used on non-Darwin systems
[32.736s] INFO:colcon.colcon_core.plugin_system:Skipping extension 'colcon_notification.desktop_notification.win32': Not used on non-Windows systems
[32.736s] INFO:colcon.colcon_notification.desktop_notification:Sending desktop notification using 'notify2'
[32.750s] DEBUG:colcon.colcon_notification.desktop_notification.notify2:Failed to initialize notify2: org.freedesktop.DBus.Error.ServiceUnknown: The name org.freedesktop.Notifications was not provided by any .service files
[32.750s] DEBUG:colcon.colcon_core.event_reactor:joined thread
[32.755s] INFO:colcon.colcon_core.shell:Creating prefix script '/home/jose/ws/ros2/src/ros2_babysteps/install/local_setup.ps1'
[32.758s] INFO:colcon.colcon_core.shell:Creating prefix util module '/home/jose/ws/ros2/src/ros2_babysteps/install/_local_setup_util_ps1.py'
[32.761s] INFO:colcon.colcon_core.shell:Creating prefix chain script '/home/jose/ws/ros2/src/ros2_babysteps/install/setup.ps1'
[32.766s] INFO:colcon.colcon_core.shell:Creating prefix script '/home/jose/ws/ros2/src/ros2_babysteps/install/local_setup.sh'
[32.767s] INFO:colcon.colcon_core.shell:Creating prefix util module '/home/jose/ws/ros2/src/ros2_babysteps/install/_local_setup_util_sh.py'
[32.769s] INFO:colcon.colcon_core.shell:Creating prefix chain script '/home/jose/ws/ros2/src/ros2_babysteps/install/setup.sh'
[32.772s] INFO:colcon.colcon_core.shell:Creating prefix script '/home/jose/ws/ros2/src/ros2_babysteps/install/local_setup.bash'
[32.774s] INFO:colcon.colcon_core.shell:Creating prefix chain script '/home/jose/ws/ros2/src/ros2_babysteps/install/setup.bash'
[32.778s] INFO:colcon.colcon_core.shell:Creating prefix script '/home/jose/ws/ros2/src/ros2_babysteps/install/local_setup.zsh'
[32.779s] INFO:colcon.colcon_core.shell:Creating prefix chain script '/home/jose/ws/ros2/src/ros2_babysteps/install/setup.zsh'
