[1.498s] DEBUG:colcon:Command line arguments: ['/usr/bin/colcon', 'build']
[1.498s] DEBUG:colcon:Parsed command line arguments: Namespace(allow_overriding=[], ament_cmake_args=None, base_paths=['.'], build_base='build', catkin_cmake_args=None, catkin_skip_building_tests=False, cmake_args=None, cmake_clean_cache=False, cmake_clean_first=False, cmake_force_configure=False, cmake_target=None, cmake_target_skip_unavailable=False, continue_on_error=False, event_handlers=None, executor='parallel', ignore_user_meta=False, install_base='install', log_base=None, log_level=None, main=<bound method BuildVerb.main of <colcon_core.verb.build.BuildVerb object at 0x7f9a3bd2ddc0>>, merge_install=False, metas=['./colcon.meta'], packages_above=None, packages_above_and_dependencies=None, packages_above_depth=None, packages_end=None, packages_ignore=None, packages_ignore_regex=None, packages_select=None, packages_select_build_failed=False, packages_select_by_dep=None, packages_select_regex=None, packages_select_test_failures=False, packages_skip=None, packages_skip_build_finished=False, packages_skip_by_dep=None, packages_skip_regex=None, packages_skip_test_passed=False, packages_skip_up_to=None, packages_start=None, packages_up_to=None, packages_up_to_regex=None, parallel_workers=8, paths=None, symlink_install=False, test_result_base=None, verb_extension=<colcon_core.verb.build.BuildVerb object at 0x7f9a3bd2ddc0>, verb_name='build', verb_parser=<colcon_defaults.argument_parser.defaults.DefaultArgumentsDecorator object at 0x7f9a3b415250>)
[1.598s] Level 1:colcon.colcon_core.package_discovery:discover_packages(colcon_meta) check parameters
[1.599s] Level 1:colcon.colcon_core.package_discovery:discover_packages(recursive) check parameters
[1.599s] Level 1:colcon.colcon_core.package_discovery:discover_packages(ignore) check parameters
[1.599s] Level 1:colcon.colcon_core.package_discovery:discover_packages(path) check parameters
[1.599s] Level 1:colcon.colcon_core.package_discovery:discover_packages(colcon_meta) discover
[1.599s] Level 1:colcon.colcon_core.package_discovery:discover_packages(recursive) discover
[1.599s] INFO:colcon.colcon_core.package_discovery:Crawling recursively for packages in '/home/jose/ws/ros2/src/ros2_babysteps'
[1.599s] Level 1:colcon.colcon_core.package_identification:_identify(.) by extensions ['ignore', 'ignore_ament_install']
[1.599s] Level 1:colcon.colcon_core.package_identification:_identify(.) by extension 'ignore'
[1.599s] Level 1:colcon.colcon_core.package_identification:_identify(.) by extension 'ignore_ament_install'
[1.600s] Level 1:colcon.colcon_core.package_identification:_identify(.) by extensions ['colcon_pkg']
[1.600s] Level 1:colcon.colcon_core.package_identification:_identify(.) by extension 'colcon_pkg'
[1.600s] Level 1:colcon.colcon_core.package_identification:_identify(.) by extensions ['colcon_meta']
[1.600s] Level 1:colcon.colcon_core.package_identification:_identify(.) by extension 'colcon_meta'
[1.600s] Level 1:colcon.colcon_core.package_identification:_identify(.) by extensions ['ros']
[1.600s] Level 1:colcon.colcon_core.package_identification:_identify(.) by extension 'ros'
[1.625s] Level 1:colcon.colcon_core.package_identification:_identify(.) by extensions ['cmake', 'python']
[1.625s] Level 1:colcon.colcon_core.package_identification:_identify(.) by extension 'cmake'
[1.625s] Level 1:colcon.colcon_core.package_identification:_identify(.) by extension 'python'
[1.625s] Level 1:colcon.colcon_core.package_identification:_identify(.) by extensions ['python_setup_py']
[1.625s] Level 1:colcon.colcon_core.package_identification:_identify(.) by extension 'python_setup_py'
[1.626s] Level 1:colcon.colcon_core.package_identification:_identify(basics) by extensions ['ignore', 'ignore_ament_install']
[1.626s] Level 1:colcon.colcon_core.package_identification:_identify(basics) by extension 'ignore'
[1.626s] Level 1:colcon.colcon_core.package_identification:_identify(basics) by extension 'ignore_ament_install'
[1.626s] Level 1:colcon.colcon_core.package_identification:_identify(basics) by extensions ['colcon_pkg']
[1.626s] Level 1:colcon.colcon_core.package_identification:_identify(basics) by extension 'colcon_pkg'
[1.626s] Level 1:colcon.colcon_core.package_identification:_identify(basics) by extensions ['colcon_meta']
[1.626s] Level 1:colcon.colcon_core.package_identification:_identify(basics) by extension 'colcon_meta'
[1.626s] Level 1:colcon.colcon_core.package_identification:_identify(basics) by extensions ['ros']
[1.626s] Level 1:colcon.colcon_core.package_identification:_identify(basics) by extension 'ros'
[1.631s] DEBUG:colcon.colcon_core.package_identification:Package 'basics' with type 'ros.ament_cmake' and name 'basics'
[1.632s] Level 1:colcon.colcon_core.package_identification:_identify(br2_basics) by extensions ['ignore', 'ignore_ament_install']
[1.632s] Level 1:colcon.colcon_core.package_identification:_identify(br2_basics) by extension 'ignore'
[1.632s] Level 1:colcon.colcon_core.package_identification:_identify(br2_basics) by extension 'ignore_ament_install'
[1.632s] Level 1:colcon.colcon_core.package_identification:_identify(br2_basics) by extensions ['colcon_pkg']
[1.632s] Level 1:colcon.colcon_core.package_identification:_identify(br2_basics) by extension 'colcon_pkg'
[1.632s] Level 1:colcon.colcon_core.package_identification:_identify(br2_basics) by extensions ['colcon_meta']
[1.632s] Level 1:colcon.colcon_core.package_identification:_identify(br2_basics) by extension 'colcon_meta'
[1.632s] Level 1:colcon.colcon_core.package_identification:_identify(br2_basics) by extensions ['ros']
[1.632s] Level 1:colcon.colcon_core.package_identification:_identify(br2_basics) by extension 'ros'
[1.633s] DEBUG:colcon.colcon_core.package_identification:Package 'br2_basics' with type 'ros.ament_cmake' and name 'br2_basics'
[1.634s] Level 1:colcon.colcon_core.package_identification:_identify(build) by extensions ['ignore', 'ignore_ament_install']
[1.634s] Level 1:colcon.colcon_core.package_identification:_identify(build) by extension 'ignore'
[1.634s] Level 1:colcon.colcon_core.package_identification:_identify(build) ignored
[1.634s] Level 1:colcon.colcon_core.package_identification:_identify(cpp_pubsub) by extensions ['ignore', 'ignore_ament_install']
[1.634s] Level 1:colcon.colcon_core.package_identification:_identify(cpp_pubsub) by extension 'ignore'
[1.634s] Level 1:colcon.colcon_core.package_identification:_identify(cpp_pubsub) by extension 'ignore_ament_install'
[1.634s] Level 1:colcon.colcon_core.package_identification:_identify(cpp_pubsub) by extensions ['colcon_pkg']
[1.634s] Level 1:colcon.colcon_core.package_identification:_identify(cpp_pubsub) by extension 'colcon_pkg'
[1.634s] Level 1:colcon.colcon_core.package_identification:_identify(cpp_pubsub) by extensions ['colcon_meta']
[1.634s] Level 1:colcon.colcon_core.package_identification:_identify(cpp_pubsub) by extension 'colcon_meta'
[1.635s] Level 1:colcon.colcon_core.package_identification:_identify(cpp_pubsub) by extensions ['ros']
[1.635s] Level 1:colcon.colcon_core.package_identification:_identify(cpp_pubsub) by extension 'ros'
[1.635s] DEBUG:colcon.colcon_core.package_identification:Package 'cpp_pubsub' with type 'ros.ament_cmake' and name 'cpp_pubsub'
[1.636s] Level 1:colcon.colcon_core.package_identification:_identify(install) by extensions ['ignore', 'ignore_ament_install']
[1.636s] Level 1:colcon.colcon_core.package_identification:_identify(install) by extension 'ignore'
[1.636s] Level 1:colcon.colcon_core.package_identification:_identify(install) ignored
[1.636s] Level 1:colcon.colcon_core.package_identification:_identify(log) by extensions ['ignore', 'ignore_ament_install']
[1.636s] Level 1:colcon.colcon_core.package_identification:_identify(log) by extension 'ignore'
[1.636s] Level 1:colcon.colcon_core.package_identification:_identify(log) ignored
[1.636s] Level 1:colcon.colcon_core.package_identification:_identify(my_package) by extensions ['ignore', 'ignore_ament_install']
[1.637s] Level 1:colcon.colcon_core.package_identification:_identify(my_package) by extension 'ignore'
[1.637s] Level 1:colcon.colcon_core.package_identification:_identify(my_package) by extension 'ignore_ament_install'
[1.637s] Level 1:colcon.colcon_core.package_identification:_identify(my_package) by extensions ['colcon_pkg']
[1.637s] Level 1:colcon.colcon_core.package_identification:_identify(my_package) by extension 'colcon_pkg'
[1.637s] Level 1:colcon.colcon_core.package_identification:_identify(my_package) by extensions ['colcon_meta']
[1.637s] Level 1:colcon.colcon_core.package_identification:_identify(my_package) by extension 'colcon_meta'
[1.637s] Level 1:colcon.colcon_core.package_identification:_identify(my_package) by extensions ['ros']
[1.637s] Level 1:colcon.colcon_core.package_identification:_identify(my_package) by extension 'ros'
[1.638s] DEBUG:colcon.colcon_core.package_identification:Package 'my_package' with type 'ros.ament_cmake' and name 'my_package'
[1.638s] Level 1:colcon.colcon_core.package_discovery:discover_packages(recursive) using defaults
[1.638s] Level 1:colcon.colcon_core.package_discovery:discover_packages(ignore) discover
[1.638s] Level 1:colcon.colcon_core.package_discovery:discover_packages(ignore) using defaults
[1.638s] Level 1:colcon.colcon_core.package_discovery:discover_packages(path) discover
[1.638s] Level 1:colcon.colcon_core.package_discovery:discover_packages(path) using defaults
[1.691s] Level 1:colcon.colcon_core.package_discovery:discover_packages(prefix_path) check parameters
[1.691s] Level 1:colcon.colcon_core.package_discovery:discover_packages(prefix_path) discover
[1.696s] DEBUG:colcon.colcon_installed_package_information.package_discovery:Found 3 installed packages in /home/jose/ws/ros2/install
[1.700s] DEBUG:colcon.colcon_installed_package_information.package_discovery:Found 256 installed packages in /opt/ros/foxy
[1.702s] Level 1:colcon.colcon_core.package_discovery:discover_packages(prefix_path) using defaults
[1.838s] Level 5:colcon.colcon_core.verb:set package 'basics' build argument 'cmake_args' from command line to 'None'
[1.838s] Level 5:colcon.colcon_core.verb:set package 'basics' build argument 'cmake_target' from command line to 'None'
[1.838s] Level 5:colcon.colcon_core.verb:set package 'basics' build argument 'cmake_target_skip_unavailable' from command line to 'False'
[1.838s] Level 5:colcon.colcon_core.verb:set package 'basics' build argument 'cmake_clean_cache' from command line to 'False'
[1.838s] Level 5:colcon.colcon_core.verb:set package 'basics' build argument 'cmake_clean_first' from command line to 'False'
[1.838s] Level 5:colcon.colcon_core.verb:set package 'basics' build argument 'cmake_force_configure' from command line to 'False'
[1.838s] Level 5:colcon.colcon_core.verb:set package 'basics' build argument 'ament_cmake_args' from command line to 'None'
[1.838s] Level 5:colcon.colcon_core.verb:set package 'basics' build argument 'catkin_cmake_args' from command line to 'None'
[1.838s] Level 5:colcon.colcon_core.verb:set package 'basics' build argument 'catkin_skip_building_tests' from command line to 'False'
[1.838s] DEBUG:colcon.colcon_core.verb:Building package 'basics' with the following arguments: {'ament_cmake_args': None, 'build_base': '/home/jose/ws/ros2/src/ros2_babysteps/build/basics', 'catkin_cmake_args': None, 'catkin_skip_building_tests': False, 'cmake_args': None, 'cmake_clean_cache': False, 'cmake_clean_first': False, 'cmake_force_configure': False, 'cmake_target': None, 'cmake_target_skip_unavailable': False, 'install_base': '/home/jose/ws/ros2/src/ros2_babysteps/install/basics', 'merge_install': False, 'path': '/home/jose/ws/ros2/src/ros2_babysteps/basics', 'symlink_install': False, 'test_result_base': None}
[1.841s] Level 5:colcon.colcon_core.verb:set package 'br2_basics' build argument 'cmake_args' from command line to 'None'
[1.841s] Level 5:colcon.colcon_core.verb:set package 'br2_basics' build argument 'cmake_target' from command line to 'None'
[1.841s] Level 5:colcon.colcon_core.verb:set package 'br2_basics' build argument 'cmake_target_skip_unavailable' from command line to 'False'
[1.841s] Level 5:colcon.colcon_core.verb:set package 'br2_basics' build argument 'cmake_clean_cache' from command line to 'False'
[1.841s] Level 5:colcon.colcon_core.verb:set package 'br2_basics' build argument 'cmake_clean_first' from command line to 'False'
[1.841s] Level 5:colcon.colcon_core.verb:set package 'br2_basics' build argument 'cmake_force_configure' from command line to 'False'
[1.841s] Level 5:colcon.colcon_core.verb:set package 'br2_basics' build argument 'ament_cmake_args' from command line to 'None'
[1.841s] Level 5:colcon.colcon_core.verb:set package 'br2_basics' build argument 'catkin_cmake_args' from command line to 'None'
[1.841s] Level 5:colcon.colcon_core.verb:set package 'br2_basics' build argument 'catkin_skip_building_tests' from command line to 'False'
[1.841s] DEBUG:colcon.colcon_core.verb:Building package 'br2_basics' with the following arguments: {'ament_cmake_args': None, 'build_base': '/home/jose/ws/ros2/src/ros2_babysteps/build/br2_basics', 'catkin_cmake_args': None, 'catkin_skip_building_tests': False, 'cmake_args': None, 'cmake_clean_cache': False, 'cmake_clean_first': False, 'cmake_force_configure': False, 'cmake_target': None, 'cmake_target_skip_unavailable': False, 'install_base': '/home/jose/ws/ros2/src/ros2_babysteps/install/br2_basics', 'merge_install': False, 'path': '/home/jose/ws/ros2/src/ros2_babysteps/br2_basics', 'symlink_install': False, 'test_result_base': None}
[1.843s] Level 5:colcon.colcon_core.verb:set package 'cpp_pubsub' build argument 'cmake_args' from command line to 'None'
[1.843s] Level 5:colcon.colcon_core.verb:set package 'cpp_pubsub' build argument 'cmake_target' from command line to 'None'
[1.843s] Level 5:colcon.colcon_core.verb:set package 'cpp_pubsub' build argument 'cmake_target_skip_unavailable' from command line to 'False'
[1.843s] Level 5:colcon.colcon_core.verb:set package 'cpp_pubsub' build argument 'cmake_clean_cache' from command line to 'False'
[1.843s] Level 5:colcon.colcon_core.verb:set package 'cpp_pubsub' build argument 'cmake_clean_first' from command line to 'False'
[1.843s] Level 5:colcon.colcon_core.verb:set package 'cpp_pubsub' build argument 'cmake_force_configure' from command line to 'False'
[1.843s] Level 5:colcon.colcon_core.verb:set package 'cpp_pubsub' build argument 'ament_cmake_args' from command line to 'None'
[1.843s] Level 5:colcon.colcon_core.verb:set package 'cpp_pubsub' build argument 'catkin_cmake_args' from command line to 'None'
[1.843s] Level 5:colcon.colcon_core.verb:set package 'cpp_pubsub' build argument 'catkin_skip_building_tests' from command line to 'False'
[1.843s] DEBUG:colcon.colcon_core.verb:Building package 'cpp_pubsub' with the following arguments: {'ament_cmake_args': None, 'build_base': '/home/jose/ws/ros2/src/ros2_babysteps/build/cpp_pubsub', 'catkin_cmake_args': None, 'catkin_skip_building_tests': False, 'cmake_args': None, 'cmake_clean_cache': False, 'cmake_clean_first': False, 'cmake_force_configure': False, 'cmake_target': None, 'cmake_target_skip_unavailable': False, 'install_base': '/home/jose/ws/ros2/src/ros2_babysteps/install/cpp_pubsub', 'merge_install': False, 'path': '/home/jose/ws/ros2/src/ros2_babysteps/cpp_pubsub', 'symlink_install': False, 'test_result_base': None}
[1.846s] Level 5:colcon.colcon_core.verb:set package 'my_package' build argument 'cmake_args' from command line to 'None'
[1.846s] Level 5:colcon.colcon_core.verb:set package 'my_package' build argument 'cmake_target' from command line to 'None'
[1.846s] Level 5:colcon.colcon_core.verb:set package 'my_package' build argument 'cmake_target_skip_unavailable' from command line to 'False'
[1.846s] Level 5:colcon.colcon_core.verb:set package 'my_package' build argument 'cmake_clean_cache' from command line to 'False'
[1.846s] Level 5:colcon.colcon_core.verb:set package 'my_package' build argument 'cmake_clean_first' from command line to 'False'
[1.846s] Level 5:colcon.colcon_core.verb:set package 'my_package' build argument 'cmake_force_configure' from command line to 'False'
[1.846s] Level 5:colcon.colcon_core.verb:set package 'my_package' build argument 'ament_cmake_args' from command line to 'None'
[1.847s] Level 5:colcon.colcon_core.verb:set package 'my_package' build argument 'catkin_cmake_args' from command line to 'None'
[1.847s] Level 5:colcon.colcon_core.verb:set package 'my_package' build argument 'catkin_skip_building_tests' from command line to 'False'
[1.847s] DEBUG:colcon.colcon_core.verb:Building package 'my_package' with the following arguments: {'ament_cmake_args': None, 'build_base': '/home/jose/ws/ros2/src/ros2_babysteps/build/my_package', 'catkin_cmake_args': None, 'catkin_skip_building_tests': False, 'cmake_args': None, 'cmake_clean_cache': False, 'cmake_clean_first': False, 'cmake_force_configure': False, 'cmake_target': None, 'cmake_target_skip_unavailable': False, 'install_base': '/home/jose/ws/ros2/src/ros2_babysteps/install/my_package', 'merge_install': False, 'path': '/home/jose/ws/ros2/src/ros2_babysteps/my_package', 'symlink_install': False, 'test_result_base': None}
[1.848s] INFO:colcon.colcon_core.executor:Executing jobs using 'parallel' executor
[1.856s] DEBUG:colcon.colcon_parallel_executor.executor.parallel:run_until_complete
[1.856s] INFO:colcon.colcon_ros.task.ament_cmake.build:Building ROS package in '/home/jose/ws/ros2/src/ros2_babysteps/basics' with build type 'ament_cmake'
[1.857s] INFO:colcon.colcon_cmake.task.cmake.build:Building CMake package in '/home/jose/ws/ros2/src/ros2_babysteps/basics'
[1.869s] INFO:colcon.colcon_core.plugin_system:Skipping extension 'colcon_core.shell.bat': Not used on non-Windows systems
[1.869s] INFO:colcon.colcon_core.shell:Skip shell extension 'powershell' for command environment: Not usable outside of PowerShell
[1.870s] DEBUG:colcon.colcon_core.shell:Skip shell extension 'dsv' for command environment
[1.885s] INFO:colcon.colcon_ros.task.ament_cmake.build:Building ROS package in '/home/jose/ws/ros2/src/ros2_babysteps/br2_basics' with build type 'ament_cmake'
[1.886s] INFO:colcon.colcon_cmake.task.cmake.build:Building CMake package in '/home/jose/ws/ros2/src/ros2_babysteps/br2_basics'
[1.889s] INFO:colcon.colcon_core.shell:Skip shell extension 'powershell' for command environment: Not usable outside of PowerShell
[1.890s] DEBUG:colcon.colcon_core.shell:Skip shell extension 'dsv' for command environment
[1.910s] INFO:colcon.colcon_ros.task.ament_cmake.build:Building ROS package in '/home/jose/ws/ros2/src/ros2_babysteps/cpp_pubsub' with build type 'ament_cmake'
[1.911s] INFO:colcon.colcon_cmake.task.cmake.build:Building CMake package in '/home/jose/ws/ros2/src/ros2_babysteps/cpp_pubsub'
[1.918s] INFO:colcon.colcon_core.shell:Skip shell extension 'powershell' for command environment: Not usable outside of PowerShell
[1.919s] DEBUG:colcon.colcon_core.shell:Skip shell extension 'dsv' for command environment
[1.937s] INFO:colcon.colcon_ros.task.ament_cmake.build:Building ROS package in '/home/jose/ws/ros2/src/ros2_babysteps/my_package' with build type 'ament_cmake'
[1.938s] INFO:colcon.colcon_cmake.task.cmake.build:Building CMake package in '/home/jose/ws/ros2/src/ros2_babysteps/my_package'
[1.947s] INFO:colcon.colcon_core.shell:Skip shell extension 'powershell' for command environment: Not usable outside of PowerShell
[1.948s] DEBUG:colcon.colcon_core.shell:Skip shell extension 'dsv' for command environment
[1.994s] DEBUG:colcon.colcon_core.event_handler.log_command:Invoking command in '/home/jose/ws/ros2/src/ros2_babysteps/build/basics': CMAKE_PREFIX_PATH=${CMAKE_PREFIX_PATH}:/opt/ros/foxy /usr/bin/cmake --build /home/jose/ws/ros2/src/ros2_babysteps/build/basics -- -j8 -l8
[2.013s] DEBUG:colcon.colcon_core.event_handler.log_command:Invoking command in '/home/jose/ws/ros2/src/ros2_babysteps/build/br2_basics': CMAKE_PREFIX_PATH=${CMAKE_PREFIX_PATH}:/opt/ros/foxy /usr/bin/cmake --build /home/jose/ws/ros2/src/ros2_babysteps/build/br2_basics -- -j8 -l8
[2.029s] DEBUG:colcon.colcon_core.event_handler.log_command:Invoking command in '/home/jose/ws/ros2/src/ros2_babysteps/build/cpp_pubsub': CMAKE_PREFIX_PATH=${CMAKE_PREFIX_PATH}:/opt/ros/foxy /usr/bin/cmake --build /home/jose/ws/ros2/src/ros2_babysteps/build/cpp_pubsub -- -j8 -l8
[2.040s] DEBUG:colcon.colcon_core.event_handler.log_command:Invoking command in '/home/jose/ws/ros2/src/ros2_babysteps/build/my_package': CMAKE_PREFIX_PATH=${CMAKE_PREFIX_PATH}:/opt/ros/foxy /usr/bin/cmake --build /home/jose/ws/ros2/src/ros2_babysteps/build/my_package -- -j8 -l8
[2.170s] DEBUG:colcon.colcon_core.event_handler.log_command:Invoked command in '/home/jose/ws/ros2/src/ros2_babysteps/build/basics' returned '0': CMAKE_PREFIX_PATH=${CMAKE_PREFIX_PATH}:/opt/ros/foxy /usr/bin/cmake --build /home/jose/ws/ros2/src/ros2_babysteps/build/basics -- -j8 -l8
[2.190s] DEBUG:colcon.colcon_core.event_handler.log_command:Invoked command in '/home/jose/ws/ros2/src/ros2_babysteps/build/my_package' returned '0': CMAKE_PREFIX_PATH=${CMAKE_PREFIX_PATH}:/opt/ros/foxy /usr/bin/cmake --build /home/jose/ws/ros2/src/ros2_babysteps/build/my_package -- -j8 -l8
[2.197s] DEBUG:colcon.colcon_core.event_handler.log_command:Invoked command in '/home/jose/ws/ros2/src/ros2_babysteps/build/cpp_pubsub' returned '0': CMAKE_PREFIX_PATH=${CMAKE_PREFIX_PATH}:/opt/ros/foxy /usr/bin/cmake --build /home/jose/ws/ros2/src/ros2_babysteps/build/cpp_pubsub -- -j8 -l8
[2.257s] DEBUG:colcon.colcon_core.event_handler.log_command:Invoking command in '/home/jose/ws/ros2/src/ros2_babysteps/build/basics': CMAKE_PREFIX_PATH=${CMAKE_PREFIX_PATH}:/opt/ros/foxy /usr/bin/cmake --install /home/jose/ws/ros2/src/ros2_babysteps/build/basics
[2.273s] DEBUG:colcon.colcon_core.event_handler.log_command:Invoking command in '/home/jose/ws/ros2/src/ros2_babysteps/build/cpp_pubsub': CMAKE_PREFIX_PATH=${CMAKE_PREFIX_PATH}:/opt/ros/foxy /usr/bin/cmake --install /home/jose/ws/ros2/src/ros2_babysteps/build/cpp_pubsub
[2.296s] DEBUG:colcon.colcon_core.event_handler.log_command:Invoking command in '/home/jose/ws/ros2/src/ros2_babysteps/build/my_package': CMAKE_PREFIX_PATH=${CMAKE_PREFIX_PATH}:/opt/ros/foxy /usr/bin/cmake --install /home/jose/ws/ros2/src/ros2_babysteps/build/my_package
[2.300s] Level 1:colcon.colcon_core.environment:create_environment_scripts_only(basics)
[2.317s] DEBUG:colcon.colcon_core.event_handler.log_command:Invoked command in '/home/jose/ws/ros2/src/ros2_babysteps/build/basics' returned '0': CMAKE_PREFIX_PATH=${CMAKE_PREFIX_PATH}:/opt/ros/foxy /usr/bin/cmake --install /home/jose/ws/ros2/src/ros2_babysteps/build/basics
[2.338s] Level 1:colcon.colcon_core.environment:checking '/home/jose/ws/ros2/src/ros2_babysteps/install/basics' for CMake module files
[2.345s] Level 1:colcon.colcon_core.environment:checking '/home/jose/ws/ros2/src/ros2_babysteps/install/basics' for CMake config files
[2.347s] Level 1:colcon.colcon_core.shell:create_environment_hook('basics', 'cmake_prefix_path')
[2.351s] INFO:colcon.colcon_core.shell:Creating environment hook '/home/jose/ws/ros2/src/ros2_babysteps/install/basics/share/basics/hook/cmake_prefix_path.ps1'
[2.353s] INFO:colcon.colcon_core.shell:Creating environment descriptor '/home/jose/ws/ros2/src/ros2_babysteps/install/basics/share/basics/hook/cmake_prefix_path.dsv'
[2.354s] INFO:colcon.colcon_core.shell:Creating environment hook '/home/jose/ws/ros2/src/ros2_babysteps/install/basics/share/basics/hook/cmake_prefix_path.sh'
[2.356s] Level 1:colcon.colcon_core.environment:checking '/home/jose/ws/ros2/src/ros2_babysteps/install/basics/lib'
[2.356s] Level 1:colcon.colcon_core.environment:checking '/home/jose/ws/ros2/src/ros2_babysteps/install/basics/bin'
[2.356s] Level 1:colcon.colcon_core.environment:checking '/home/jose/ws/ros2/src/ros2_babysteps/install/basics/lib/pkgconfig/basics.pc'
[2.357s] Level 1:colcon.colcon_core.environment:checking '/home/jose/ws/ros2/src/ros2_babysteps/install/basics/lib/python3.8/site-packages'
[2.357s] Level 1:colcon.colcon_core.environment:checking '/home/jose/ws/ros2/src/ros2_babysteps/install/basics/bin'
[2.362s] INFO:colcon.colcon_core.shell:Creating package script '/home/jose/ws/ros2/src/ros2_babysteps/install/basics/share/basics/package.ps1'
[2.365s] INFO:colcon.colcon_core.shell:Creating package descriptor '/home/jose/ws/ros2/src/ros2_babysteps/install/basics/share/basics/package.dsv'
[2.366s] INFO:colcon.colcon_core.shell:Creating package script '/home/jose/ws/ros2/src/ros2_babysteps/install/basics/share/basics/package.sh'
[2.368s] INFO:colcon.colcon_core.shell:Creating package script '/home/jose/ws/ros2/src/ros2_babysteps/install/basics/share/basics/package.bash'
[2.369s] INFO:colcon.colcon_core.shell:Creating package script '/home/jose/ws/ros2/src/ros2_babysteps/install/basics/share/basics/package.zsh'
[2.371s] Level 1:colcon.colcon_core.environment:create_file_with_runtime_dependencies(/home/jose/ws/ros2/src/ros2_babysteps/install/basics/share/colcon-core/packages/basics)
[2.381s] Level 1:colcon.colcon_core.environment:create_environment_scripts_only(cpp_pubsub)
[2.388s] Level 1:colcon.colcon_core.environment:checking '/home/jose/ws/ros2/src/ros2_babysteps/install/cpp_pubsub' for CMake module files
[2.388s] DEBUG:colcon.colcon_core.event_handler.log_command:Invoked command in '/home/jose/ws/ros2/src/ros2_babysteps/build/cpp_pubsub' returned '0': CMAKE_PREFIX_PATH=${CMAKE_PREFIX_PATH}:/opt/ros/foxy /usr/bin/cmake --install /home/jose/ws/ros2/src/ros2_babysteps/build/cpp_pubsub
[2.391s] Level 1:colcon.colcon_core.environment:checking '/home/jose/ws/ros2/src/ros2_babysteps/install/cpp_pubsub' for CMake config files
[2.392s] Level 1:colcon.colcon_core.shell:create_environment_hook('cpp_pubsub', 'cmake_prefix_path')
[2.398s] INFO:colcon.colcon_core.shell:Creating environment hook '/home/jose/ws/ros2/src/ros2_babysteps/install/cpp_pubsub/share/cpp_pubsub/hook/cmake_prefix_path.ps1'
[2.399s] INFO:colcon.colcon_core.shell:Creating environment descriptor '/home/jose/ws/ros2/src/ros2_babysteps/install/cpp_pubsub/share/cpp_pubsub/hook/cmake_prefix_path.dsv'
[2.401s] INFO:colcon.colcon_core.shell:Creating environment hook '/home/jose/ws/ros2/src/ros2_babysteps/install/cpp_pubsub/share/cpp_pubsub/hook/cmake_prefix_path.sh'
[2.402s] Level 1:colcon.colcon_core.environment:checking '/home/jose/ws/ros2/src/ros2_babysteps/install/cpp_pubsub/lib'
[2.403s] Level 1:colcon.colcon_core.environment:checking '/home/jose/ws/ros2/src/ros2_babysteps/install/cpp_pubsub/bin'
[2.403s] Level 1:colcon.colcon_core.environment:checking '/home/jose/ws/ros2/src/ros2_babysteps/install/cpp_pubsub/lib/pkgconfig/cpp_pubsub.pc'
[2.403s] Level 1:colcon.colcon_core.environment:checking '/home/jose/ws/ros2/src/ros2_babysteps/install/cpp_pubsub/lib/python3.8/site-packages'
[2.404s] Level 1:colcon.colcon_core.environment:checking '/home/jose/ws/ros2/src/ros2_babysteps/install/cpp_pubsub/bin'
[2.407s] INFO:colcon.colcon_core.shell:Creating package script '/home/jose/ws/ros2/src/ros2_babysteps/install/cpp_pubsub/share/cpp_pubsub/package.ps1'
[2.408s] INFO:colcon.colcon_core.shell:Creating package descriptor '/home/jose/ws/ros2/src/ros2_babysteps/install/cpp_pubsub/share/cpp_pubsub/package.dsv'
[2.410s] INFO:colcon.colcon_core.shell:Creating package script '/home/jose/ws/ros2/src/ros2_babysteps/install/cpp_pubsub/share/cpp_pubsub/package.sh'
[2.411s] INFO:colcon.colcon_core.shell:Creating package script '/home/jose/ws/ros2/src/ros2_babysteps/install/cpp_pubsub/share/cpp_pubsub/package.bash'
[2.414s] INFO:colcon.colcon_core.shell:Creating package script '/home/jose/ws/ros2/src/ros2_babysteps/install/cpp_pubsub/share/cpp_pubsub/package.zsh'
[2.415s] Level 1:colcon.colcon_core.environment:create_file_with_runtime_dependencies(/home/jose/ws/ros2/src/ros2_babysteps/install/cpp_pubsub/share/colcon-core/packages/cpp_pubsub)
[2.421s] Level 1:colcon.colcon_core.environment:create_environment_scripts_only(my_package)
[2.426s] Level 1:colcon.colcon_core.environment:checking '/home/jose/ws/ros2/src/ros2_babysteps/install/my_package' for CMake module files
[2.427s] DEBUG:colcon.colcon_core.event_handler.log_command:Invoked command in '/home/jose/ws/ros2/src/ros2_babysteps/build/my_package' returned '0': CMAKE_PREFIX_PATH=${CMAKE_PREFIX_PATH}:/opt/ros/foxy /usr/bin/cmake --install /home/jose/ws/ros2/src/ros2_babysteps/build/my_package
[2.429s] Level 1:colcon.colcon_core.environment:checking '/home/jose/ws/ros2/src/ros2_babysteps/install/my_package' for CMake config files
[2.430s] Level 1:colcon.colcon_core.shell:create_environment_hook('my_package', 'cmake_prefix_path')
[2.433s] INFO:colcon.colcon_core.shell:Creating environment hook '/home/jose/ws/ros2/src/ros2_babysteps/install/my_package/share/my_package/hook/cmake_prefix_path.ps1'
[2.435s] INFO:colcon.colcon_core.shell:Creating environment descriptor '/home/jose/ws/ros2/src/ros2_babysteps/install/my_package/share/my_package/hook/cmake_prefix_path.dsv'
[2.436s] INFO:colcon.colcon_core.shell:Creating environment hook '/home/jose/ws/ros2/src/ros2_babysteps/install/my_package/share/my_package/hook/cmake_prefix_path.sh'
[2.438s] Level 1:colcon.colcon_core.environment:checking '/home/jose/ws/ros2/src/ros2_babysteps/install/my_package/lib'
[2.438s] Level 1:colcon.colcon_core.environment:checking '/home/jose/ws/ros2/src/ros2_babysteps/install/my_package/bin'
[2.438s] Level 1:colcon.colcon_core.environment:checking '/home/jose/ws/ros2/src/ros2_babysteps/install/my_package/lib/pkgconfig/my_package.pc'
[2.438s] Level 1:colcon.colcon_core.environment:checking '/home/jose/ws/ros2/src/ros2_babysteps/install/my_package/lib/python3.8/site-packages'
[2.439s] Level 1:colcon.colcon_core.environment:checking '/home/jose/ws/ros2/src/ros2_babysteps/install/my_package/bin'
[2.442s] INFO:colcon.colcon_core.shell:Creating package script '/home/jose/ws/ros2/src/ros2_babysteps/install/my_package/share/my_package/package.ps1'
[2.444s] INFO:colcon.colcon_core.shell:Creating package descriptor '/home/jose/ws/ros2/src/ros2_babysteps/install/my_package/share/my_package/package.dsv'
[2.445s] INFO:colcon.colcon_core.shell:Creating package script '/home/jose/ws/ros2/src/ros2_babysteps/install/my_package/share/my_package/package.sh'
[2.447s] INFO:colcon.colcon_core.shell:Creating package script '/home/jose/ws/ros2/src/ros2_babysteps/install/my_package/share/my_package/package.bash'
[2.448s] INFO:colcon.colcon_core.shell:Creating package script '/home/jose/ws/ros2/src/ros2_babysteps/install/my_package/share/my_package/package.zsh'
[2.449s] Level 1:colcon.colcon_core.environment:create_file_with_runtime_dependencies(/home/jose/ws/ros2/src/ros2_babysteps/install/my_package/share/colcon-core/packages/my_package)
[2.461s] Level 1:colcon.colcon_core.environment:create_environment_scripts_only(basics)
[2.469s] Level 1:colcon.colcon_core.environment:checking '/home/jose/ws/ros2/src/ros2_babysteps/install/basics' for CMake module files
[2.471s] Level 1:colcon.colcon_core.environment:checking '/home/jose/ws/ros2/src/ros2_babysteps/install/basics' for CMake config files
[2.471s] Level 1:colcon.colcon_core.shell:create_environment_hook('basics', 'cmake_prefix_path')
[2.474s] INFO:colcon.colcon_core.shell:Creating environment hook '/home/jose/ws/ros2/src/ros2_babysteps/install/basics/share/basics/hook/cmake_prefix_path.ps1'
[2.477s] INFO:colcon.colcon_core.shell:Creating environment descriptor '/home/jose/ws/ros2/src/ros2_babysteps/install/basics/share/basics/hook/cmake_prefix_path.dsv'
[2.479s] INFO:colcon.colcon_core.shell:Creating environment hook '/home/jose/ws/ros2/src/ros2_babysteps/install/basics/share/basics/hook/cmake_prefix_path.sh'
[2.482s] Level 1:colcon.colcon_core.environment:checking '/home/jose/ws/ros2/src/ros2_babysteps/install/basics/lib'
[2.482s] Level 1:colcon.colcon_core.environment:checking '/home/jose/ws/ros2/src/ros2_babysteps/install/basics/bin'
[2.483s] Level 1:colcon.colcon_core.environment:checking '/home/jose/ws/ros2/src/ros2_babysteps/install/basics/lib/pkgconfig/basics.pc'
[2.483s] Level 1:colcon.colcon_core.environment:checking '/home/jose/ws/ros2/src/ros2_babysteps/install/basics/lib/python3.8/site-packages'
[2.484s] Level 1:colcon.colcon_core.environment:checking '/home/jose/ws/ros2/src/ros2_babysteps/install/basics/bin'
[2.488s] INFO:colcon.colcon_core.shell:Creating package script '/home/jose/ws/ros2/src/ros2_babysteps/install/basics/share/basics/package.ps1'
[2.489s] INFO:colcon.colcon_core.shell:Creating package descriptor '/home/jose/ws/ros2/src/ros2_babysteps/install/basics/share/basics/package.dsv'
[2.491s] INFO:colcon.colcon_core.shell:Creating package script '/home/jose/ws/ros2/src/ros2_babysteps/install/basics/share/basics/package.sh'
[2.492s] INFO:colcon.colcon_core.shell:Creating package script '/home/jose/ws/ros2/src/ros2_babysteps/install/basics/share/basics/package.bash'
[2.493s] INFO:colcon.colcon_core.shell:Creating package script '/home/jose/ws/ros2/src/ros2_babysteps/install/basics/share/basics/package.zsh'
[2.495s] Level 1:colcon.colcon_core.environment:create_file_with_runtime_dependencies(/home/jose/ws/ros2/src/ros2_babysteps/install/basics/share/colcon-core/packages/basics)
[2.504s] Level 1:colcon.colcon_core.environment:create_environment_scripts_only(cpp_pubsub)
[2.510s] Level 1:colcon.colcon_core.environment:checking '/home/jose/ws/ros2/src/ros2_babysteps/install/cpp_pubsub' for CMake module files
[2.513s] Level 1:colcon.colcon_core.environment:checking '/home/jose/ws/ros2/src/ros2_babysteps/install/cpp_pubsub' for CMake config files
[2.514s] Level 1:colcon.colcon_core.shell:create_environment_hook('cpp_pubsub', 'cmake_prefix_path')
[2.518s] INFO:colcon.colcon_core.shell:Creating environment hook '/home/jose/ws/ros2/src/ros2_babysteps/install/cpp_pubsub/share/cpp_pubsub/hook/cmake_prefix_path.ps1'
[2.519s] INFO:colcon.colcon_core.shell:Creating environment descriptor '/home/jose/ws/ros2/src/ros2_babysteps/install/cpp_pubsub/share/cpp_pubsub/hook/cmake_prefix_path.dsv'
[2.520s] INFO:colcon.colcon_core.shell:Creating environment hook '/home/jose/ws/ros2/src/ros2_babysteps/install/cpp_pubsub/share/cpp_pubsub/hook/cmake_prefix_path.sh'
[2.521s] Level 1:colcon.colcon_core.environment:checking '/home/jose/ws/ros2/src/ros2_babysteps/install/cpp_pubsub/lib'
[2.521s] Level 1:colcon.colcon_core.environment:checking '/home/jose/ws/ros2/src/ros2_babysteps/install/cpp_pubsub/bin'
[2.522s] Level 1:colcon.colcon_core.environment:checking '/home/jose/ws/ros2/src/ros2_babysteps/install/cpp_pubsub/lib/pkgconfig/cpp_pubsub.pc'
[2.522s] Level 1:colcon.colcon_core.environment:checking '/home/jose/ws/ros2/src/ros2_babysteps/install/cpp_pubsub/lib/python3.8/site-packages'
[2.522s] Level 1:colcon.colcon_core.environment:checking '/home/jose/ws/ros2/src/ros2_babysteps/install/cpp_pubsub/bin'
[2.526s] INFO:colcon.colcon_core.shell:Creating package script '/home/jose/ws/ros2/src/ros2_babysteps/install/cpp_pubsub/share/cpp_pubsub/package.ps1'
[2.527s] INFO:colcon.colcon_core.shell:Creating package descriptor '/home/jose/ws/ros2/src/ros2_babysteps/install/cpp_pubsub/share/cpp_pubsub/package.dsv'
[2.530s] INFO:colcon.colcon_core.shell:Creating package script '/home/jose/ws/ros2/src/ros2_babysteps/install/cpp_pubsub/share/cpp_pubsub/package.sh'
[2.532s] INFO:colcon.colcon_core.shell:Creating package script '/home/jose/ws/ros2/src/ros2_babysteps/install/cpp_pubsub/share/cpp_pubsub/package.bash'
[2.533s] INFO:colcon.colcon_core.shell:Creating package script '/home/jose/ws/ros2/src/ros2_babysteps/install/cpp_pubsub/share/cpp_pubsub/package.zsh'
[2.534s] Level 1:colcon.colcon_core.environment:create_file_with_runtime_dependencies(/home/jose/ws/ros2/src/ros2_babysteps/install/cpp_pubsub/share/colcon-core/packages/cpp_pubsub)
[2.538s] Level 1:colcon.colcon_core.environment:create_environment_scripts_only(my_package)
[2.544s] Level 1:colcon.colcon_core.environment:checking '/home/jose/ws/ros2/src/ros2_babysteps/install/my_package' for CMake module files
[2.548s] Level 1:colcon.colcon_core.environment:checking '/home/jose/ws/ros2/src/ros2_babysteps/install/my_package' for CMake config files
[2.549s] Level 1:colcon.colcon_core.shell:create_environment_hook('my_package', 'cmake_prefix_path')
[2.553s] INFO:colcon.colcon_core.shell:Creating environment hook '/home/jose/ws/ros2/src/ros2_babysteps/install/my_package/share/my_package/hook/cmake_prefix_path.ps1'
[2.555s] INFO:colcon.colcon_core.shell:Creating environment descriptor '/home/jose/ws/ros2/src/ros2_babysteps/install/my_package/share/my_package/hook/cmake_prefix_path.dsv'
[2.556s] INFO:colcon.colcon_core.shell:Creating environment hook '/home/jose/ws/ros2/src/ros2_babysteps/install/my_package/share/my_package/hook/cmake_prefix_path.sh'
[2.558s] Level 1:colcon.colcon_core.environment:checking '/home/jose/ws/ros2/src/ros2_babysteps/install/my_package/lib'
[2.558s] Level 1:colcon.colcon_core.environment:checking '/home/jose/ws/ros2/src/ros2_babysteps/install/my_package/bin'
[2.558s] Level 1:colcon.colcon_core.environment:checking '/home/jose/ws/ros2/src/ros2_babysteps/install/my_package/lib/pkgconfig/my_package.pc'
[2.558s] Level 1:colcon.colcon_core.environment:checking '/home/jose/ws/ros2/src/ros2_babysteps/install/my_package/lib/python3.8/site-packages'
[2.559s] Level 1:colcon.colcon_core.environment:checking '/home/jose/ws/ros2/src/ros2_babysteps/install/my_package/bin'
[2.565s] INFO:colcon.colcon_core.shell:Creating package script '/home/jose/ws/ros2/src/ros2_babysteps/install/my_package/share/my_package/package.ps1'
[2.567s] INFO:colcon.colcon_core.shell:Creating package descriptor '/home/jose/ws/ros2/src/ros2_babysteps/install/my_package/share/my_package/package.dsv'
[2.569s] INFO:colcon.colcon_core.shell:Creating package script '/home/jose/ws/ros2/src/ros2_babysteps/install/my_package/share/my_package/package.sh'
[2.570s] INFO:colcon.colcon_core.shell:Creating package script '/home/jose/ws/ros2/src/ros2_babysteps/install/my_package/share/my_package/package.bash'
[2.572s] INFO:colcon.colcon_core.shell:Creating package script '/home/jose/ws/ros2/src/ros2_babysteps/install/my_package/share/my_package/package.zsh'
[2.572s] Level 1:colcon.colcon_core.environment:create_file_with_runtime_dependencies(/home/jose/ws/ros2/src/ros2_babysteps/install/my_package/share/colcon-core/packages/my_package)
[7.193s] DEBUG:colcon.colcon_core.event_handler.log_command:Invoked command in '/home/jose/ws/ros2/src/ros2_babysteps/build/br2_basics' returned '0': CMAKE_PREFIX_PATH=${CMAKE_PREFIX_PATH}:/opt/ros/foxy /usr/bin/cmake --build /home/jose/ws/ros2/src/ros2_babysteps/build/br2_basics -- -j8 -l8
[7.250s] DEBUG:colcon.colcon_core.event_handler.log_command:Invoking command in '/home/jose/ws/ros2/src/ros2_babysteps/build/br2_basics': CMAKE_PREFIX_PATH=${CMAKE_PREFIX_PATH}:/opt/ros/foxy /usr/bin/cmake --install /home/jose/ws/ros2/src/ros2_babysteps/build/br2_basics
[7.284s] Level 1:colcon.colcon_core.environment:create_environment_scripts_only(br2_basics)
[7.292s] Level 1:colcon.colcon_core.environment:checking '/home/jose/ws/ros2/src/ros2_babysteps/install/br2_basics' for CMake module files
[7.293s] DEBUG:colcon.colcon_core.event_handler.log_command:Invoked command in '/home/jose/ws/ros2/src/ros2_babysteps/build/br2_basics' returned '0': CMAKE_PREFIX_PATH=${CMAKE_PREFIX_PATH}:/opt/ros/foxy /usr/bin/cmake --install /home/jose/ws/ros2/src/ros2_babysteps/build/br2_basics
[7.295s] Level 1:colcon.colcon_core.environment:checking '/home/jose/ws/ros2/src/ros2_babysteps/install/br2_basics' for CMake config files
[7.296s] Level 1:colcon.colcon_core.shell:create_environment_hook('br2_basics', 'cmake_prefix_path')
[7.301s] INFO:colcon.colcon_core.shell:Creating environment hook '/home/jose/ws/ros2/src/ros2_babysteps/install/br2_basics/share/br2_basics/hook/cmake_prefix_path.ps1'
[7.303s] INFO:colcon.colcon_core.shell:Creating environment descriptor '/home/jose/ws/ros2/src/ros2_babysteps/install/br2_basics/share/br2_basics/hook/cmake_prefix_path.dsv'
[7.304s] INFO:colcon.colcon_core.shell:Creating environment hook '/home/jose/ws/ros2/src/ros2_babysteps/install/br2_basics/share/br2_basics/hook/cmake_prefix_path.sh'
[7.306s] Level 1:colcon.colcon_core.environment:checking '/home/jose/ws/ros2/src/ros2_babysteps/install/br2_basics/lib'
[7.306s] Level 1:colcon.colcon_core.environment:checking '/home/jose/ws/ros2/src/ros2_babysteps/install/br2_basics/bin'
[7.307s] Level 1:colcon.colcon_core.environment:checking '/home/jose/ws/ros2/src/ros2_babysteps/install/br2_basics/lib/pkgconfig/br2_basics.pc'
[7.307s] Level 1:colcon.colcon_core.environment:checking '/home/jose/ws/ros2/src/ros2_babysteps/install/br2_basics/lib/python3.8/site-packages'
[7.308s] Level 1:colcon.colcon_core.environment:checking '/home/jose/ws/ros2/src/ros2_babysteps/install/br2_basics/bin'
[7.313s] INFO:colcon.colcon_core.shell:Creating package script '/home/jose/ws/ros2/src/ros2_babysteps/install/br2_basics/share/br2_basics/package.ps1'
[7.314s] INFO:colcon.colcon_core.shell:Creating package descriptor '/home/jose/ws/ros2/src/ros2_babysteps/install/br2_basics/share/br2_basics/package.dsv'
[7.316s] INFO:colcon.colcon_core.shell:Creating package script '/home/jose/ws/ros2/src/ros2_babysteps/install/br2_basics/share/br2_basics/package.sh'
[7.317s] INFO:colcon.colcon_core.shell:Creating package script '/home/jose/ws/ros2/src/ros2_babysteps/install/br2_basics/share/br2_basics/package.bash'
[7.319s] INFO:colcon.colcon_core.shell:Creating package script '/home/jose/ws/ros2/src/ros2_babysteps/install/br2_basics/share/br2_basics/package.zsh'
[7.320s] Level 1:colcon.colcon_core.environment:create_file_with_runtime_dependencies(/home/jose/ws/ros2/src/ros2_babysteps/install/br2_basics/share/colcon-core/packages/br2_basics)
[7.374s] Level 1:colcon.colcon_core.environment:create_environment_scripts_only(br2_basics)
[7.381s] Level 1:colcon.colcon_core.environment:checking '/home/jose/ws/ros2/src/ros2_babysteps/install/br2_basics' for CMake module files
[7.382s] Level 1:colcon.colcon_core.environment:checking '/home/jose/ws/ros2/src/ros2_babysteps/install/br2_basics' for CMake config files
[7.382s] Level 1:colcon.colcon_core.shell:create_environment_hook('br2_basics', 'cmake_prefix_path')
[7.387s] INFO:colcon.colcon_core.shell:Creating environment hook '/home/jose/ws/ros2/src/ros2_babysteps/install/br2_basics/share/br2_basics/hook/cmake_prefix_path.ps1'
[7.389s] INFO:colcon.colcon_core.shell:Creating environment descriptor '/home/jose/ws/ros2/src/ros2_babysteps/install/br2_basics/share/br2_basics/hook/cmake_prefix_path.dsv'
[7.389s] INFO:colcon.colcon_core.shell:Creating environment hook '/home/jose/ws/ros2/src/ros2_babysteps/install/br2_basics/share/br2_basics/hook/cmake_prefix_path.sh'
[7.391s] Level 1:colcon.colcon_core.environment:checking '/home/jose/ws/ros2/src/ros2_babysteps/install/br2_basics/lib'
[7.391s] Level 1:colcon.colcon_core.environment:checking '/home/jose/ws/ros2/src/ros2_babysteps/install/br2_basics/bin'
[7.391s] Level 1:colcon.colcon_core.environment:checking '/home/jose/ws/ros2/src/ros2_babysteps/install/br2_basics/lib/pkgconfig/br2_basics.pc'
[7.392s] Level 1:colcon.colcon_core.environment:checking '/home/jose/ws/ros2/src/ros2_babysteps/install/br2_basics/lib/python3.8/site-packages'
[7.392s] Level 1:colcon.colcon_core.environment:checking '/home/jose/ws/ros2/src/ros2_babysteps/install/br2_basics/bin'
[7.398s] INFO:colcon.colcon_core.shell:Creating package script '/home/jose/ws/ros2/src/ros2_babysteps/install/br2_basics/share/br2_basics/package.ps1'
[7.400s] INFO:colcon.colcon_core.shell:Creating package descriptor '/home/jose/ws/ros2/src/ros2_babysteps/install/br2_basics/share/br2_basics/package.dsv'
[7.401s] INFO:colcon.colcon_core.shell:Creating package script '/home/jose/ws/ros2/src/ros2_babysteps/install/br2_basics/share/br2_basics/package.sh'
[7.402s] INFO:colcon.colcon_core.shell:Creating package script '/home/jose/ws/ros2/src/ros2_babysteps/install/br2_basics/share/br2_basics/package.bash'
[7.403s] INFO:colcon.colcon_core.shell:Creating package script '/home/jose/ws/ros2/src/ros2_babysteps/install/br2_basics/share/br2_basics/package.zsh'
[7.405s] Level 1:colcon.colcon_core.environment:create_file_with_runtime_dependencies(/home/jose/ws/ros2/src/ros2_babysteps/install/br2_basics/share/colcon-core/packages/br2_basics)
[7.407s] DEBUG:colcon.colcon_parallel_executor.executor.parallel:closing loop
[7.409s] DEBUG:colcon.colcon_parallel_executor.executor.parallel:loop closed
[7.410s] DEBUG:colcon.colcon_parallel_executor.executor.parallel:run_until_complete finished with '0'
[7.412s] DEBUG:colcon.colcon_core.event_reactor:joining thread
[7.776s] INFO:colcon.colcon_core.plugin_system:Skipping extension 'colcon_notification.desktop_notification.notify_send': Could not find 'notify-send'
[7.776s] INFO:colcon.colcon_core.plugin_system:Skipping extension 'colcon_notification.desktop_notification.terminal_notifier': Not used on non-Darwin systems
[7.776s] INFO:colcon.colcon_core.plugin_system:Skipping extension 'colcon_notification.desktop_notification.win32': Not used on non-Windows systems
[7.777s] INFO:colcon.colcon_notification.desktop_notification:Sending desktop notification using 'notify2'
[7.790s] DEBUG:colcon.colcon_notification.desktop_notification.notify2:Failed to initialize notify2: org.freedesktop.DBus.Error.ServiceUnknown: The name org.freedesktop.Notifications was not provided by any .service files
[7.791s] DEBUG:colcon.colcon_core.event_reactor:joined thread
[7.797s] INFO:colcon.colcon_core.shell:Creating prefix script '/home/jose/ws/ros2/src/ros2_babysteps/install/local_setup.ps1'
[7.800s] INFO:colcon.colcon_core.shell:Creating prefix util module '/home/jose/ws/ros2/src/ros2_babysteps/install/_local_setup_util_ps1.py'
[7.803s] INFO:colcon.colcon_core.shell:Creating prefix chain script '/home/jose/ws/ros2/src/ros2_babysteps/install/setup.ps1'
[7.807s] INFO:colcon.colcon_core.shell:Creating prefix script '/home/jose/ws/ros2/src/ros2_babysteps/install/local_setup.sh'
[7.809s] INFO:colcon.colcon_core.shell:Creating prefix util module '/home/jose/ws/ros2/src/ros2_babysteps/install/_local_setup_util_sh.py'
[7.810s] INFO:colcon.colcon_core.shell:Creating prefix chain script '/home/jose/ws/ros2/src/ros2_babysteps/install/setup.sh'
[7.815s] INFO:colcon.colcon_core.shell:Creating prefix script '/home/jose/ws/ros2/src/ros2_babysteps/install/local_setup.bash'
[7.817s] INFO:colcon.colcon_core.shell:Creating prefix chain script '/home/jose/ws/ros2/src/ros2_babysteps/install/setup.bash'
[7.821s] INFO:colcon.colcon_core.shell:Creating prefix script '/home/jose/ws/ros2/src/ros2_babysteps/install/local_setup.zsh'
[7.822s] INFO:colcon.colcon_core.shell:Creating prefix chain script '/home/jose/ws/ros2/src/ros2_babysteps/install/setup.zsh'
