[0.100s] Invoking command in '/home/jose/ws/ros2/src/ros2_babysteps/build/my_package': CMAKE_PREFIX_PATH=${CMAKE_PREFIX_PATH}:/opt/ros/foxy /usr/bin/cmake --build /home/jose/ws/ros2/src/ros2_babysteps/build/my_package -- -j8 -l8
[0.206s] [100%] Built target my_node
[0.246s] Invoked command in '/home/jose/ws/ros2/src/ros2_babysteps/build/my_package' returned '0': CMAKE_PREFIX_PATH=${CMAKE_PREFIX_PATH}:/opt/ros/foxy /usr/bin/cmake --build /home/jose/ws/ros2/src/ros2_babysteps/build/my_package -- -j8 -l8
[0.355s] Invoking command in '/home/jose/ws/ros2/src/ros2_babysteps/build/my_package': CMAKE_PREFIX_PATH=${CMAKE_PREFIX_PATH}:/opt/ros/foxy /usr/bin/cmake --install /home/jose/ws/ros2/src/ros2_babysteps/build/my_package
[0.380s] -- Install configuration: ""
[0.381s] -- Up-to-date: /home/jose/ws/ros2/src/ros2_babysteps/install/my_package/lib/my_package/my_node
[0.381s] -- Up-to-date: /home/jose/ws/ros2/src/ros2_babysteps/install/my_package/share/ament_index/resource_index/package_run_dependencies/my_package
[0.386s] -- Up-to-date: /home/jose/ws/ros2/src/ros2_babysteps/install/my_package/share/ament_index/resource_index/parent_prefix_path/my_package
[0.386s] -- Up-to-date: /home/jose/ws/ros2/src/ros2_babysteps/install/my_package/share/my_package/environment/ament_prefix_path.sh
[0.386s] -- Up-to-date: /home/jose/ws/ros2/src/ros2_babysteps/install/my_package/share/my_package/environment/ament_prefix_path.dsv
[0.387s] -- Up-to-date: /home/jose/ws/ros2/src/ros2_babysteps/install/my_package/share/my_package/environment/path.sh
[0.387s] -- Up-to-date: /home/jose/ws/ros2/src/ros2_babysteps/install/my_package/share/my_package/environment/path.dsv
[0.387s] -- Up-to-date: /home/jose/ws/ros2/src/ros2_babysteps/install/my_package/share/my_package/local_setup.bash
[0.388s] -- Up-to-date: /home/jose/ws/ros2/src/ros2_babysteps/install/my_package/share/my_package/local_setup.sh
[0.388s] -- Up-to-date: /home/jose/ws/ros2/src/ros2_babysteps/install/my_package/share/my_package/local_setup.zsh
[0.388s] -- Up-to-date: /home/jose/ws/ros2/src/ros2_babysteps/install/my_package/share/my_package/local_setup.dsv
[0.389s] -- Installing: /home/jose/ws/ros2/src/ros2_babysteps/install/my_package/share/my_package/package.dsv
[0.405s] -- Up-to-date: /home/jose/ws/ros2/src/ros2_babysteps/install/my_package/share/ament_index/resource_index/packages/my_package
[0.405s] -- Up-to-date: /home/jose/ws/ros2/src/ros2_babysteps/install/my_package/share/my_package/cmake/my_packageConfig.cmake
[0.406s] -- Up-to-date: /home/jose/ws/ros2/src/ros2_babysteps/install/my_package/share/my_package/cmake/my_packageConfig-version.cmake
[0.406s] -- Up-to-date: /home/jose/ws/ros2/src/ros2_babysteps/install/my_package/share/my_package/package.xml
[0.488s] Invoked command in '/home/jose/ws/ros2/src/ros2_babysteps/build/my_package' returned '0': CMAKE_PREFIX_PATH=${CMAKE_PREFIX_PATH}:/opt/ros/foxy /usr/bin/cmake --install /home/jose/ws/ros2/src/ros2_babysteps/build/my_package
