[1.530s] DEBUG:colcon:Command line arguments: ['/usr/bin/colcon', 'build']
[1.530s] DEBUG:colcon:Parsed command line arguments: Namespace(allow_overriding=[], ament_cmake_args=None, base_paths=['.'], build_base='build', catkin_cmake_args=None, catkin_skip_building_tests=False, cmake_args=None, cmake_clean_cache=False, cmake_clean_first=False, cmake_force_configure=False, cmake_target=None, cmake_target_skip_unavailable=False, continue_on_error=False, event_handlers=None, executor='parallel', ignore_user_meta=False, install_base='install', log_base=None, log_level=None, main=<bound method BuildVerb.main of <colcon_core.verb.build.BuildVerb object at 0x7fe3ab333dc0>>, merge_install=False, metas=['./colcon.meta'], packages_above=None, packages_above_and_dependencies=None, packages_above_depth=None, packages_end=None, packages_ignore=None, packages_ignore_regex=None, packages_select=None, packages_select_build_failed=False, packages_select_by_dep=None, packages_select_regex=None, packages_select_test_failures=False, packages_skip=None, packages_skip_build_finished=False, packages_skip_by_dep=None, packages_skip_regex=None, packages_skip_test_passed=False, packages_skip_up_to=None, packages_start=None, packages_up_to=None, packages_up_to_regex=None, parallel_workers=8, paths=None, symlink_install=False, test_result_base=None, verb_extension=<colcon_core.verb.build.BuildVerb object at 0x7fe3ab333dc0>, verb_name='build', verb_parser=<colcon_defaults.argument_parser.defaults.DefaultArgumentsDecorator object at 0x7fe3aaa1b190>)
[1.688s] Level 1:colcon.colcon_core.package_discovery:discover_packages(colcon_meta) check parameters
[1.689s] Level 1:colcon.colcon_core.package_discovery:discover_packages(recursive) check parameters
[1.689s] Level 1:colcon.colcon_core.package_discovery:discover_packages(ignore) check parameters
[1.689s] Level 1:colcon.colcon_core.package_discovery:discover_packages(path) check parameters
[1.689s] Level 1:colcon.colcon_core.package_discovery:discover_packages(colcon_meta) discover
[1.689s] Level 1:colcon.colcon_core.package_discovery:discover_packages(recursive) discover
[1.689s] INFO:colcon.colcon_core.package_discovery:Crawling recursively for packages in '/home/jose/ws/ros2/src/ros2_babysteps'
[1.689s] Level 1:colcon.colcon_core.package_identification:_identify(.) by extensions ['ignore', 'ignore_ament_install']
[1.690s] Level 1:colcon.colcon_core.package_identification:_identify(.) by extension 'ignore'
[1.690s] Level 1:colcon.colcon_core.package_identification:_identify(.) by extension 'ignore_ament_install'
[1.690s] Level 1:colcon.colcon_core.package_identification:_identify(.) by extensions ['colcon_pkg']
[1.690s] Level 1:colcon.colcon_core.package_identification:_identify(.) by extension 'colcon_pkg'
[1.690s] Level 1:colcon.colcon_core.package_identification:_identify(.) by extensions ['colcon_meta']
[1.691s] Level 1:colcon.colcon_core.package_identification:_identify(.) by extension 'colcon_meta'
[1.691s] Level 1:colcon.colcon_core.package_identification:_identify(.) by extensions ['ros']
[1.691s] Level 1:colcon.colcon_core.package_identification:_identify(.) by extension 'ros'
[1.739s] Level 1:colcon.colcon_core.package_identification:_identify(.) by extensions ['cmake', 'python']
[1.739s] Level 1:colcon.colcon_core.package_identification:_identify(.) by extension 'cmake'
[1.739s] Level 1:colcon.colcon_core.package_identification:_identify(.) by extension 'python'
[1.739s] Level 1:colcon.colcon_core.package_identification:_identify(.) by extensions ['python_setup_py']
[1.739s] Level 1:colcon.colcon_core.package_identification:_identify(.) by extension 'python_setup_py'
[1.740s] Level 1:colcon.colcon_core.package_identification:_identify(basics) by extensions ['ignore', 'ignore_ament_install']
[1.740s] Level 1:colcon.colcon_core.package_identification:_identify(basics) by extension 'ignore'
[1.740s] Level 1:colcon.colcon_core.package_identification:_identify(basics) by extension 'ignore_ament_install'
[1.740s] Level 1:colcon.colcon_core.package_identification:_identify(basics) by extensions ['colcon_pkg']
[1.740s] Level 1:colcon.colcon_core.package_identification:_identify(basics) by extension 'colcon_pkg'
[1.741s] Level 1:colcon.colcon_core.package_identification:_identify(basics) by extensions ['colcon_meta']
[1.741s] Level 1:colcon.colcon_core.package_identification:_identify(basics) by extension 'colcon_meta'
[1.741s] Level 1:colcon.colcon_core.package_identification:_identify(basics) by extensions ['ros']
[1.741s] Level 1:colcon.colcon_core.package_identification:_identify(basics) by extension 'ros'
[1.746s] DEBUG:colcon.colcon_core.package_identification:Package 'basics' with type 'ros.ament_cmake' and name 'basics'
[1.746s] Level 1:colcon.colcon_core.package_identification:_identify(br2_basics) by extensions ['ignore', 'ignore_ament_install']
[1.746s] Level 1:colcon.colcon_core.package_identification:_identify(br2_basics) by extension 'ignore'
[1.746s] Level 1:colcon.colcon_core.package_identification:_identify(br2_basics) by extension 'ignore_ament_install'
[1.747s] Level 1:colcon.colcon_core.package_identification:_identify(br2_basics) by extensions ['colcon_pkg']
[1.747s] Level 1:colcon.colcon_core.package_identification:_identify(br2_basics) by extension 'colcon_pkg'
[1.747s] Level 1:colcon.colcon_core.package_identification:_identify(br2_basics) by extensions ['colcon_meta']
[1.747s] Level 1:colcon.colcon_core.package_identification:_identify(br2_basics) by extension 'colcon_meta'
[1.747s] Level 1:colcon.colcon_core.package_identification:_identify(br2_basics) by extensions ['ros']
[1.747s] Level 1:colcon.colcon_core.package_identification:_identify(br2_basics) by extension 'ros'
[1.750s] DEBUG:colcon.colcon_core.package_identification:Package 'br2_basics' with type 'ros.ament_cmake' and name 'br2_basics'
[1.751s] Level 1:colcon.colcon_core.package_identification:_identify(build) by extensions ['ignore', 'ignore_ament_install']
[1.751s] Level 1:colcon.colcon_core.package_identification:_identify(build) by extension 'ignore'
[1.752s] Level 1:colcon.colcon_core.package_identification:_identify(build) ignored
[1.753s] Level 1:colcon.colcon_core.package_identification:_identify(cpp_pubsub) by extensions ['ignore', 'ignore_ament_install']
[1.753s] Level 1:colcon.colcon_core.package_identification:_identify(cpp_pubsub) by extension 'ignore'
[1.754s] Level 1:colcon.colcon_core.package_identification:_identify(cpp_pubsub) by extension 'ignore_ament_install'
[1.754s] Level 1:colcon.colcon_core.package_identification:_identify(cpp_pubsub) by extensions ['colcon_pkg']
[1.754s] Level 1:colcon.colcon_core.package_identification:_identify(cpp_pubsub) by extension 'colcon_pkg'
[1.754s] Level 1:colcon.colcon_core.package_identification:_identify(cpp_pubsub) by extensions ['colcon_meta']
[1.755s] Level 1:colcon.colcon_core.package_identification:_identify(cpp_pubsub) by extension 'colcon_meta'
[1.755s] Level 1:colcon.colcon_core.package_identification:_identify(cpp_pubsub) by extensions ['ros']
[1.755s] Level 1:colcon.colcon_core.package_identification:_identify(cpp_pubsub) by extension 'ros'
[1.756s] DEBUG:colcon.colcon_core.package_identification:Package 'cpp_pubsub' with type 'ros.ament_cmake' and name 'cpp_pubsub'
[1.757s] Level 1:colcon.colcon_core.package_identification:_identify(install) by extensions ['ignore', 'ignore_ament_install']
[1.757s] Level 1:colcon.colcon_core.package_identification:_identify(install) by extension 'ignore'
[1.757s] Level 1:colcon.colcon_core.package_identification:_identify(install) ignored
[1.758s] Level 1:colcon.colcon_core.package_identification:_identify(log) by extensions ['ignore', 'ignore_ament_install']
[1.758s] Level 1:colcon.colcon_core.package_identification:_identify(log) by extension 'ignore'
[1.758s] Level 1:colcon.colcon_core.package_identification:_identify(log) ignored
[1.758s] Level 1:colcon.colcon_core.package_identification:_identify(my_package) by extensions ['ignore', 'ignore_ament_install']
[1.758s] Level 1:colcon.colcon_core.package_identification:_identify(my_package) by extension 'ignore'
[1.758s] Level 1:colcon.colcon_core.package_identification:_identify(my_package) by extension 'ignore_ament_install'
[1.758s] Level 1:colcon.colcon_core.package_identification:_identify(my_package) by extensions ['colcon_pkg']
[1.758s] Level 1:colcon.colcon_core.package_identification:_identify(my_package) by extension 'colcon_pkg'
[1.758s] Level 1:colcon.colcon_core.package_identification:_identify(my_package) by extensions ['colcon_meta']
[1.759s] Level 1:colcon.colcon_core.package_identification:_identify(my_package) by extension 'colcon_meta'
[1.759s] Level 1:colcon.colcon_core.package_identification:_identify(my_package) by extensions ['ros']
[1.759s] Level 1:colcon.colcon_core.package_identification:_identify(my_package) by extension 'ros'
[1.760s] DEBUG:colcon.colcon_core.package_identification:Package 'my_package' with type 'ros.ament_cmake' and name 'my_package'
[1.760s] Level 1:colcon.colcon_core.package_discovery:discover_packages(recursive) using defaults
[1.763s] Level 1:colcon.colcon_core.package_discovery:discover_packages(ignore) discover
[1.763s] Level 1:colcon.colcon_core.package_discovery:discover_packages(ignore) using defaults
[1.763s] Level 1:colcon.colcon_core.package_discovery:discover_packages(path) discover
[1.764s] Level 1:colcon.colcon_core.package_discovery:discover_packages(path) using defaults
[1.830s] Level 1:colcon.colcon_core.package_discovery:discover_packages(prefix_path) check parameters
[1.830s] Level 1:colcon.colcon_core.package_discovery:discover_packages(prefix_path) discover
[1.839s] DEBUG:colcon.colcon_installed_package_information.package_discovery:Found 3 installed packages in /home/jose/ws/ros2/install
[1.842s] DEBUG:colcon.colcon_installed_package_information.package_discovery:Found 256 installed packages in /opt/ros/foxy
[1.845s] Level 1:colcon.colcon_core.package_discovery:discover_packages(prefix_path) using defaults
[2.091s] Level 5:colcon.colcon_core.verb:set package 'basics' build argument 'cmake_args' from command line to 'None'
[2.091s] Level 5:colcon.colcon_core.verb:set package 'basics' build argument 'cmake_target' from command line to 'None'
[2.091s] Level 5:colcon.colcon_core.verb:set package 'basics' build argument 'cmake_target_skip_unavailable' from command line to 'False'
[2.091s] Level 5:colcon.colcon_core.verb:set package 'basics' build argument 'cmake_clean_cache' from command line to 'False'
[2.091s] Level 5:colcon.colcon_core.verb:set package 'basics' build argument 'cmake_clean_first' from command line to 'False'
[2.091s] Level 5:colcon.colcon_core.verb:set package 'basics' build argument 'cmake_force_configure' from command line to 'False'
[2.091s] Level 5:colcon.colcon_core.verb:set package 'basics' build argument 'ament_cmake_args' from command line to 'None'
[2.091s] Level 5:colcon.colcon_core.verb:set package 'basics' build argument 'catkin_cmake_args' from command line to 'None'
[2.091s] Level 5:colcon.colcon_core.verb:set package 'basics' build argument 'catkin_skip_building_tests' from command line to 'False'
[2.091s] DEBUG:colcon.colcon_core.verb:Building package 'basics' with the following arguments: {'ament_cmake_args': None, 'build_base': '/home/jose/ws/ros2/src/ros2_babysteps/build/basics', 'catkin_cmake_args': None, 'catkin_skip_building_tests': False, 'cmake_args': None, 'cmake_clean_cache': False, 'cmake_clean_first': False, 'cmake_force_configure': False, 'cmake_target': None, 'cmake_target_skip_unavailable': False, 'install_base': '/home/jose/ws/ros2/src/ros2_babysteps/install/basics', 'merge_install': False, 'path': '/home/jose/ws/ros2/src/ros2_babysteps/basics', 'symlink_install': False, 'test_result_base': None}
[2.094s] Level 5:colcon.colcon_core.verb:set package 'br2_basics' build argument 'cmake_args' from command line to 'None'
[2.095s] Level 5:colcon.colcon_core.verb:set package 'br2_basics' build argument 'cmake_target' from command line to 'None'
[2.095s] Level 5:colcon.colcon_core.verb:set package 'br2_basics' build argument 'cmake_target_skip_unavailable' from command line to 'False'
[2.095s] Level 5:colcon.colcon_core.verb:set package 'br2_basics' build argument 'cmake_clean_cache' from command line to 'False'
[2.095s] Level 5:colcon.colcon_core.verb:set package 'br2_basics' build argument 'cmake_clean_first' from command line to 'False'
[2.095s] Level 5:colcon.colcon_core.verb:set package 'br2_basics' build argument 'cmake_force_configure' from command line to 'False'
[2.095s] Level 5:colcon.colcon_core.verb:set package 'br2_basics' build argument 'ament_cmake_args' from command line to 'None'
[2.095s] Level 5:colcon.colcon_core.verb:set package 'br2_basics' build argument 'catkin_cmake_args' from command line to 'None'
[2.095s] Level 5:colcon.colcon_core.verb:set package 'br2_basics' build argument 'catkin_skip_building_tests' from command line to 'False'
[2.095s] DEBUG:colcon.colcon_core.verb:Building package 'br2_basics' with the following arguments: {'ament_cmake_args': None, 'build_base': '/home/jose/ws/ros2/src/ros2_babysteps/build/br2_basics', 'catkin_cmake_args': None, 'catkin_skip_building_tests': False, 'cmake_args': None, 'cmake_clean_cache': False, 'cmake_clean_first': False, 'cmake_force_configure': False, 'cmake_target': None, 'cmake_target_skip_unavailable': False, 'install_base': '/home/jose/ws/ros2/src/ros2_babysteps/install/br2_basics', 'merge_install': False, 'path': '/home/jose/ws/ros2/src/ros2_babysteps/br2_basics', 'symlink_install': False, 'test_result_base': None}
[2.101s] Level 5:colcon.colcon_core.verb:set package 'cpp_pubsub' build argument 'cmake_args' from command line to 'None'
[2.101s] Level 5:colcon.colcon_core.verb:set package 'cpp_pubsub' build argument 'cmake_target' from command line to 'None'
[2.101s] Level 5:colcon.colcon_core.verb:set package 'cpp_pubsub' build argument 'cmake_target_skip_unavailable' from command line to 'False'
[2.101s] Level 5:colcon.colcon_core.verb:set package 'cpp_pubsub' build argument 'cmake_clean_cache' from command line to 'False'
[2.101s] Level 5:colcon.colcon_core.verb:set package 'cpp_pubsub' build argument 'cmake_clean_first' from command line to 'False'
[2.102s] Level 5:colcon.colcon_core.verb:set package 'cpp_pubsub' build argument 'cmake_force_configure' from command line to 'False'
[2.102s] Level 5:colcon.colcon_core.verb:set package 'cpp_pubsub' build argument 'ament_cmake_args' from command line to 'None'
[2.102s] Level 5:colcon.colcon_core.verb:set package 'cpp_pubsub' build argument 'catkin_cmake_args' from command line to 'None'
[2.102s] Level 5:colcon.colcon_core.verb:set package 'cpp_pubsub' build argument 'catkin_skip_building_tests' from command line to 'False'
[2.102s] DEBUG:colcon.colcon_core.verb:Building package 'cpp_pubsub' with the following arguments: {'ament_cmake_args': None, 'build_base': '/home/jose/ws/ros2/src/ros2_babysteps/build/cpp_pubsub', 'catkin_cmake_args': None, 'catkin_skip_building_tests': False, 'cmake_args': None, 'cmake_clean_cache': False, 'cmake_clean_first': False, 'cmake_force_configure': False, 'cmake_target': None, 'cmake_target_skip_unavailable': False, 'install_base': '/home/jose/ws/ros2/src/ros2_babysteps/install/cpp_pubsub', 'merge_install': False, 'path': '/home/jose/ws/ros2/src/ros2_babysteps/cpp_pubsub', 'symlink_install': False, 'test_result_base': None}
[2.105s] Level 5:colcon.colcon_core.verb:set package 'my_package' build argument 'cmake_args' from command line to 'None'
[2.105s] Level 5:colcon.colcon_core.verb:set package 'my_package' build argument 'cmake_target' from command line to 'None'
[2.105s] Level 5:colcon.colcon_core.verb:set package 'my_package' build argument 'cmake_target_skip_unavailable' from command line to 'False'
[2.106s] Level 5:colcon.colcon_core.verb:set package 'my_package' build argument 'cmake_clean_cache' from command line to 'False'
[2.106s] Level 5:colcon.colcon_core.verb:set package 'my_package' build argument 'cmake_clean_first' from command line to 'False'
[2.106s] Level 5:colcon.colcon_core.verb:set package 'my_package' build argument 'cmake_force_configure' from command line to 'False'
[2.106s] Level 5:colcon.colcon_core.verb:set package 'my_package' build argument 'ament_cmake_args' from command line to 'None'
[2.106s] Level 5:colcon.colcon_core.verb:set package 'my_package' build argument 'catkin_cmake_args' from command line to 'None'
[2.106s] Level 5:colcon.colcon_core.verb:set package 'my_package' build argument 'catkin_skip_building_tests' from command line to 'False'
[2.106s] DEBUG:colcon.colcon_core.verb:Building package 'my_package' with the following arguments: {'ament_cmake_args': None, 'build_base': '/home/jose/ws/ros2/src/ros2_babysteps/build/my_package', 'catkin_cmake_args': None, 'catkin_skip_building_tests': False, 'cmake_args': None, 'cmake_clean_cache': False, 'cmake_clean_first': False, 'cmake_force_configure': False, 'cmake_target': None, 'cmake_target_skip_unavailable': False, 'install_base': '/home/jose/ws/ros2/src/ros2_babysteps/install/my_package', 'merge_install': False, 'path': '/home/jose/ws/ros2/src/ros2_babysteps/my_package', 'symlink_install': False, 'test_result_base': None}
[2.107s] INFO:colcon.colcon_core.executor:Executing jobs using 'parallel' executor
[2.117s] DEBUG:colcon.colcon_parallel_executor.executor.parallel:run_until_complete
[2.120s] INFO:colcon.colcon_ros.task.ament_cmake.build:Building ROS package in '/home/jose/ws/ros2/src/ros2_babysteps/basics' with build type 'ament_cmake'
[2.121s] INFO:colcon.colcon_cmake.task.cmake.build:Building CMake package in '/home/jose/ws/ros2/src/ros2_babysteps/basics'
[2.139s] INFO:colcon.colcon_core.plugin_system:Skipping extension 'colcon_core.shell.bat': Not used on non-Windows systems
[2.141s] INFO:colcon.colcon_core.shell:Skip shell extension 'powershell' for command environment: Not usable outside of PowerShell
[2.142s] DEBUG:colcon.colcon_core.shell:Skip shell extension 'dsv' for command environment
[2.162s] INFO:colcon.colcon_ros.task.ament_cmake.build:Building ROS package in '/home/jose/ws/ros2/src/ros2_babysteps/br2_basics' with build type 'ament_cmake'
[2.163s] INFO:colcon.colcon_cmake.task.cmake.build:Building CMake package in '/home/jose/ws/ros2/src/ros2_babysteps/br2_basics'
[2.173s] INFO:colcon.colcon_core.shell:Skip shell extension 'powershell' for command environment: Not usable outside of PowerShell
[2.173s] DEBUG:colcon.colcon_core.shell:Skip shell extension 'dsv' for command environment
[2.195s] INFO:colcon.colcon_ros.task.ament_cmake.build:Building ROS package in '/home/jose/ws/ros2/src/ros2_babysteps/cpp_pubsub' with build type 'ament_cmake'
[2.196s] INFO:colcon.colcon_cmake.task.cmake.build:Building CMake package in '/home/jose/ws/ros2/src/ros2_babysteps/cpp_pubsub'
[2.205s] INFO:colcon.colcon_core.shell:Skip shell extension 'powershell' for command environment: Not usable outside of PowerShell
[2.206s] DEBUG:colcon.colcon_core.shell:Skip shell extension 'dsv' for command environment
[2.228s] INFO:colcon.colcon_ros.task.ament_cmake.build:Building ROS package in '/home/jose/ws/ros2/src/ros2_babysteps/my_package' with build type 'ament_cmake'
[2.229s] INFO:colcon.colcon_cmake.task.cmake.build:Building CMake package in '/home/jose/ws/ros2/src/ros2_babysteps/my_package'
[2.238s] INFO:colcon.colcon_core.shell:Skip shell extension 'powershell' for command environment: Not usable outside of PowerShell
[2.238s] DEBUG:colcon.colcon_core.shell:Skip shell extension 'dsv' for command environment
[2.293s] DEBUG:colcon.colcon_core.event_handler.log_command:Invoking command in '/home/jose/ws/ros2/src/ros2_babysteps/build/basics': CMAKE_PREFIX_PATH=${CMAKE_PREFIX_PATH}:/opt/ros/foxy /usr/bin/cmake --build /home/jose/ws/ros2/src/ros2_babysteps/build/basics -- -j8 -l8
[2.319s] DEBUG:colcon.colcon_core.event_handler.log_command:Invoking command in '/home/jose/ws/ros2/src/ros2_babysteps/build/br2_basics': CMAKE_PREFIX_PATH=${CMAKE_PREFIX_PATH}:/opt/ros/foxy /usr/bin/cmake --build /home/jose/ws/ros2/src/ros2_babysteps/build/br2_basics -- -j8 -l8
[2.337s] DEBUG:colcon.colcon_core.event_handler.log_command:Invoking command in '/home/jose/ws/ros2/src/ros2_babysteps/build/cpp_pubsub': CMAKE_PREFIX_PATH=${CMAKE_PREFIX_PATH}:/opt/ros/foxy /usr/bin/cmake --build /home/jose/ws/ros2/src/ros2_babysteps/build/cpp_pubsub -- -j8 -l8
[2.375s] DEBUG:colcon.colcon_core.event_handler.log_command:Invoking command in '/home/jose/ws/ros2/src/ros2_babysteps/build/my_package': CMAKE_PREFIX_PATH=${CMAKE_PREFIX_PATH}:/opt/ros/foxy /usr/bin/cmake --build /home/jose/ws/ros2/src/ros2_babysteps/build/my_package -- -j8 -l8
[2.553s] DEBUG:colcon.colcon_core.event_handler.log_command:Invoked command in '/home/jose/ws/ros2/src/ros2_babysteps/build/basics' returned '0': CMAKE_PREFIX_PATH=${CMAKE_PREFIX_PATH}:/opt/ros/foxy /usr/bin/cmake --build /home/jose/ws/ros2/src/ros2_babysteps/build/basics -- -j8 -l8
[2.576s] DEBUG:colcon.colcon_core.event_handler.log_command:Invoked command in '/home/jose/ws/ros2/src/ros2_babysteps/build/my_package' returned '0': CMAKE_PREFIX_PATH=${CMAKE_PREFIX_PATH}:/opt/ros/foxy /usr/bin/cmake --build /home/jose/ws/ros2/src/ros2_babysteps/build/my_package -- -j8 -l8
[2.591s] DEBUG:colcon.colcon_core.event_handler.log_command:Invoked command in '/home/jose/ws/ros2/src/ros2_babysteps/build/cpp_pubsub' returned '0': CMAKE_PREFIX_PATH=${CMAKE_PREFIX_PATH}:/opt/ros/foxy /usr/bin/cmake --build /home/jose/ws/ros2/src/ros2_babysteps/build/cpp_pubsub -- -j8 -l8
[2.651s] DEBUG:colcon.colcon_core.event_handler.log_command:Invoking command in '/home/jose/ws/ros2/src/ros2_babysteps/build/basics': CMAKE_PREFIX_PATH=${CMAKE_PREFIX_PATH}:/opt/ros/foxy /usr/bin/cmake --install /home/jose/ws/ros2/src/ros2_babysteps/build/basics
[2.665s] DEBUG:colcon.colcon_core.event_handler.log_command:Invoking command in '/home/jose/ws/ros2/src/ros2_babysteps/build/my_package': CMAKE_PREFIX_PATH=${CMAKE_PREFIX_PATH}:/opt/ros/foxy /usr/bin/cmake --install /home/jose/ws/ros2/src/ros2_babysteps/build/my_package
[2.693s] Level 1:colcon.colcon_core.environment:create_environment_scripts_only(basics)
[2.704s] DEBUG:colcon.colcon_core.event_handler.log_command:Invoking command in '/home/jose/ws/ros2/src/ros2_babysteps/build/cpp_pubsub': CMAKE_PREFIX_PATH=${CMAKE_PREFIX_PATH}:/opt/ros/foxy /usr/bin/cmake --install /home/jose/ws/ros2/src/ros2_babysteps/build/cpp_pubsub
[2.726s] DEBUG:colcon.colcon_core.event_handler.log_command:Invoked command in '/home/jose/ws/ros2/src/ros2_babysteps/build/basics' returned '0': CMAKE_PREFIX_PATH=${CMAKE_PREFIX_PATH}:/opt/ros/foxy /usr/bin/cmake --install /home/jose/ws/ros2/src/ros2_babysteps/build/basics
[2.726s] Level 1:colcon.colcon_core.environment:checking '/home/jose/ws/ros2/src/ros2_babysteps/install/basics' for CMake module files
[2.732s] Level 1:colcon.colcon_core.environment:checking '/home/jose/ws/ros2/src/ros2_babysteps/install/basics' for CMake config files
[2.739s] Level 1:colcon.colcon_core.shell:create_environment_hook('basics', 'cmake_prefix_path')
[2.742s] INFO:colcon.colcon_core.shell:Creating environment hook '/home/jose/ws/ros2/src/ros2_babysteps/install/basics/share/basics/hook/cmake_prefix_path.ps1'
[2.745s] INFO:colcon.colcon_core.shell:Creating environment descriptor '/home/jose/ws/ros2/src/ros2_babysteps/install/basics/share/basics/hook/cmake_prefix_path.dsv'
[2.746s] INFO:colcon.colcon_core.shell:Creating environment hook '/home/jose/ws/ros2/src/ros2_babysteps/install/basics/share/basics/hook/cmake_prefix_path.sh'
[2.750s] Level 1:colcon.colcon_core.environment:checking '/home/jose/ws/ros2/src/ros2_babysteps/install/basics/lib'
[2.751s] Level 1:colcon.colcon_core.environment:checking '/home/jose/ws/ros2/src/ros2_babysteps/install/basics/bin'
[2.751s] Level 1:colcon.colcon_core.environment:checking '/home/jose/ws/ros2/src/ros2_babysteps/install/basics/lib/pkgconfig/basics.pc'
[2.751s] Level 1:colcon.colcon_core.environment:checking '/home/jose/ws/ros2/src/ros2_babysteps/install/basics/lib/python3.8/site-packages'
[2.752s] Level 1:colcon.colcon_core.environment:checking '/home/jose/ws/ros2/src/ros2_babysteps/install/basics/bin'
[2.755s] INFO:colcon.colcon_core.shell:Creating package script '/home/jose/ws/ros2/src/ros2_babysteps/install/basics/share/basics/package.ps1'
[2.757s] INFO:colcon.colcon_core.shell:Creating package descriptor '/home/jose/ws/ros2/src/ros2_babysteps/install/basics/share/basics/package.dsv'
[2.759s] INFO:colcon.colcon_core.shell:Creating package script '/home/jose/ws/ros2/src/ros2_babysteps/install/basics/share/basics/package.sh'
[2.760s] INFO:colcon.colcon_core.shell:Creating package script '/home/jose/ws/ros2/src/ros2_babysteps/install/basics/share/basics/package.bash'
[2.761s] INFO:colcon.colcon_core.shell:Creating package script '/home/jose/ws/ros2/src/ros2_babysteps/install/basics/share/basics/package.zsh'
[2.763s] Level 1:colcon.colcon_core.environment:create_file_with_runtime_dependencies(/home/jose/ws/ros2/src/ros2_babysteps/install/basics/share/colcon-core/packages/basics)
[2.773s] Level 1:colcon.colcon_core.environment:create_environment_scripts_only(my_package)
[2.778s] Level 1:colcon.colcon_core.environment:checking '/home/jose/ws/ros2/src/ros2_babysteps/install/my_package' for CMake module files
[2.781s] DEBUG:colcon.colcon_core.event_handler.log_command:Invoked command in '/home/jose/ws/ros2/src/ros2_babysteps/build/my_package' returned '0': CMAKE_PREFIX_PATH=${CMAKE_PREFIX_PATH}:/opt/ros/foxy /usr/bin/cmake --install /home/jose/ws/ros2/src/ros2_babysteps/build/my_package
[2.783s] Level 1:colcon.colcon_core.environment:checking '/home/jose/ws/ros2/src/ros2_babysteps/install/my_package' for CMake config files
[2.783s] Level 1:colcon.colcon_core.shell:create_environment_hook('my_package', 'cmake_prefix_path')
[2.787s] INFO:colcon.colcon_core.shell:Creating environment hook '/home/jose/ws/ros2/src/ros2_babysteps/install/my_package/share/my_package/hook/cmake_prefix_path.ps1'
[2.788s] INFO:colcon.colcon_core.shell:Creating environment descriptor '/home/jose/ws/ros2/src/ros2_babysteps/install/my_package/share/my_package/hook/cmake_prefix_path.dsv'
[2.789s] INFO:colcon.colcon_core.shell:Creating environment hook '/home/jose/ws/ros2/src/ros2_babysteps/install/my_package/share/my_package/hook/cmake_prefix_path.sh'
[2.791s] Level 1:colcon.colcon_core.environment:checking '/home/jose/ws/ros2/src/ros2_babysteps/install/my_package/lib'
[2.791s] Level 1:colcon.colcon_core.environment:checking '/home/jose/ws/ros2/src/ros2_babysteps/install/my_package/bin'
[2.791s] Level 1:colcon.colcon_core.environment:checking '/home/jose/ws/ros2/src/ros2_babysteps/install/my_package/lib/pkgconfig/my_package.pc'
[2.792s] Level 1:colcon.colcon_core.environment:checking '/home/jose/ws/ros2/src/ros2_babysteps/install/my_package/lib/python3.8/site-packages'
[2.792s] Level 1:colcon.colcon_core.environment:checking '/home/jose/ws/ros2/src/ros2_babysteps/install/my_package/bin'
[2.796s] INFO:colcon.colcon_core.shell:Creating package script '/home/jose/ws/ros2/src/ros2_babysteps/install/my_package/share/my_package/package.ps1'
[2.799s] INFO:colcon.colcon_core.shell:Creating package descriptor '/home/jose/ws/ros2/src/ros2_babysteps/install/my_package/share/my_package/package.dsv'
[2.801s] INFO:colcon.colcon_core.shell:Creating package script '/home/jose/ws/ros2/src/ros2_babysteps/install/my_package/share/my_package/package.sh'
[2.802s] INFO:colcon.colcon_core.shell:Creating package script '/home/jose/ws/ros2/src/ros2_babysteps/install/my_package/share/my_package/package.bash'
[2.803s] INFO:colcon.colcon_core.shell:Creating package script '/home/jose/ws/ros2/src/ros2_babysteps/install/my_package/share/my_package/package.zsh'
[2.805s] Level 1:colcon.colcon_core.environment:create_file_with_runtime_dependencies(/home/jose/ws/ros2/src/ros2_babysteps/install/my_package/share/colcon-core/packages/my_package)
[2.815s] Level 1:colcon.colcon_core.environment:create_environment_scripts_only(cpp_pubsub)
[2.822s] Level 1:colcon.colcon_core.environment:checking '/home/jose/ws/ros2/src/ros2_babysteps/install/cpp_pubsub' for CMake module files
[2.822s] DEBUG:colcon.colcon_core.event_handler.log_command:Invoked command in '/home/jose/ws/ros2/src/ros2_babysteps/build/cpp_pubsub' returned '0': CMAKE_PREFIX_PATH=${CMAKE_PREFIX_PATH}:/opt/ros/foxy /usr/bin/cmake --install /home/jose/ws/ros2/src/ros2_babysteps/build/cpp_pubsub
[2.825s] Level 1:colcon.colcon_core.environment:checking '/home/jose/ws/ros2/src/ros2_babysteps/install/cpp_pubsub' for CMake config files
[2.825s] Level 1:colcon.colcon_core.shell:create_environment_hook('cpp_pubsub', 'cmake_prefix_path')
[2.829s] INFO:colcon.colcon_core.shell:Creating environment hook '/home/jose/ws/ros2/src/ros2_babysteps/install/cpp_pubsub/share/cpp_pubsub/hook/cmake_prefix_path.ps1'
[2.832s] INFO:colcon.colcon_core.shell:Creating environment descriptor '/home/jose/ws/ros2/src/ros2_babysteps/install/cpp_pubsub/share/cpp_pubsub/hook/cmake_prefix_path.dsv'
[2.834s] INFO:colcon.colcon_core.shell:Creating environment hook '/home/jose/ws/ros2/src/ros2_babysteps/install/cpp_pubsub/share/cpp_pubsub/hook/cmake_prefix_path.sh'
[2.836s] Level 1:colcon.colcon_core.environment:checking '/home/jose/ws/ros2/src/ros2_babysteps/install/cpp_pubsub/lib'
[2.837s] Level 1:colcon.colcon_core.environment:checking '/home/jose/ws/ros2/src/ros2_babysteps/install/cpp_pubsub/bin'
[2.837s] Level 1:colcon.colcon_core.environment:checking '/home/jose/ws/ros2/src/ros2_babysteps/install/cpp_pubsub/lib/pkgconfig/cpp_pubsub.pc'
[2.838s] Level 1:colcon.colcon_core.environment:checking '/home/jose/ws/ros2/src/ros2_babysteps/install/cpp_pubsub/lib/python3.8/site-packages'
[2.839s] Level 1:colcon.colcon_core.environment:checking '/home/jose/ws/ros2/src/ros2_babysteps/install/cpp_pubsub/bin'
[2.846s] INFO:colcon.colcon_core.shell:Creating package script '/home/jose/ws/ros2/src/ros2_babysteps/install/cpp_pubsub/share/cpp_pubsub/package.ps1'
[2.849s] INFO:colcon.colcon_core.shell:Creating package descriptor '/home/jose/ws/ros2/src/ros2_babysteps/install/cpp_pubsub/share/cpp_pubsub/package.dsv'
[2.852s] INFO:colcon.colcon_core.shell:Creating package script '/home/jose/ws/ros2/src/ros2_babysteps/install/cpp_pubsub/share/cpp_pubsub/package.sh'
[2.854s] INFO:colcon.colcon_core.shell:Creating package script '/home/jose/ws/ros2/src/ros2_babysteps/install/cpp_pubsub/share/cpp_pubsub/package.bash'
[2.855s] INFO:colcon.colcon_core.shell:Creating package script '/home/jose/ws/ros2/src/ros2_babysteps/install/cpp_pubsub/share/cpp_pubsub/package.zsh'
[2.857s] Level 1:colcon.colcon_core.environment:create_file_with_runtime_dependencies(/home/jose/ws/ros2/src/ros2_babysteps/install/cpp_pubsub/share/colcon-core/packages/cpp_pubsub)
[2.872s] Level 1:colcon.colcon_core.environment:create_environment_scripts_only(basics)
[2.880s] Level 1:colcon.colcon_core.environment:checking '/home/jose/ws/ros2/src/ros2_babysteps/install/basics' for CMake module files
[2.882s] Level 1:colcon.colcon_core.environment:checking '/home/jose/ws/ros2/src/ros2_babysteps/install/basics' for CMake config files
[2.883s] Level 1:colcon.colcon_core.shell:create_environment_hook('basics', 'cmake_prefix_path')
[2.887s] INFO:colcon.colcon_core.shell:Creating environment hook '/home/jose/ws/ros2/src/ros2_babysteps/install/basics/share/basics/hook/cmake_prefix_path.ps1'
[2.952s] INFO:colcon.colcon_core.shell:Creating environment descriptor '/home/jose/ws/ros2/src/ros2_babysteps/install/basics/share/basics/hook/cmake_prefix_path.dsv'
[2.953s] INFO:colcon.colcon_core.shell:Creating environment hook '/home/jose/ws/ros2/src/ros2_babysteps/install/basics/share/basics/hook/cmake_prefix_path.sh'
[2.955s] Level 1:colcon.colcon_core.environment:checking '/home/jose/ws/ros2/src/ros2_babysteps/install/basics/lib'
[2.955s] Level 1:colcon.colcon_core.environment:checking '/home/jose/ws/ros2/src/ros2_babysteps/install/basics/bin'
[2.956s] Level 1:colcon.colcon_core.environment:checking '/home/jose/ws/ros2/src/ros2_babysteps/install/basics/lib/pkgconfig/basics.pc'
[2.956s] Level 1:colcon.colcon_core.environment:checking '/home/jose/ws/ros2/src/ros2_babysteps/install/basics/lib/python3.8/site-packages'
[2.957s] Level 1:colcon.colcon_core.environment:checking '/home/jose/ws/ros2/src/ros2_babysteps/install/basics/bin'
[2.960s] INFO:colcon.colcon_core.shell:Creating package script '/home/jose/ws/ros2/src/ros2_babysteps/install/basics/share/basics/package.ps1'
[2.962s] INFO:colcon.colcon_core.shell:Creating package descriptor '/home/jose/ws/ros2/src/ros2_babysteps/install/basics/share/basics/package.dsv'
[2.963s] INFO:colcon.colcon_core.shell:Creating package script '/home/jose/ws/ros2/src/ros2_babysteps/install/basics/share/basics/package.sh'
[2.967s] INFO:colcon.colcon_core.shell:Creating package script '/home/jose/ws/ros2/src/ros2_babysteps/install/basics/share/basics/package.bash'
[2.969s] INFO:colcon.colcon_core.shell:Creating package script '/home/jose/ws/ros2/src/ros2_babysteps/install/basics/share/basics/package.zsh'
[2.970s] Level 1:colcon.colcon_core.environment:create_file_with_runtime_dependencies(/home/jose/ws/ros2/src/ros2_babysteps/install/basics/share/colcon-core/packages/basics)
[2.978s] Level 1:colcon.colcon_core.environment:create_environment_scripts_only(my_package)
[2.988s] Level 1:colcon.colcon_core.environment:checking '/home/jose/ws/ros2/src/ros2_babysteps/install/my_package' for CMake module files
[2.990s] Level 1:colcon.colcon_core.environment:checking '/home/jose/ws/ros2/src/ros2_babysteps/install/my_package' for CMake config files
[2.991s] Level 1:colcon.colcon_core.shell:create_environment_hook('my_package', 'cmake_prefix_path')
[3.000s] INFO:colcon.colcon_core.shell:Creating environment hook '/home/jose/ws/ros2/src/ros2_babysteps/install/my_package/share/my_package/hook/cmake_prefix_path.ps1'
[3.003s] INFO:colcon.colcon_core.shell:Creating environment descriptor '/home/jose/ws/ros2/src/ros2_babysteps/install/my_package/share/my_package/hook/cmake_prefix_path.dsv'
[3.005s] INFO:colcon.colcon_core.shell:Creating environment hook '/home/jose/ws/ros2/src/ros2_babysteps/install/my_package/share/my_package/hook/cmake_prefix_path.sh'
[3.008s] Level 1:colcon.colcon_core.environment:checking '/home/jose/ws/ros2/src/ros2_babysteps/install/my_package/lib'
[3.009s] Level 1:colcon.colcon_core.environment:checking '/home/jose/ws/ros2/src/ros2_babysteps/install/my_package/bin'
[3.009s] Level 1:colcon.colcon_core.environment:checking '/home/jose/ws/ros2/src/ros2_babysteps/install/my_package/lib/pkgconfig/my_package.pc'
[3.010s] Level 1:colcon.colcon_core.environment:checking '/home/jose/ws/ros2/src/ros2_babysteps/install/my_package/lib/python3.8/site-packages'
[3.012s] Level 1:colcon.colcon_core.environment:checking '/home/jose/ws/ros2/src/ros2_babysteps/install/my_package/bin'
[3.019s] INFO:colcon.colcon_core.shell:Creating package script '/home/jose/ws/ros2/src/ros2_babysteps/install/my_package/share/my_package/package.ps1'
[3.021s] INFO:colcon.colcon_core.shell:Creating package descriptor '/home/jose/ws/ros2/src/ros2_babysteps/install/my_package/share/my_package/package.dsv'
[3.022s] INFO:colcon.colcon_core.shell:Creating package script '/home/jose/ws/ros2/src/ros2_babysteps/install/my_package/share/my_package/package.sh'
[3.024s] INFO:colcon.colcon_core.shell:Creating package script '/home/jose/ws/ros2/src/ros2_babysteps/install/my_package/share/my_package/package.bash'
[3.025s] INFO:colcon.colcon_core.shell:Creating package script '/home/jose/ws/ros2/src/ros2_babysteps/install/my_package/share/my_package/package.zsh'
[3.027s] Level 1:colcon.colcon_core.environment:create_file_with_runtime_dependencies(/home/jose/ws/ros2/src/ros2_babysteps/install/my_package/share/colcon-core/packages/my_package)
[3.035s] Level 1:colcon.colcon_core.environment:create_environment_scripts_only(cpp_pubsub)
[3.042s] Level 1:colcon.colcon_core.environment:checking '/home/jose/ws/ros2/src/ros2_babysteps/install/cpp_pubsub' for CMake module files
[3.046s] Level 1:colcon.colcon_core.environment:checking '/home/jose/ws/ros2/src/ros2_babysteps/install/cpp_pubsub' for CMake config files
[3.047s] Level 1:colcon.colcon_core.shell:create_environment_hook('cpp_pubsub', 'cmake_prefix_path')
[3.054s] INFO:colcon.colcon_core.shell:Creating environment hook '/home/jose/ws/ros2/src/ros2_babysteps/install/cpp_pubsub/share/cpp_pubsub/hook/cmake_prefix_path.ps1'
[3.056s] INFO:colcon.colcon_core.shell:Creating environment descriptor '/home/jose/ws/ros2/src/ros2_babysteps/install/cpp_pubsub/share/cpp_pubsub/hook/cmake_prefix_path.dsv'
[3.058s] INFO:colcon.colcon_core.shell:Creating environment hook '/home/jose/ws/ros2/src/ros2_babysteps/install/cpp_pubsub/share/cpp_pubsub/hook/cmake_prefix_path.sh'
[3.060s] Level 1:colcon.colcon_core.environment:checking '/home/jose/ws/ros2/src/ros2_babysteps/install/cpp_pubsub/lib'
[3.061s] Level 1:colcon.colcon_core.environment:checking '/home/jose/ws/ros2/src/ros2_babysteps/install/cpp_pubsub/bin'
[3.061s] Level 1:colcon.colcon_core.environment:checking '/home/jose/ws/ros2/src/ros2_babysteps/install/cpp_pubsub/lib/pkgconfig/cpp_pubsub.pc'
[3.062s] Level 1:colcon.colcon_core.environment:checking '/home/jose/ws/ros2/src/ros2_babysteps/install/cpp_pubsub/lib/python3.8/site-packages'
[3.062s] Level 1:colcon.colcon_core.environment:checking '/home/jose/ws/ros2/src/ros2_babysteps/install/cpp_pubsub/bin'
[3.068s] INFO:colcon.colcon_core.shell:Creating package script '/home/jose/ws/ros2/src/ros2_babysteps/install/cpp_pubsub/share/cpp_pubsub/package.ps1'
[3.070s] INFO:colcon.colcon_core.shell:Creating package descriptor '/home/jose/ws/ros2/src/ros2_babysteps/install/cpp_pubsub/share/cpp_pubsub/package.dsv'
[3.071s] INFO:colcon.colcon_core.shell:Creating package script '/home/jose/ws/ros2/src/ros2_babysteps/install/cpp_pubsub/share/cpp_pubsub/package.sh'
[3.073s] INFO:colcon.colcon_core.shell:Creating package script '/home/jose/ws/ros2/src/ros2_babysteps/install/cpp_pubsub/share/cpp_pubsub/package.bash'
[3.074s] INFO:colcon.colcon_core.shell:Creating package script '/home/jose/ws/ros2/src/ros2_babysteps/install/cpp_pubsub/share/cpp_pubsub/package.zsh'
[3.075s] Level 1:colcon.colcon_core.environment:create_file_with_runtime_dependencies(/home/jose/ws/ros2/src/ros2_babysteps/install/cpp_pubsub/share/colcon-core/packages/cpp_pubsub)
[13.018s] DEBUG:colcon.colcon_core.event_handler.log_command:Invoked command in '/home/jose/ws/ros2/src/ros2_babysteps/build/br2_basics' returned '0': CMAKE_PREFIX_PATH=${CMAKE_PREFIX_PATH}:/opt/ros/foxy /usr/bin/cmake --build /home/jose/ws/ros2/src/ros2_babysteps/build/br2_basics -- -j8 -l8
[13.077s] DEBUG:colcon.colcon_core.event_handler.log_command:Invoking command in '/home/jose/ws/ros2/src/ros2_babysteps/build/br2_basics': CMAKE_PREFIX_PATH=${CMAKE_PREFIX_PATH}:/opt/ros/foxy /usr/bin/cmake --install /home/jose/ws/ros2/src/ros2_babysteps/build/br2_basics
[13.121s] Level 1:colcon.colcon_core.environment:create_environment_scripts_only(br2_basics)
[13.133s] DEBUG:colcon.colcon_core.event_handler.log_command:Invoked command in '/home/jose/ws/ros2/src/ros2_babysteps/build/br2_basics' returned '0': CMAKE_PREFIX_PATH=${CMAKE_PREFIX_PATH}:/opt/ros/foxy /usr/bin/cmake --install /home/jose/ws/ros2/src/ros2_babysteps/build/br2_basics
[13.137s] Level 1:colcon.colcon_core.environment:checking '/home/jose/ws/ros2/src/ros2_babysteps/install/br2_basics' for CMake module files
[13.139s] Level 1:colcon.colcon_core.environment:checking '/home/jose/ws/ros2/src/ros2_babysteps/install/br2_basics' for CMake config files
[13.140s] Level 1:colcon.colcon_core.shell:create_environment_hook('br2_basics', 'cmake_prefix_path')
[13.157s] INFO:colcon.colcon_core.shell:Creating environment hook '/home/jose/ws/ros2/src/ros2_babysteps/install/br2_basics/share/br2_basics/hook/cmake_prefix_path.ps1'
[13.160s] INFO:colcon.colcon_core.shell:Creating environment descriptor '/home/jose/ws/ros2/src/ros2_babysteps/install/br2_basics/share/br2_basics/hook/cmake_prefix_path.dsv'
[13.162s] INFO:colcon.colcon_core.shell:Creating environment hook '/home/jose/ws/ros2/src/ros2_babysteps/install/br2_basics/share/br2_basics/hook/cmake_prefix_path.sh'
[13.165s] Level 1:colcon.colcon_core.environment:checking '/home/jose/ws/ros2/src/ros2_babysteps/install/br2_basics/lib'
[13.166s] Level 1:colcon.colcon_core.environment:checking '/home/jose/ws/ros2/src/ros2_babysteps/install/br2_basics/bin'
[13.166s] Level 1:colcon.colcon_core.environment:checking '/home/jose/ws/ros2/src/ros2_babysteps/install/br2_basics/lib/pkgconfig/br2_basics.pc'
[13.167s] Level 1:colcon.colcon_core.environment:checking '/home/jose/ws/ros2/src/ros2_babysteps/install/br2_basics/lib/python3.8/site-packages'
[13.168s] Level 1:colcon.colcon_core.environment:checking '/home/jose/ws/ros2/src/ros2_babysteps/install/br2_basics/bin'
[13.186s] INFO:colcon.colcon_core.shell:Creating package script '/home/jose/ws/ros2/src/ros2_babysteps/install/br2_basics/share/br2_basics/package.ps1'
[13.189s] INFO:colcon.colcon_core.shell:Creating package descriptor '/home/jose/ws/ros2/src/ros2_babysteps/install/br2_basics/share/br2_basics/package.dsv'
[13.199s] INFO:colcon.colcon_core.shell:Creating package script '/home/jose/ws/ros2/src/ros2_babysteps/install/br2_basics/share/br2_basics/package.sh'
[13.205s] INFO:colcon.colcon_core.shell:Creating package script '/home/jose/ws/ros2/src/ros2_babysteps/install/br2_basics/share/br2_basics/package.bash'
[13.207s] INFO:colcon.colcon_core.shell:Creating package script '/home/jose/ws/ros2/src/ros2_babysteps/install/br2_basics/share/br2_basics/package.zsh'
[13.208s] Level 1:colcon.colcon_core.environment:create_file_with_runtime_dependencies(/home/jose/ws/ros2/src/ros2_babysteps/install/br2_basics/share/colcon-core/packages/br2_basics)
[13.328s] Level 1:colcon.colcon_core.environment:create_environment_scripts_only(br2_basics)
[13.351s] Level 1:colcon.colcon_core.environment:checking '/home/jose/ws/ros2/src/ros2_babysteps/install/br2_basics' for CMake module files
[13.353s] Level 1:colcon.colcon_core.environment:checking '/home/jose/ws/ros2/src/ros2_babysteps/install/br2_basics' for CMake config files
[13.354s] Level 1:colcon.colcon_core.shell:create_environment_hook('br2_basics', 'cmake_prefix_path')
[13.381s] INFO:colcon.colcon_core.shell:Creating environment hook '/home/jose/ws/ros2/src/ros2_babysteps/install/br2_basics/share/br2_basics/hook/cmake_prefix_path.ps1'
[13.385s] INFO:colcon.colcon_core.shell:Creating environment descriptor '/home/jose/ws/ros2/src/ros2_babysteps/install/br2_basics/share/br2_basics/hook/cmake_prefix_path.dsv'
[13.395s] INFO:colcon.colcon_core.shell:Creating environment hook '/home/jose/ws/ros2/src/ros2_babysteps/install/br2_basics/share/br2_basics/hook/cmake_prefix_path.sh'
[13.400s] Level 1:colcon.colcon_core.environment:checking '/home/jose/ws/ros2/src/ros2_babysteps/install/br2_basics/lib'
[13.402s] Level 1:colcon.colcon_core.environment:checking '/home/jose/ws/ros2/src/ros2_babysteps/install/br2_basics/bin'
[13.403s] Level 1:colcon.colcon_core.environment:checking '/home/jose/ws/ros2/src/ros2_babysteps/install/br2_basics/lib/pkgconfig/br2_basics.pc'
[13.404s] Level 1:colcon.colcon_core.environment:checking '/home/jose/ws/ros2/src/ros2_babysteps/install/br2_basics/lib/python3.8/site-packages'
[13.405s] Level 1:colcon.colcon_core.environment:checking '/home/jose/ws/ros2/src/ros2_babysteps/install/br2_basics/bin'
[13.420s] INFO:colcon.colcon_core.shell:Creating package script '/home/jose/ws/ros2/src/ros2_babysteps/install/br2_basics/share/br2_basics/package.ps1'
[13.422s] INFO:colcon.colcon_core.shell:Creating package descriptor '/home/jose/ws/ros2/src/ros2_babysteps/install/br2_basics/share/br2_basics/package.dsv'
[13.424s] INFO:colcon.colcon_core.shell:Creating package script '/home/jose/ws/ros2/src/ros2_babysteps/install/br2_basics/share/br2_basics/package.sh'
[13.426s] INFO:colcon.colcon_core.shell:Creating package script '/home/jose/ws/ros2/src/ros2_babysteps/install/br2_basics/share/br2_basics/package.bash'
[13.429s] INFO:colcon.colcon_core.shell:Creating package script '/home/jose/ws/ros2/src/ros2_babysteps/install/br2_basics/share/br2_basics/package.zsh'
[13.436s] Level 1:colcon.colcon_core.environment:create_file_with_runtime_dependencies(/home/jose/ws/ros2/src/ros2_babysteps/install/br2_basics/share/colcon-core/packages/br2_basics)
[13.439s] DEBUG:colcon.colcon_parallel_executor.executor.parallel:closing loop
[13.442s] DEBUG:colcon.colcon_parallel_executor.executor.parallel:loop closed
[13.442s] DEBUG:colcon.colcon_parallel_executor.executor.parallel:run_until_complete finished with '0'
[13.443s] DEBUG:colcon.colcon_core.event_reactor:joining thread
[13.790s] INFO:colcon.colcon_core.plugin_system:Skipping extension 'colcon_notification.desktop_notification.notify_send': Could not find 'notify-send'
[13.790s] INFO:colcon.colcon_core.plugin_system:Skipping extension 'colcon_notification.desktop_notification.terminal_notifier': Not used on non-Darwin systems
[13.790s] INFO:colcon.colcon_core.plugin_system:Skipping extension 'colcon_notification.desktop_notification.win32': Not used on non-Windows systems
[13.791s] INFO:colcon.colcon_notification.desktop_notification:Sending desktop notification using 'notify2'
[13.801s] DEBUG:colcon.colcon_notification.desktop_notification.notify2:Failed to initialize notify2: org.freedesktop.DBus.Error.ServiceUnknown: The name org.freedesktop.Notifications was not provided by any .service files
[13.802s] DEBUG:colcon.colcon_core.event_reactor:joined thread
[13.806s] INFO:colcon.colcon_core.shell:Creating prefix script '/home/jose/ws/ros2/src/ros2_babysteps/install/local_setup.ps1'
[13.809s] INFO:colcon.colcon_core.shell:Creating prefix util module '/home/jose/ws/ros2/src/ros2_babysteps/install/_local_setup_util_ps1.py'
[13.812s] INFO:colcon.colcon_core.shell:Creating prefix chain script '/home/jose/ws/ros2/src/ros2_babysteps/install/setup.ps1'
[13.817s] INFO:colcon.colcon_core.shell:Creating prefix script '/home/jose/ws/ros2/src/ros2_babysteps/install/local_setup.sh'
[13.819s] INFO:colcon.colcon_core.shell:Creating prefix util module '/home/jose/ws/ros2/src/ros2_babysteps/install/_local_setup_util_sh.py'
[13.821s] INFO:colcon.colcon_core.shell:Creating prefix chain script '/home/jose/ws/ros2/src/ros2_babysteps/install/setup.sh'
[13.826s] INFO:colcon.colcon_core.shell:Creating prefix script '/home/jose/ws/ros2/src/ros2_babysteps/install/local_setup.bash'
[13.827s] INFO:colcon.colcon_core.shell:Creating prefix chain script '/home/jose/ws/ros2/src/ros2_babysteps/install/setup.bash'
[13.832s] INFO:colcon.colcon_core.shell:Creating prefix script '/home/jose/ws/ros2/src/ros2_babysteps/install/local_setup.zsh'
[13.834s] INFO:colcon.colcon_core.shell:Creating prefix chain script '/home/jose/ws/ros2/src/ros2_babysteps/install/setup.zsh'
