[35m[1mScanning dependencies of target logger[0m
[ 50%] [32mBuilding CXX object CMakeFiles/logger.dir/src/logger.cpp.o[0m
[100%] [32m[1mLinking CXX executable logger[0m
[100%] Built target logger
-- Install configuration: ""
-- Installing: /home/jose/ws/ros2/src/ros2_babysteps/install/br2_basics/lib/br2_basics/logger
-- Set runtime path of "/home/jose/ws/ros2/src/ros2_babysteps/install/br2_basics/lib/br2_basics/logger" to ""
-- Up-to-date: /home/jose/ws/ros2/src/ros2_babysteps/install/br2_basics/share/ament_index/resource_index/package_run_dependencies/br2_basics
-- Up-to-date: /home/jose/ws/ros2/src/ros2_babysteps/install/br2_basics/share/ament_index/resource_index/parent_prefix_path/br2_basics
-- Up-to-date: /home/jose/ws/ros2/src/ros2_babysteps/install/br2_basics/share/br2_basics/environment/ament_prefix_path.sh
-- Up-to-date: /home/jose/ws/ros2/src/ros2_babysteps/install/br2_basics/share/br2_basics/environment/ament_prefix_path.dsv
-- Up-to-date: /home/jose/ws/ros2/src/ros2_babysteps/install/br2_basics/share/br2_basics/environment/path.sh
-- Up-to-date: /home/jose/ws/ros2/src/ros2_babysteps/install/br2_basics/share/br2_basics/environment/path.dsv
-- Up-to-date: /home/jose/ws/ros2/src/ros2_babysteps/install/br2_basics/share/br2_basics/local_setup.bash
-- Up-to-date: /home/jose/ws/ros2/src/ros2_babysteps/install/br2_basics/share/br2_basics/local_setup.sh
-- Up-to-date: /home/jose/ws/ros2/src/ros2_babysteps/install/br2_basics/share/br2_basics/local_setup.zsh
-- Up-to-date: /home/jose/ws/ros2/src/ros2_babysteps/install/br2_basics/share/br2_basics/local_setup.dsv
-- Installing: /home/jose/ws/ros2/src/ros2_babysteps/install/br2_basics/share/br2_basics/package.dsv
-- Up-to-date: /home/jose/ws/ros2/src/ros2_babysteps/install/br2_basics/share/ament_index/resource_index/packages/br2_basics
-- Up-to-date: /home/jose/ws/ros2/src/ros2_babysteps/install/br2_basics/share/br2_basics/cmake/br2_basicsConfig.cmake
-- Up-to-date: /home/jose/ws/ros2/src/ros2_babysteps/install/br2_basics/share/br2_basics/cmake/br2_basicsConfig-version.cmake
-- Up-to-date: /home/jose/ws/ros2/src/ros2_babysteps/install/br2_basics/share/br2_basics/package.xml
