[0.153s] Invoking command in '/home/jose/ws/ros2/src/ros2_babysteps/build/br2_basics': CMAKE_PREFIX_PATH=${CMAKE_PREFIX_PATH}:/opt/ros/foxy /usr/bin/cmake --build /home/jose/ws/ros2/src/ros2_babysteps/build/br2_basics -- -j8 -l8
[0.275s] [35m[1mScanning dependencies of target logger[0m
[0.364s] [ 50%] [32mBuilding CXX object CMakeFiles/logger.dir/src/logger.cpp.o[0m
[9.781s] [100%] [32m[1mLinking CXX executable logger[0m
[10.823s] [100%] Built target logger
[10.848s] Invoked command in '/home/jose/ws/ros2/src/ros2_babysteps/build/br2_basics' returned '0': CMAKE_PREFIX_PATH=${CMAKE_PREFIX_PATH}:/opt/ros/foxy /usr/bin/cmake --build /home/jose/ws/ros2/src/ros2_babysteps/build/br2_basics -- -j8 -l8
[10.913s] Invoking command in '/home/jose/ws/ros2/src/ros2_babysteps/build/br2_basics': CMAKE_PREFIX_PATH=${CMAKE_PREFIX_PATH}:/opt/ros/foxy /usr/bin/cmake --install /home/jose/ws/ros2/src/ros2_babysteps/build/br2_basics
[10.936s] -- Install configuration: ""
[10.937s] -- Installing: /home/jose/ws/ros2/src/ros2_babysteps/install/br2_basics/lib/br2_basics/logger
[10.938s] -- Set runtime path of "/home/jose/ws/ros2/src/ros2_babysteps/install/br2_basics/lib/br2_basics/logger" to ""
[10.939s] -- Up-to-date: /home/jose/ws/ros2/src/ros2_babysteps/install/br2_basics/share/ament_index/resource_index/package_run_dependencies/br2_basics
[10.940s] -- Up-to-date: /home/jose/ws/ros2/src/ros2_babysteps/install/br2_basics/share/ament_index/resource_index/parent_prefix_path/br2_basics
[10.941s] -- Up-to-date: /home/jose/ws/ros2/src/ros2_babysteps/install/br2_basics/share/br2_basics/environment/ament_prefix_path.sh
[10.941s] -- Up-to-date: /home/jose/ws/ros2/src/ros2_babysteps/install/br2_basics/share/br2_basics/environment/ament_prefix_path.dsv
[10.942s] -- Up-to-date: /home/jose/ws/ros2/src/ros2_babysteps/install/br2_basics/share/br2_basics/environment/path.sh
[10.942s] -- Up-to-date: /home/jose/ws/ros2/src/ros2_babysteps/install/br2_basics/share/br2_basics/environment/path.dsv
[10.942s] -- Up-to-date: /home/jose/ws/ros2/src/ros2_babysteps/install/br2_basics/share/br2_basics/local_setup.bash
[10.943s] -- Up-to-date: /home/jose/ws/ros2/src/ros2_babysteps/install/br2_basics/share/br2_basics/local_setup.sh
[10.943s] -- Up-to-date: /home/jose/ws/ros2/src/ros2_babysteps/install/br2_basics/share/br2_basics/local_setup.zsh
[10.944s] -- Up-to-date: /home/jose/ws/ros2/src/ros2_babysteps/install/br2_basics/share/br2_basics/local_setup.dsv
[10.944s] -- Installing: /home/jose/ws/ros2/src/ros2_babysteps/install/br2_basics/share/br2_basics/package.dsv
[10.944s] -- Up-to-date: /home/jose/ws/ros2/src/ros2_babysteps/install/br2_basics/share/ament_index/resource_index/packages/br2_basics
[10.946s] -- Up-to-date: /home/jose/ws/ros2/src/ros2_babysteps/install/br2_basics/share/br2_basics/cmake/br2_basicsConfig.cmake
[10.946s] -- Up-to-date: /home/jose/ws/ros2/src/ros2_babysteps/install/br2_basics/share/br2_basics/cmake/br2_basicsConfig-version.cmake
[10.947s] -- Up-to-date: /home/jose/ws/ros2/src/ros2_babysteps/install/br2_basics/share/br2_basics/package.xml
[10.964s] Invoked command in '/home/jose/ws/ros2/src/ros2_babysteps/build/br2_basics' returned '0': CMAKE_PREFIX_PATH=${CMAKE_PREFIX_PATH}:/opt/ros/foxy /usr/bin/cmake --install /home/jose/ws/ros2/src/ros2_babysteps/build/br2_basics
